[0.046s] Invoking command in '/home/just-vitou/turtlebot3_workspace/build/dynamixel_sdk': CMAKE_PREFIX_PATH=${CMAKE_PREFIX_PATH}:/home/just-vitou/ros2_ws/install/turtlebot_prac:/home/just-vitou/ros2_ws/install/my_robot_controller:/home/just-vitou/turtlebot3_ws/install/turtlebot3_teleop:/home/just-vitou/turtlebot3_ws/install/turtlebot3_example:/home/just-vitou/turtlebot3_ws/install/potential_field:/opt/ros/humble /usr/bin/cmake /home/just-vitou/turtlebot3_workspace/src/DynamixelSDK/ros/dynamixel_sdk -DAMENT_CMAKE_SYMLINK_INSTALL=1 -DCMAKE_INSTALL_PREFIX=/home/just-vitou/turtlebot3_workspace/install/dynamixel_sdk
[0.352s] -- The C compiler identification is GNU 11.4.0
[0.578s] -- The CXX compiler identification is GNU 11.4.0
[0.599s] -- Detecting C compiler ABI info
[0.782s] -- Detecting C compiler ABI info - done
[0.805s] -- Check for working C compiler: /usr/bin/cc - skipped
[0.805s] -- Detecting C compile features
[0.809s] -- Detecting C compile features - done
[0.813s] -- Detecting CXX compiler ABI info
[1.019s] -- Detecting CXX compiler ABI info - done
[1.042s] -- Check for working CXX compiler: /usr/bin/c++ - skipped
[1.043s] -- Detecting CXX compile features
[1.044s] -- Detecting CXX compile features - done
[1.056s] -- Found ament_cmake: 1.3.11 (/opt/ros/humble/share/ament_cmake/cmake)
[1.530s] -- Found Python3: /usr/bin/python3 (found version "3.10.12") found components: Interpreter 
[1.753s] -- Override CMake install command with custom implementation using symlinks instead of copying resources
[2.336s] -- Configuring done
[2.355s] -- Generating done
[2.360s] -- Build files have been written to: /home/just-vitou/turtlebot3_workspace/build/dynamixel_sdk
[2.371s] Invoked command in '/home/just-vitou/turtlebot3_workspace/build/dynamixel_sdk' returned '0': CMAKE_PREFIX_PATH=${CMAKE_PREFIX_PATH}:/home/just-vitou/ros2_ws/install/turtlebot_prac:/home/just-vitou/ros2_ws/install/my_robot_controller:/home/just-vitou/turtlebot3_ws/install/turtlebot3_teleop:/home/just-vitou/turtlebot3_ws/install/turtlebot3_example:/home/just-vitou/turtlebot3_ws/install/potential_field:/opt/ros/humble /usr/bin/cmake /home/just-vitou/turtlebot3_workspace/src/DynamixelSDK/ros/dynamixel_sdk -DAMENT_CMAKE_SYMLINK_INSTALL=1 -DCMAKE_INSTALL_PREFIX=/home/just-vitou/turtlebot3_workspace/install/dynamixel_sdk
[2.372s] Invoking command in '/home/just-vitou/turtlebot3_workspace/build/dynamixel_sdk': CMAKE_PREFIX_PATH=${CMAKE_PREFIX_PATH}:/home/just-vitou/ros2_ws/install/turtlebot_prac:/home/just-vitou/ros2_ws/install/my_robot_controller:/home/just-vitou/turtlebot3_ws/install/turtlebot3_teleop:/home/just-vitou/turtlebot3_ws/install/turtlebot3_example:/home/just-vitou/turtlebot3_ws/install/potential_field:/opt/ros/humble /usr/bin/cmake --build /home/just-vitou/turtlebot3_workspace/build/dynamixel_sdk -- -j4 -l4
[2.520s] [  7%] [32mBuilding CXX object CMakeFiles/dynamixel_sdk.dir/src/dynamixel_sdk/packet_handler.cpp.o[0m
[2.529s] [ 15%] [32mBuilding CXX object CMakeFiles/dynamixel_sdk.dir/src/dynamixel_sdk/protocol1_packet_handler.cpp.o[0m
[2.532s] [ 15%] Built target ament_cmake_python_symlink_dynamixel_sdk
[2.538s] [ 23%] [32mBuilding CXX object CMakeFiles/dynamixel_sdk.dir/src/dynamixel_sdk/protocol2_packet_handler.cpp.o[0m
[2.593s] [ 30%] [32mBuilding CXX object CMakeFiles/dynamixel_sdk.dir/src/dynamixel_sdk/group_sync_read.cpp.o[0m
[3.099s] [ 38%] [32mBuilding CXX object CMakeFiles/dynamixel_sdk.dir/src/dynamixel_sdk/group_sync_write.cpp.o[0m
[3.428s] [ 46%] [32mBuilding CXX object CMakeFiles/dynamixel_sdk.dir/src/dynamixel_sdk/group_bulk_read.cpp.o[0m
[4.719s] running egg_info
[4.726s] creating dynamixel_sdk.egg-info
[4.742s] writing dynamixel_sdk.egg-info/PKG-INFO
[4.742s] writing dependency_links to dynamixel_sdk.egg-info/dependency_links.txt
[4.746s] writing top-level names to dynamixel_sdk.egg-info/top_level.txt
[4.746s] writing manifest file 'dynamixel_sdk.egg-info/SOURCES.txt'
[4.765s] reading manifest file 'dynamixel_sdk.egg-info/SOURCES.txt'
[4.770s] writing manifest file 'dynamixel_sdk.egg-info/SOURCES.txt'
[4.936s] [ 53%] [32mBuilding CXX object CMakeFiles/dynamixel_sdk.dir/src/dynamixel_sdk/group_bulk_write.cpp.o[0m
[4.942s] [ 53%] Built target ament_cmake_python_build_dynamixel_sdk_egg
[4.987s] [ 61%] [32mBuilding CXX object CMakeFiles/dynamixel_sdk.dir/src/dynamixel_sdk/group_fast_bulk_read.cpp.o[0m
[4.992s] [ 69%] [32mBuilding CXX object CMakeFiles/dynamixel_sdk.dir/src/dynamixel_sdk/group_fast_sync_read.cpp.o[0m
[5.608s] [ 76%] [32mBuilding CXX object CMakeFiles/dynamixel_sdk.dir/src/dynamixel_sdk/group_handler.cpp.o[0m
[6.255s] [ 84%] [32mBuilding CXX object CMakeFiles/dynamixel_sdk.dir/src/dynamixel_sdk/port_handler.cpp.o[0m
[6.310s] [ 92%] [32mBuilding CXX object CMakeFiles/dynamixel_sdk.dir/src/dynamixel_sdk/port_handler_linux.cpp.o[0m
[7.335s] [100%] [32m[1mLinking CXX shared library libdynamixel_sdk.so[0m
[7.626s] [100%] Built target dynamixel_sdk
[7.677s] Invoked command in '/home/just-vitou/turtlebot3_workspace/build/dynamixel_sdk' returned '0': CMAKE_PREFIX_PATH=${CMAKE_PREFIX_PATH}:/home/just-vitou/ros2_ws/install/turtlebot_prac:/home/just-vitou/ros2_ws/install/my_robot_controller:/home/just-vitou/turtlebot3_ws/install/turtlebot3_teleop:/home/just-vitou/turtlebot3_ws/install/turtlebot3_example:/home/just-vitou/turtlebot3_ws/install/potential_field:/opt/ros/humble /usr/bin/cmake --build /home/just-vitou/turtlebot3_workspace/build/dynamixel_sdk -- -j4 -l4
[7.678s] Invoking command in '/home/just-vitou/turtlebot3_workspace/build/dynamixel_sdk': CMAKE_PREFIX_PATH=${CMAKE_PREFIX_PATH}:/home/just-vitou/ros2_ws/install/turtlebot_prac:/home/just-vitou/ros2_ws/install/my_robot_controller:/home/just-vitou/turtlebot3_ws/install/turtlebot3_teleop:/home/just-vitou/turtlebot3_ws/install/turtlebot3_example:/home/just-vitou/turtlebot3_ws/install/potential_field:/opt/ros/humble /usr/bin/cmake --install /home/just-vitou/turtlebot3_workspace/build/dynamixel_sdk
[7.706s] -- Install configuration: ""
[7.713s] -- Execute custom install script
[7.715s] -- Symlinking: /home/just-vitou/turtlebot3_workspace/install/dynamixel_sdk/include//dynamixel_sdk/dynamixel_sdk.h
[7.736s] -- Symlinking: /home/just-vitou/turtlebot3_workspace/install/dynamixel_sdk/include//dynamixel_sdk/group_bulk_read.h
[7.757s] -- Symlinking: /home/just-vitou/turtlebot3_workspace/install/dynamixel_sdk/include//dynamixel_sdk/group_bulk_write.h
[7.788s] -- Symlinking: /home/just-vitou/turtlebot3_workspace/install/dynamixel_sdk/include//dynamixel_sdk/group_fast_bulk_read.h
[7.827s] -- Symlinking: /home/just-vitou/turtlebot3_workspace/install/dynamixel_sdk/include//dynamixel_sdk/group_fast_sync_read.h
[7.867s] -- Symlinking: /home/just-vitou/turtlebot3_workspace/install/dynamixel_sdk/include//dynamixel_sdk/group_handler.h
[7.918s] -- Symlinking: /home/just-vitou/turtlebot3_workspace/install/dynamixel_sdk/include//dynamixel_sdk/group_sync_read.h
[7.962s] -- Symlinking: /home/just-vitou/turtlebot3_workspace/install/dynamixel_sdk/include//dynamixel_sdk/group_sync_write.h
[7.997s] -- Symlinking: /home/just-vitou/turtlebot3_workspace/install/dynamixel_sdk/include//dynamixel_sdk/packet_handler.h
[8.026s] -- Symlinking: /home/just-vitou/turtlebot3_workspace/install/dynamixel_sdk/include//dynamixel_sdk/port_handler.h
[8.045s] -- Symlinking: /home/just-vitou/turtlebot3_workspace/install/dynamixel_sdk/include//dynamixel_sdk/port_handler_arduino.h
[8.088s] -- Symlinking: /home/just-vitou/turtlebot3_workspace/install/dynamixel_sdk/include//dynamixel_sdk/port_handler_linux.h
[8.128s] -- Symlinking: /home/just-vitou/turtlebot3_workspace/install/dynamixel_sdk/include//dynamixel_sdk/port_handler_mac.h
[8.176s] -- Symlinking: /home/just-vitou/turtlebot3_workspace/install/dynamixel_sdk/include//dynamixel_sdk/port_handler_windows.h
[8.219s] -- Symlinking: /home/just-vitou/turtlebot3_workspace/install/dynamixel_sdk/include//dynamixel_sdk/protocol1_packet_handler.h
[8.265s] -- Symlinking: /home/just-vitou/turtlebot3_workspace/install/dynamixel_sdk/include//dynamixel_sdk/protocol2_packet_handler.h
[8.289s] -- Symlinking: /home/just-vitou/turtlebot3_workspace/install/dynamixel_sdk/share/dynamixel_sdk/environment/pythonpath.sh
[8.321s] -- Symlinking: /home/just-vitou/turtlebot3_workspace/install/dynamixel_sdk/share/dynamixel_sdk/environment/pythonpath.dsv
[8.369s] -- Symlinking: /home/just-vitou/turtlebot3_workspace/install/dynamixel_sdk/local/lib/python3.10/dist-packages/dynamixel_sdk-3.8.4-py3.10.egg-info/PKG-INFO
[8.399s] -- Symlinking: /home/just-vitou/turtlebot3_workspace/install/dynamixel_sdk/local/lib/python3.10/dist-packages/dynamixel_sdk-3.8.4-py3.10.egg-info/SOURCES.txt
[8.420s] -- Symlinking: /home/just-vitou/turtlebot3_workspace/install/dynamixel_sdk/local/lib/python3.10/dist-packages/dynamixel_sdk-3.8.4-py3.10.egg-info/dependency_links.txt
[8.443s] -- Symlinking: /home/just-vitou/turtlebot3_workspace/install/dynamixel_sdk/local/lib/python3.10/dist-packages/dynamixel_sdk-3.8.4-py3.10.egg-info/top_level.txt
[8.465s] -- Symlinking: /home/just-vitou/turtlebot3_workspace/install/dynamixel_sdk/local/lib/python3.10/dist-packages/dynamixel_sdk/__init__.py
[8.486s] -- Symlinking: /home/just-vitou/turtlebot3_workspace/install/dynamixel_sdk/local/lib/python3.10/dist-packages/dynamixel_sdk/group_bulk_read.cpp
[8.511s] -- Symlinking: /home/just-vitou/turtlebot3_workspace/install/dynamixel_sdk/local/lib/python3.10/dist-packages/dynamixel_sdk/group_bulk_read.py
[8.550s] -- Symlinking: /home/just-vitou/turtlebot3_workspace/install/dynamixel_sdk/local/lib/python3.10/dist-packages/dynamixel_sdk/group_bulk_write.cpp
[8.593s] -- Symlinking: /home/just-vitou/turtlebot3_workspace/install/dynamixel_sdk/local/lib/python3.10/dist-packages/dynamixel_sdk/group_bulk_write.py
[8.631s] -- Symlinking: /home/just-vitou/turtlebot3_workspace/install/dynamixel_sdk/local/lib/python3.10/dist-packages/dynamixel_sdk/group_fast_bulk_read.cpp
[8.655s] -- Symlinking: /home/just-vitou/turtlebot3_workspace/install/dynamixel_sdk/local/lib/python3.10/dist-packages/dynamixel_sdk/group_fast_sync_read.cpp
[8.685s] -- Symlinking: /home/just-vitou/turtlebot3_workspace/install/dynamixel_sdk/local/lib/python3.10/dist-packages/dynamixel_sdk/group_handler.cpp
[8.730s] -- Symlinking: /home/just-vitou/turtlebot3_workspace/install/dynamixel_sdk/local/lib/python3.10/dist-packages/dynamixel_sdk/group_sync_read.cpp
[8.773s] -- Symlinking: /home/just-vitou/turtlebot3_workspace/install/dynamixel_sdk/local/lib/python3.10/dist-packages/dynamixel_sdk/group_sync_read.py
[8.795s] -- Symlinking: /home/just-vitou/turtlebot3_workspace/install/dynamixel_sdk/local/lib/python3.10/dist-packages/dynamixel_sdk/group_sync_write.cpp
[8.828s] -- Symlinking: /home/just-vitou/turtlebot3_workspace/install/dynamixel_sdk/local/lib/python3.10/dist-packages/dynamixel_sdk/group_sync_write.py
[8.854s] -- Symlinking: /home/just-vitou/turtlebot3_workspace/install/dynamixel_sdk/local/lib/python3.10/dist-packages/dynamixel_sdk/packet_handler.cpp
[8.910s] -- Symlinking: /home/just-vitou/turtlebot3_workspace/install/dynamixel_sdk/local/lib/python3.10/dist-packages/dynamixel_sdk/packet_handler.py
[8.969s] -- Symlinking: /home/just-vitou/turtlebot3_workspace/install/dynamixel_sdk/local/lib/python3.10/dist-packages/dynamixel_sdk/port_handler.cpp
[9.037s] -- Symlinking: /home/just-vitou/turtlebot3_workspace/install/dynamixel_sdk/local/lib/python3.10/dist-packages/dynamixel_sdk/port_handler.py
[9.111s] -- Symlinking: /home/just-vitou/turtlebot3_workspace/install/dynamixel_sdk/local/lib/python3.10/dist-packages/dynamixel_sdk/port_handler_arduino.cpp
[9.167s] -- Symlinking: /home/just-vitou/turtlebot3_workspace/install/dynamixel_sdk/local/lib/python3.10/dist-packages/dynamixel_sdk/port_handler_linux.cpp
[9.221s] -- Symlinking: /home/just-vitou/turtlebot3_workspace/install/dynamixel_sdk/local/lib/python3.10/dist-packages/dynamixel_sdk/port_handler_mac.cpp
[9.287s] -- Symlinking: /home/just-vitou/turtlebot3_workspace/install/dynamixel_sdk/local/lib/python3.10/dist-packages/dynamixel_sdk/port_handler_windows.cpp
[9.360s] -- Symlinking: /home/just-vitou/turtlebot3_workspace/install/dynamixel_sdk/local/lib/python3.10/dist-packages/dynamixel_sdk/protocol1_packet_handler.cpp
[9.420s] -- Symlinking: /home/just-vitou/turtlebot3_workspace/install/dynamixel_sdk/local/lib/python3.10/dist-packages/dynamixel_sdk/protocol1_packet_handler.py
[9.477s] -- Symlinking: /home/just-vitou/turtlebot3_workspace/install/dynamixel_sdk/local/lib/python3.10/dist-packages/dynamixel_sdk/protocol2_packet_handler.cpp
[9.521s] -- Symlinking: /home/just-vitou/turtlebot3_workspace/install/dynamixel_sdk/local/lib/python3.10/dist-packages/dynamixel_sdk/protocol2_packet_handler.py
[9.572s] -- Symlinking: /home/just-vitou/turtlebot3_workspace/install/dynamixel_sdk/local/lib/python3.10/dist-packages/dynamixel_sdk/robotis_def.py
[9.647s] -- Symlinking: /home/just-vitou/turtlebot3_workspace/install/dynamixel_sdk/share/dynamixel_sdk/environment/library_path.sh
[9.706s] -- Symlinking: /home/just-vitou/turtlebot3_workspace/install/dynamixel_sdk/share/dynamixel_sdk/environment/library_path.dsv
[9.781s] -- Symlinking: /home/just-vitou/turtlebot3_workspace/install/dynamixel_sdk/share/ament_index/resource_index/package_run_dependencies/dynamixel_sdk
[9.846s] -- Symlinking: /home/just-vitou/turtlebot3_workspace/install/dynamixel_sdk/share/ament_index/resource_index/parent_prefix_path/dynamixel_sdk
[9.920s] -- Symlinking: /home/just-vitou/turtlebot3_workspace/install/dynamixel_sdk/share/dynamixel_sdk/environment/ament_prefix_path.sh
[9.979s] -- Symlinking: /home/just-vitou/turtlebot3_workspace/install/dynamixel_sdk/share/dynamixel_sdk/environment/ament_prefix_path.dsv
[10.047s] -- Symlinking: /home/just-vitou/turtlebot3_workspace/install/dynamixel_sdk/share/dynamixel_sdk/environment/path.sh
[10.122s] -- Symlinking: /home/just-vitou/turtlebot3_workspace/install/dynamixel_sdk/share/dynamixel_sdk/environment/path.dsv
[10.188s] -- Symlinking: /home/just-vitou/turtlebot3_workspace/install/dynamixel_sdk/share/dynamixel_sdk/local_setup.bash
[10.255s] -- Symlinking: /home/just-vitou/turtlebot3_workspace/install/dynamixel_sdk/share/dynamixel_sdk/local_setup.sh
[10.320s] -- Symlinking: /home/just-vitou/turtlebot3_workspace/install/dynamixel_sdk/share/dynamixel_sdk/local_setup.zsh
[10.388s] -- Symlinking: /home/just-vitou/turtlebot3_workspace/install/dynamixel_sdk/share/dynamixel_sdk/local_setup.dsv
[10.458s] -- Symlinking: /home/just-vitou/turtlebot3_workspace/install/dynamixel_sdk/share/dynamixel_sdk/package.dsv
[10.549s] -- Symlinking: /home/just-vitou/turtlebot3_workspace/install/dynamixel_sdk/share/ament_index/resource_index/packages/dynamixel_sdk
[10.594s] -- Symlinking: /home/just-vitou/turtlebot3_workspace/install/dynamixel_sdk/share/dynamixel_sdk/cmake/ament_cmake_export_targets-extras.cmake
[10.640s] -- Symlinking: /home/just-vitou/turtlebot3_workspace/install/dynamixel_sdk/share/dynamixel_sdk/cmake/ament_cmake_export_include_directories-extras.cmake
[10.696s] -- Symlinking: /home/just-vitou/turtlebot3_workspace/install/dynamixel_sdk/share/dynamixel_sdk/cmake/ament_cmake_export_libraries-extras.cmake
[10.761s] -- Symlinking: /home/just-vitou/turtlebot3_workspace/install/dynamixel_sdk/share/dynamixel_sdk/cmake/dynamixel_sdkConfig.cmake
[10.810s] -- Symlinking: /home/just-vitou/turtlebot3_workspace/install/dynamixel_sdk/share/dynamixel_sdk/cmake/dynamixel_sdkConfig-version.cmake
[10.843s] -- Symlinking: /home/just-vitou/turtlebot3_workspace/install/dynamixel_sdk/share/dynamixel_sdk/package.xml
[10.884s] -- Installing: /home/just-vitou/turtlebot3_workspace/install/dynamixel_sdk/lib/libdynamixel_sdk.so
[11.182s] Listing '/home/just-vitou/turtlebot3_workspace/install/dynamixel_sdk/local/lib/python3.10/dist-packages/dynamixel_sdk'...
[11.182s] Compiling '/home/just-vitou/turtlebot3_workspace/install/dynamixel_sdk/local/lib/python3.10/dist-packages/dynamixel_sdk/__init__.py'...
[11.182s] Compiling '/home/just-vitou/turtlebot3_workspace/install/dynamixel_sdk/local/lib/python3.10/dist-packages/dynamixel_sdk/group_bulk_read.py'...
[11.182s] Compiling '/home/just-vitou/turtlebot3_workspace/install/dynamixel_sdk/local/lib/python3.10/dist-packages/dynamixel_sdk/group_bulk_write.py'...
[11.183s] Compiling '/home/just-vitou/turtlebot3_workspace/install/dynamixel_sdk/local/lib/python3.10/dist-packages/dynamixel_sdk/group_sync_read.py'...
[11.183s] Compiling '/home/just-vitou/turtlebot3_workspace/install/dynamixel_sdk/local/lib/python3.10/dist-packages/dynamixel_sdk/group_sync_write.py'...
[11.183s] Compiling '/home/just-vitou/turtlebot3_workspace/install/dynamixel_sdk/local/lib/python3.10/dist-packages/dynamixel_sdk/packet_handler.py'...
[11.183s] Compiling '/home/just-vitou/turtlebot3_workspace/install/dynamixel_sdk/local/lib/python3.10/dist-packages/dynamixel_sdk/port_handler.py'...
[11.184s] Compiling '/home/just-vitou/turtlebot3_workspace/install/dynamixel_sdk/local/lib/python3.10/dist-packages/dynamixel_sdk/protocol1_packet_handler.py'...
[11.185s] Compiling '/home/just-vitou/turtlebot3_workspace/install/dynamixel_sdk/local/lib/python3.10/dist-packages/dynamixel_sdk/protocol2_packet_handler.py'...
[11.188s] Compiling '/home/just-vitou/turtlebot3_workspace/install/dynamixel_sdk/local/lib/python3.10/dist-packages/dynamixel_sdk/robotis_def.py'...
[11.224s] -- Installing: /home/just-vitou/turtlebot3_workspace/install/dynamixel_sdk/share/dynamixel_sdk/cmake/dynamixel_sdkExport.cmake
[11.226s] -- Installing: /home/just-vitou/turtlebot3_workspace/install/dynamixel_sdk/share/dynamixel_sdk/cmake/dynamixel_sdkExport-noconfig.cmake
[11.237s] Invoked command in '/home/just-vitou/turtlebot3_workspace/build/dynamixel_sdk' returned '0': CMAKE_PREFIX_PATH=${CMAKE_PREFIX_PATH}:/home/just-vitou/ros2_ws/install/turtlebot_prac:/home/just-vitou/ros2_ws/install/my_robot_controller:/home/just-vitou/turtlebot3_ws/install/turtlebot3_teleop:/home/just-vitou/turtlebot3_ws/install/turtlebot3_example:/home/just-vitou/turtlebot3_ws/install/potential_field:/opt/ros/humble /usr/bin/cmake --install /home/just-vitou/turtlebot3_workspace/build/dynamixel_sdk
