running egg_info
creating ../build/potential_field/potential_field.egg-info
writing ../build/potential_field/potential_field.egg-info/PKG-INFO
writing dependency_links to ../build/potential_field/potential_field.egg-info/dependency_links.txt
writing entry points to ../build/potential_field/potential_field.egg-info/entry_points.txt
writing requirements to ../build/potential_field/potential_field.egg-info/requires.txt
writing top-level names to ../build/potential_field/potential_field.egg-info/top_level.txt
writing manifest file '../build/potential_field/potential_field.egg-info/SOURCES.txt'
reading manifest file '../build/potential_field/potential_field.egg-info/SOURCES.txt'
writing manifest file '../build/potential_field/potential_field.egg-info/SOURCES.txt'
running build
running build_py
creating /home/just-vitou/turtlebot3_workspace/src/build/potential_field/build
creating /home/just-vitou/turtlebot3_workspace/src/build/potential_field/build/lib
creating /home/just-vitou/turtlebot3_workspace/src/build/potential_field/build/lib/potential_field
copying potential_field/__init__.py -> /home/just-vitou/turtlebot3_workspace/src/build/potential_field/build/lib/potential_field
copying potential_field/potential_field.py -> /home/just-vitou/turtlebot3_workspace/src/build/potential_field/build/lib/potential_field
running install
running install_lib
creating /home/just-vitou/turtlebot3_workspace/src/install/potential_field/lib/python3.10/site-packages/potential_field
copying /home/just-vitou/turtlebot3_workspace/src/build/potential_field/build/lib/potential_field/__init__.py -> /home/just-vitou/turtlebot3_workspace/src/install/potential_field/lib/python3.10/site-packages/potential_field
copying /home/just-vitou/turtlebot3_workspace/src/build/potential_field/build/lib/potential_field/potential_field.py -> /home/just-vitou/turtlebot3_workspace/src/install/potential_field/lib/python3.10/site-packages/potential_field
byte-compiling /home/just-vitou/turtlebot3_workspace/src/install/potential_field/lib/python3.10/site-packages/potential_field/__init__.py to __init__.cpython-310.pyc
byte-compiling /home/just-vitou/turtlebot3_workspace/src/install/potential_field/lib/python3.10/site-packages/potential_field/potential_field.py to potential_field.cpython-310.pyc
running install_data
creating /home/just-vitou/turtlebot3_workspace/src/install/potential_field/share/ament_index
creating /home/just-vitou/turtlebot3_workspace/src/install/potential_field/share/ament_index/resource_index
creating /home/just-vitou/turtlebot3_workspace/src/install/potential_field/share/ament_index/resource_index/packages
copying resource/potential_field -> /home/just-vitou/turtlebot3_workspace/src/install/potential_field/share/ament_index/resource_index/packages
copying package.xml -> /home/just-vitou/turtlebot3_workspace/src/install/potential_field/share/potential_field
running install_egg_info
Copying ../build/potential_field/potential_field.egg-info to /home/just-vitou/turtlebot3_workspace/src/install/potential_field/lib/python3.10/site-packages/potential_field-0.0.0-py3.10.egg-info
running install_scripts
writing list of installed files to '/home/just-vitou/turtlebot3_workspace/src/build/potential_field/install.log'
