[1.379s] Invoking command in '/home/just-vitou/turtlebot3_workspace/src/potential_field': PYTHONPATH=/home/just-vitou/turtlebot3_workspace/src/build/potential_field/prefix_override:/usr/lib/python3/dist-packages/colcon_core/task/python/colcon_distutils_commands:/home/just-vitou/turtlebot3_workspace/src/install/potential_field/lib/python3.10/site-packages:${PYTHONPATH} /usr/bin/python3 -W ignore:setup.py install is deprecated -W ignore:easy_install command is deprecated setup.py egg_info --egg-base ../build/potential_field build --build-base /home/just-vitou/turtlebot3_workspace/src/build/potential_field/build install --record /home/just-vitou/turtlebot3_workspace/src/build/potential_field/install.log --single-version-externally-managed install_data
[1.810s] running egg_info
[1.811s] creating ../build/potential_field/potential_field.egg-info
[1.811s] writing ../build/potential_field/potential_field.egg-info/PKG-INFO
[1.812s] writing dependency_links to ../build/potential_field/potential_field.egg-info/dependency_links.txt
[1.812s] writing entry points to ../build/potential_field/potential_field.egg-info/entry_points.txt
[1.812s] writing requirements to ../build/potential_field/potential_field.egg-info/requires.txt
[1.812s] writing top-level names to ../build/potential_field/potential_field.egg-info/top_level.txt
[1.813s] writing manifest file '../build/potential_field/potential_field.egg-info/SOURCES.txt'
[1.816s] reading manifest file '../build/potential_field/potential_field.egg-info/SOURCES.txt'
[1.817s] writing manifest file '../build/potential_field/potential_field.egg-info/SOURCES.txt'
[1.817s] running build
[1.818s] running build_py
[1.818s] creating /home/just-vitou/turtlebot3_workspace/src/build/potential_field/build
[1.818s] creating /home/just-vitou/turtlebot3_workspace/src/build/potential_field/build/lib
[1.818s] creating /home/just-vitou/turtlebot3_workspace/src/build/potential_field/build/lib/potential_field
[1.818s] copying potential_field/__init__.py -> /home/just-vitou/turtlebot3_workspace/src/build/potential_field/build/lib/potential_field
[1.818s] copying potential_field/potential_field.py -> /home/just-vitou/turtlebot3_workspace/src/build/potential_field/build/lib/potential_field
[1.819s] running install
[1.819s] running install_lib
[1.820s] creating /home/just-vitou/turtlebot3_workspace/src/install/potential_field/lib/python3.10/site-packages/potential_field
[1.820s] copying /home/just-vitou/turtlebot3_workspace/src/build/potential_field/build/lib/potential_field/__init__.py -> /home/just-vitou/turtlebot3_workspace/src/install/potential_field/lib/python3.10/site-packages/potential_field
[1.820s] copying /home/just-vitou/turtlebot3_workspace/src/build/potential_field/build/lib/potential_field/potential_field.py -> /home/just-vitou/turtlebot3_workspace/src/install/potential_field/lib/python3.10/site-packages/potential_field
[1.822s] byte-compiling /home/just-vitou/turtlebot3_workspace/src/install/potential_field/lib/python3.10/site-packages/potential_field/__init__.py to __init__.cpython-310.pyc
[1.822s] byte-compiling /home/just-vitou/turtlebot3_workspace/src/install/potential_field/lib/python3.10/site-packages/potential_field/potential_field.py to potential_field.cpython-310.pyc
[1.824s] running install_data
[1.824s] creating /home/just-vitou/turtlebot3_workspace/src/install/potential_field/share/ament_index
[1.825s] creating /home/just-vitou/turtlebot3_workspace/src/install/potential_field/share/ament_index/resource_index
[1.825s] creating /home/just-vitou/turtlebot3_workspace/src/install/potential_field/share/ament_index/resource_index/packages
[1.825s] copying resource/potential_field -> /home/just-vitou/turtlebot3_workspace/src/install/potential_field/share/ament_index/resource_index/packages
[1.825s] copying package.xml -> /home/just-vitou/turtlebot3_workspace/src/install/potential_field/share/potential_field
[1.825s] running install_egg_info
[1.828s] Copying ../build/potential_field/potential_field.egg-info to /home/just-vitou/turtlebot3_workspace/src/install/potential_field/lib/python3.10/site-packages/potential_field-0.0.0-py3.10.egg-info
[1.829s] running install_scripts
[1.863s] writing list of installed files to '/home/just-vitou/turtlebot3_workspace/src/build/potential_field/install.log'
[1.907s] Invoked command in '/home/just-vitou/turtlebot3_workspace/src/potential_field' returned '0': PYTHONPATH=/home/just-vitou/turtlebot3_workspace/src/build/potential_field/prefix_override:/usr/lib/python3/dist-packages/colcon_core/task/python/colcon_distutils_commands:/home/just-vitou/turtlebot3_workspace/src/install/potential_field/lib/python3.10/site-packages:${PYTHONPATH} /usr/bin/python3 -W ignore:setup.py install is deprecated -W ignore:easy_install command is deprecated setup.py egg_info --egg-base ../build/potential_field build --build-base /home/just-vitou/turtlebot3_workspace/src/build/potential_field/build install --record /home/just-vitou/turtlebot3_workspace/src/build/potential_field/install.log --single-version-externally-managed install_data
