[0.039s] Invoking command in '/home/just-vitou/turtlebot3_workspace/build/turtlebot3_node': AMENT_PREFIX_PATH=/home/just-vitou/turtlebot3_workspace/install/turtlebot3_msgs:/home/just-vitou/turtlebot3_workspace/install/dynamixel_sdk:${AMENT_PREFIX_PATH} CMAKE_PREFIX_PATH=/home/just-vitou/turtlebot3_workspace/install/turtlebot3_msgs:/home/just-vitou/turtlebot3_workspace/install/dynamixel_sdk:/home/just-vitou/turtlebot3_ws/install/turtlebot3:/home/just-vitou/turtlebot3_ws/install/turtlebot3_simulations:/home/just-vitou/turtlebot3_ws/install/turtlebot3_bringup:/home/just-vitou/turtlebot3_ws/install/turtlebot3_node:/home/just-vitou/turtlebot3_ws/install/turtlebot3_navigation2:/home/just-vitou/turtlebot3_ws/install/turtlebot3_fake_node:/home/just-vitou/turtlebot3_ws/install/turtlebot3_msgs:/home/just-vitou/turtlebot3_ws/install/turtlebot3_manipulation_gazebo:/home/just-vitou/turtlebot3_ws/install/turtlebot3_gazebo:/home/just-vitou/turtlebot3_ws/install/turtlebot3_description:/home/just-vitou/turtlebot3_ws/install/turtlebot3_cartographer:/home/just-vitou/turtlebot3_ws/install/dynamixel_sdk_examples:/home/just-vitou/turtlebot3_ws/install/dynamixel_sdk_custom_interfaces:/home/just-vitou/turtlebot3_ws/install/dynamixel_sdk:/home/just-vitou/ros2_ws/install/turtlebot_prac:/home/just-vitou/ros2_ws/install/my_robot_controller:/home/just-vitou/turtlebot3_ws/install/turtlebot3_teleop:/home/just-vitou/turtlebot3_ws/install/turtlebot3_example:/home/just-vitou/turtlebot3_ws/install/potential_field:/opt/ros/humble LD_LIBRARY_PATH=/home/just-vitou/turtlebot3_workspace/install/turtlebot3_msgs/lib:/home/just-vitou/turtlebot3_workspace/install/dynamixel_sdk/lib:/home/just-vitou/turtlebot3_ws/install/turtlebot3_msgs/lib:/home/just-vitou/turtlebot3_ws/install/dynamixel_sdk_custom_interfaces/lib:/home/just-vitou/turtlebot3_ws/install/dynamixel_sdk/lib:/usr/lib/x86_64-linux-gnu/gazebo-11/plugins:/opt/ros/humble/opt/rviz_ogre_vendor/lib:/opt/ros/humble/lib/x86_64-linux-gnu:/opt/ros/humble/lib:/usr/lib/x86_64-linux-gnu/gazebo-11/plugins PYTHONPATH=/home/just-vitou/turtlebot3_workspace/install/turtlebot3_msgs/local/lib/python3.10/dist-packages:/home/just-vitou/turtlebot3_workspace/install/dynamixel_sdk/local/lib/python3.10/dist-packages:${PYTHONPATH} /usr/bin/cmake /home/just-vitou/turtlebot3_workspace/src/turtlebot3/turtlebot3_node -DAMENT_CMAKE_SYMLINK_INSTALL=1 -DCMAKE_INSTALL_PREFIX=/home/just-vitou/turtlebot3_workspace/install/turtlebot3_node
[0.169s] -- The C compiler identification is GNU 11.4.0
[0.284s] -- The CXX compiler identification is GNU 11.4.0
[0.296s] -- Detecting C compiler ABI info
[0.419s] -- Detecting C compiler ABI info - done
[0.431s] -- Check for working C compiler: /usr/bin/cc - skipped
[0.432s] -- Detecting C compile features
[0.432s] -- Detecting C compile features - done
[0.438s] -- Detecting CXX compiler ABI info
[0.565s] -- Detecting CXX compiler ABI info - done
[0.578s] -- Check for working CXX compiler: /usr/bin/c++ - skipped
[0.579s] -- Detecting CXX compile features
[0.580s] -- Detecting CXX compile features - done
[0.589s] -- Found ament_cmake: 1.3.11 (/opt/ros/humble/share/ament_cmake/cmake)
[0.924s] -- Found Python3: /usr/bin/python3 (found version "3.10.12") found components: Interpreter 
[1.097s] -- Override CMake install command with custom implementation using symlinks instead of copying resources
[1.210s] -- Found dynamixel_sdk: 3.8.4 (/home/just-vitou/turtlebot3_workspace/install/dynamixel_sdk/share/dynamixel_sdk/cmake)
[1.223s] -- Found geometry_msgs: 4.9.0 (/opt/ros/humble/share/geometry_msgs/cmake)
[1.362s] -- Found rosidl_generator_c: 3.1.6 (/opt/ros/humble/share/rosidl_generator_c/cmake)
[1.384s] -- Found rosidl_adapter: 3.1.6 (/opt/ros/humble/share/rosidl_adapter/cmake)
[1.422s] -- Found rosidl_generator_cpp: 3.1.6 (/opt/ros/humble/share/rosidl_generator_cpp/cmake)
[1.462s] -- Using all available rosidl_typesupport_c: rosidl_typesupport_fastrtps_c;rosidl_typesupport_introspection_c
[1.523s] -- Using all available rosidl_typesupport_cpp: rosidl_typesupport_fastrtps_cpp;rosidl_typesupport_introspection_cpp
[1.663s] -- Found message_filters: 4.3.7 (/opt/ros/humble/share/message_filters/cmake)
[1.826s] -- Found rmw_implementation_cmake: 6.1.2 (/opt/ros/humble/share/rmw_implementation_cmake/cmake)
[1.839s] -- Found rmw_fastrtps_cpp: 6.2.7 (/opt/ros/humble/share/rmw_fastrtps_cpp/cmake)
[2.105s] -- Found OpenSSL: /usr/lib/x86_64-linux-gnu/libcrypto.so (found version "3.0.2")  
[2.187s] -- Found FastRTPS: /opt/ros/humble/include  
[2.302s] -- Using RMW implementation 'rmw_fastrtps_cpp' as default
[2.337s] -- Looking for pthread.h
[2.524s] -- Looking for pthread.h - found
[2.525s] -- Performing Test CMAKE_HAVE_LIBC_PTHREAD
[2.700s] -- Performing Test CMAKE_HAVE_LIBC_PTHREAD - Success
[2.703s] -- Found Threads: TRUE  
[2.793s] -- Found nav_msgs: 4.9.0 (/opt/ros/humble/share/nav_msgs/cmake)
[2.843s] -- Found sensor_msgs: 4.9.0 (/opt/ros/humble/share/sensor_msgs/cmake)
[2.892s] -- Found std_srvs: 4.9.0 (/opt/ros/humble/share/std_srvs/cmake)
[2.922s] -- Found tf2: 0.25.13 (/opt/ros/humble/share/tf2/cmake)
[2.947s] -- Found tf2_ros: 0.25.13 (/opt/ros/humble/share/tf2_ros/cmake)
[3.155s] -- Found turtlebot3_msgs: 2.4.0 (/home/just-vitou/turtlebot3_workspace/install/turtlebot3_msgs/share/turtlebot3_msgs/cmake)
[3.360s] -- Configuring done
[3.409s] -- Generating done
[3.421s] -- Build files have been written to: /home/just-vitou/turtlebot3_workspace/build/turtlebot3_node
[3.448s] Invoked command in '/home/just-vitou/turtlebot3_workspace/build/turtlebot3_node' returned '0': AMENT_PREFIX_PATH=/home/just-vitou/turtlebot3_workspace/install/turtlebot3_msgs:/home/just-vitou/turtlebot3_workspace/install/dynamixel_sdk:${AMENT_PREFIX_PATH} CMAKE_PREFIX_PATH=/home/just-vitou/turtlebot3_workspace/install/turtlebot3_msgs:/home/just-vitou/turtlebot3_workspace/install/dynamixel_sdk:/home/just-vitou/turtlebot3_ws/install/turtlebot3:/home/just-vitou/turtlebot3_ws/install/turtlebot3_simulations:/home/just-vitou/turtlebot3_ws/install/turtlebot3_bringup:/home/just-vitou/turtlebot3_ws/install/turtlebot3_node:/home/just-vitou/turtlebot3_ws/install/turtlebot3_navigation2:/home/just-vitou/turtlebot3_ws/install/turtlebot3_fake_node:/home/just-vitou/turtlebot3_ws/install/turtlebot3_msgs:/home/just-vitou/turtlebot3_ws/install/turtlebot3_manipulation_gazebo:/home/just-vitou/turtlebot3_ws/install/turtlebot3_gazebo:/home/just-vitou/turtlebot3_ws/install/turtlebot3_description:/home/just-vitou/turtlebot3_ws/install/turtlebot3_cartographer:/home/just-vitou/turtlebot3_ws/install/dynamixel_sdk_examples:/home/just-vitou/turtlebot3_ws/install/dynamixel_sdk_custom_interfaces:/home/just-vitou/turtlebot3_ws/install/dynamixel_sdk:/home/just-vitou/ros2_ws/install/turtlebot_prac:/home/just-vitou/ros2_ws/install/my_robot_controller:/home/just-vitou/turtlebot3_ws/install/turtlebot3_teleop:/home/just-vitou/turtlebot3_ws/install/turtlebot3_example:/home/just-vitou/turtlebot3_ws/install/potential_field:/opt/ros/humble LD_LIBRARY_PATH=/home/just-vitou/turtlebot3_workspace/install/turtlebot3_msgs/lib:/home/just-vitou/turtlebot3_workspace/install/dynamixel_sdk/lib:/home/just-vitou/turtlebot3_ws/install/turtlebot3_msgs/lib:/home/just-vitou/turtlebot3_ws/install/dynamixel_sdk_custom_interfaces/lib:/home/just-vitou/turtlebot3_ws/install/dynamixel_sdk/lib:/usr/lib/x86_64-linux-gnu/gazebo-11/plugins:/opt/ros/humble/opt/rviz_ogre_vendor/lib:/opt/ros/humble/lib/x86_64-linux-gnu:/opt/ros/humble/lib:/usr/lib/x86_64-linux-gnu/gazebo-11/plugins PYTHONPATH=/home/just-vitou/turtlebot3_workspace/install/turtlebot3_msgs/local/lib/python3.10/dist-packages:/home/just-vitou/turtlebot3_workspace/install/dynamixel_sdk/local/lib/python3.10/dist-packages:${PYTHONPATH} /usr/bin/cmake /home/just-vitou/turtlebot3_workspace/src/turtlebot3/turtlebot3_node -DAMENT_CMAKE_SYMLINK_INSTALL=1 -DCMAKE_INSTALL_PREFIX=/home/just-vitou/turtlebot3_workspace/install/turtlebot3_node
[3.451s] Invoking command in '/home/just-vitou/turtlebot3_workspace/build/turtlebot3_node': AMENT_PREFIX_PATH=/home/just-vitou/turtlebot3_workspace/install/turtlebot3_msgs:/home/just-vitou/turtlebot3_workspace/install/dynamixel_sdk:${AMENT_PREFIX_PATH} CMAKE_PREFIX_PATH=/home/just-vitou/turtlebot3_workspace/install/turtlebot3_msgs:/home/just-vitou/turtlebot3_workspace/install/dynamixel_sdk:/home/just-vitou/turtlebot3_ws/install/turtlebot3:/home/just-vitou/turtlebot3_ws/install/turtlebot3_simulations:/home/just-vitou/turtlebot3_ws/install/turtlebot3_bringup:/home/just-vitou/turtlebot3_ws/install/turtlebot3_node:/home/just-vitou/turtlebot3_ws/install/turtlebot3_navigation2:/home/just-vitou/turtlebot3_ws/install/turtlebot3_fake_node:/home/just-vitou/turtlebot3_ws/install/turtlebot3_msgs:/home/just-vitou/turtlebot3_ws/install/turtlebot3_manipulation_gazebo:/home/just-vitou/turtlebot3_ws/install/turtlebot3_gazebo:/home/just-vitou/turtlebot3_ws/install/turtlebot3_description:/home/just-vitou/turtlebot3_ws/install/turtlebot3_cartographer:/home/just-vitou/turtlebot3_ws/install/dynamixel_sdk_examples:/home/just-vitou/turtlebot3_ws/install/dynamixel_sdk_custom_interfaces:/home/just-vitou/turtlebot3_ws/install/dynamixel_sdk:/home/just-vitou/ros2_ws/install/turtlebot_prac:/home/just-vitou/ros2_ws/install/my_robot_controller:/home/just-vitou/turtlebot3_ws/install/turtlebot3_teleop:/home/just-vitou/turtlebot3_ws/install/turtlebot3_example:/home/just-vitou/turtlebot3_ws/install/potential_field:/opt/ros/humble LD_LIBRARY_PATH=/home/just-vitou/turtlebot3_workspace/install/turtlebot3_msgs/lib:/home/just-vitou/turtlebot3_workspace/install/dynamixel_sdk/lib:/home/just-vitou/turtlebot3_ws/install/turtlebot3_msgs/lib:/home/just-vitou/turtlebot3_ws/install/dynamixel_sdk_custom_interfaces/lib:/home/just-vitou/turtlebot3_ws/install/dynamixel_sdk/lib:/usr/lib/x86_64-linux-gnu/gazebo-11/plugins:/opt/ros/humble/opt/rviz_ogre_vendor/lib:/opt/ros/humble/lib/x86_64-linux-gnu:/opt/ros/humble/lib:/usr/lib/x86_64-linux-gnu/gazebo-11/plugins PYTHONPATH=/home/just-vitou/turtlebot3_workspace/install/turtlebot3_msgs/local/lib/python3.10/dist-packages:/home/just-vitou/turtlebot3_workspace/install/dynamixel_sdk/local/lib/python3.10/dist-packages:${PYTHONPATH} /usr/bin/cmake --build /home/just-vitou/turtlebot3_workspace/build/turtlebot3_node -- -j4 -l4
[3.549s] [  7%] [32mBuilding CXX object CMakeFiles/turtlebot3_node_lib.dir/src/devices/sound.cpp.o[0m
[3.550s] [ 14%] [32mBuilding CXX object CMakeFiles/turtlebot3_node_lib.dir/src/diff_drive_controller.cpp.o[0m
[3.562s] [ 21%] [32mBuilding CXX object CMakeFiles/turtlebot3_node_lib.dir/src/devices/reset.cpp.o[0m
[3.564s] [ 28%] [32mBuilding CXX object CMakeFiles/turtlebot3_node_lib.dir/src/devices/motor_power.cpp.o[0m
[15.195s] [ 35%] [32mBuilding CXX object CMakeFiles/turtlebot3_node_lib.dir/src/dynamixel_sdk_wrapper.cpp.o[0m
[17.486s] [ 42%] [32mBuilding CXX object CMakeFiles/turtlebot3_node_lib.dir/src/odometry.cpp.o[0m
[17.511s] [ 50%] [32mBuilding CXX object CMakeFiles/turtlebot3_node_lib.dir/src/sensors/battery_state.cpp.o[0m
[17.522s] [ 57%] [32mBuilding CXX object CMakeFiles/turtlebot3_node_lib.dir/src/turtlebot3.cpp.o[0m
[18.657s] [ 64%] [32mBuilding CXX object CMakeFiles/turtlebot3_node_lib.dir/src/sensors/imu.cpp.o[0m
[29.270s] [ 71%] [32mBuilding CXX object CMakeFiles/turtlebot3_node_lib.dir/src/sensors/joint_state.cpp.o[0m
[31.035s] [ 78%] [32mBuilding CXX object CMakeFiles/turtlebot3_node_lib.dir/src/sensors/sensor_state.cpp.o[0m
[54.292s] [ 85%] [32m[1mLinking CXX static library libturtlebot3_node_lib.a[0m
[55.287s] [ 85%] Built target turtlebot3_node_lib
[55.320s] [ 92%] [32mBuilding CXX object CMakeFiles/turtlebot3_ros.dir/src/node_main.cpp.o[0m
[60.402s] [100%] [32m[1mLinking CXX executable turtlebot3_ros[0m
[63.723s] [100%] Built target turtlebot3_ros
[63.767s] Invoked command in '/home/just-vitou/turtlebot3_workspace/build/turtlebot3_node' returned '0': AMENT_PREFIX_PATH=/home/just-vitou/turtlebot3_workspace/install/turtlebot3_msgs:/home/just-vitou/turtlebot3_workspace/install/dynamixel_sdk:${AMENT_PREFIX_PATH} CMAKE_PREFIX_PATH=/home/just-vitou/turtlebot3_workspace/install/turtlebot3_msgs:/home/just-vitou/turtlebot3_workspace/install/dynamixel_sdk:/home/just-vitou/turtlebot3_ws/install/turtlebot3:/home/just-vitou/turtlebot3_ws/install/turtlebot3_simulations:/home/just-vitou/turtlebot3_ws/install/turtlebot3_bringup:/home/just-vitou/turtlebot3_ws/install/turtlebot3_node:/home/just-vitou/turtlebot3_ws/install/turtlebot3_navigation2:/home/just-vitou/turtlebot3_ws/install/turtlebot3_fake_node:/home/just-vitou/turtlebot3_ws/install/turtlebot3_msgs:/home/just-vitou/turtlebot3_ws/install/turtlebot3_manipulation_gazebo:/home/just-vitou/turtlebot3_ws/install/turtlebot3_gazebo:/home/just-vitou/turtlebot3_ws/install/turtlebot3_description:/home/just-vitou/turtlebot3_ws/install/turtlebot3_cartographer:/home/just-vitou/turtlebot3_ws/install/dynamixel_sdk_examples:/home/just-vitou/turtlebot3_ws/install/dynamixel_sdk_custom_interfaces:/home/just-vitou/turtlebot3_ws/install/dynamixel_sdk:/home/just-vitou/ros2_ws/install/turtlebot_prac:/home/just-vitou/ros2_ws/install/my_robot_controller:/home/just-vitou/turtlebot3_ws/install/turtlebot3_teleop:/home/just-vitou/turtlebot3_ws/install/turtlebot3_example:/home/just-vitou/turtlebot3_ws/install/potential_field:/opt/ros/humble LD_LIBRARY_PATH=/home/just-vitou/turtlebot3_workspace/install/turtlebot3_msgs/lib:/home/just-vitou/turtlebot3_workspace/install/dynamixel_sdk/lib:/home/just-vitou/turtlebot3_ws/install/turtlebot3_msgs/lib:/home/just-vitou/turtlebot3_ws/install/dynamixel_sdk_custom_interfaces/lib:/home/just-vitou/turtlebot3_ws/install/dynamixel_sdk/lib:/usr/lib/x86_64-linux-gnu/gazebo-11/plugins:/opt/ros/humble/opt/rviz_ogre_vendor/lib:/opt/ros/humble/lib/x86_64-linux-gnu:/opt/ros/humble/lib:/usr/lib/x86_64-linux-gnu/gazebo-11/plugins PYTHONPATH=/home/just-vitou/turtlebot3_workspace/install/turtlebot3_msgs/local/lib/python3.10/dist-packages:/home/just-vitou/turtlebot3_workspace/install/dynamixel_sdk/local/lib/python3.10/dist-packages:${PYTHONPATH} /usr/bin/cmake --build /home/just-vitou/turtlebot3_workspace/build/turtlebot3_node -- -j4 -l4
[63.772s] Invoking command in '/home/just-vitou/turtlebot3_workspace/build/turtlebot3_node': AMENT_PREFIX_PATH=/home/just-vitou/turtlebot3_workspace/install/turtlebot3_msgs:/home/just-vitou/turtlebot3_workspace/install/dynamixel_sdk:${AMENT_PREFIX_PATH} CMAKE_PREFIX_PATH=/home/just-vitou/turtlebot3_workspace/install/turtlebot3_msgs:/home/just-vitou/turtlebot3_workspace/install/dynamixel_sdk:/home/just-vitou/turtlebot3_ws/install/turtlebot3:/home/just-vitou/turtlebot3_ws/install/turtlebot3_simulations:/home/just-vitou/turtlebot3_ws/install/turtlebot3_bringup:/home/just-vitou/turtlebot3_ws/install/turtlebot3_node:/home/just-vitou/turtlebot3_ws/install/turtlebot3_navigation2:/home/just-vitou/turtlebot3_ws/install/turtlebot3_fake_node:/home/just-vitou/turtlebot3_ws/install/turtlebot3_msgs:/home/just-vitou/turtlebot3_ws/install/turtlebot3_manipulation_gazebo:/home/just-vitou/turtlebot3_ws/install/turtlebot3_gazebo:/home/just-vitou/turtlebot3_ws/install/turtlebot3_description:/home/just-vitou/turtlebot3_ws/install/turtlebot3_cartographer:/home/just-vitou/turtlebot3_ws/install/dynamixel_sdk_examples:/home/just-vitou/turtlebot3_ws/install/dynamixel_sdk_custom_interfaces:/home/just-vitou/turtlebot3_ws/install/dynamixel_sdk:/home/just-vitou/ros2_ws/install/turtlebot_prac:/home/just-vitou/ros2_ws/install/my_robot_controller:/home/just-vitou/turtlebot3_ws/install/turtlebot3_teleop:/home/just-vitou/turtlebot3_ws/install/turtlebot3_example:/home/just-vitou/turtlebot3_ws/install/potential_field:/opt/ros/humble LD_LIBRARY_PATH=/home/just-vitou/turtlebot3_workspace/install/turtlebot3_msgs/lib:/home/just-vitou/turtlebot3_workspace/install/dynamixel_sdk/lib:/home/just-vitou/turtlebot3_ws/install/turtlebot3_msgs/lib:/home/just-vitou/turtlebot3_ws/install/dynamixel_sdk_custom_interfaces/lib:/home/just-vitou/turtlebot3_ws/install/dynamixel_sdk/lib:/usr/lib/x86_64-linux-gnu/gazebo-11/plugins:/opt/ros/humble/opt/rviz_ogre_vendor/lib:/opt/ros/humble/lib/x86_64-linux-gnu:/opt/ros/humble/lib:/usr/lib/x86_64-linux-gnu/gazebo-11/plugins PYTHONPATH=/home/just-vitou/turtlebot3_workspace/install/turtlebot3_msgs/local/lib/python3.10/dist-packages:/home/just-vitou/turtlebot3_workspace/install/dynamixel_sdk/local/lib/python3.10/dist-packages:${PYTHONPATH} /usr/bin/cmake --install /home/just-vitou/turtlebot3_workspace/build/turtlebot3_node
[63.781s] -- Install configuration: ""
[63.782s] -- Execute custom install script
[63.784s] -- Symlinking: /home/just-vitou/turtlebot3_workspace/install/turtlebot3_node/share/turtlebot3_node/param/burger.yaml
[63.796s] -- Symlinking: /home/just-vitou/turtlebot3_workspace/install/turtlebot3_node/share/turtlebot3_node/param/waffle.yaml
[63.808s] -- Symlinking: /home/just-vitou/turtlebot3_workspace/install/turtlebot3_node/share/turtlebot3_node/param/waffle_pi.yaml
[63.821s] -- Symlinking: /home/just-vitou/turtlebot3_workspace/install/turtlebot3_node/lib/turtlebot3_node/turtlebot3_ros
[63.834s] -- Symlinking: /home/just-vitou/turtlebot3_workspace/install/turtlebot3_node/share/ament_index/resource_index/package_run_dependencies/turtlebot3_node
[63.847s] -- Symlinking: /home/just-vitou/turtlebot3_workspace/install/turtlebot3_node/share/ament_index/resource_index/parent_prefix_path/turtlebot3_node
[63.861s] -- Symlinking: /home/just-vitou/turtlebot3_workspace/install/turtlebot3_node/share/turtlebot3_node/environment/ament_prefix_path.sh
[63.873s] -- Symlinking: /home/just-vitou/turtlebot3_workspace/install/turtlebot3_node/share/turtlebot3_node/environment/ament_prefix_path.dsv
[63.884s] -- Symlinking: /home/just-vitou/turtlebot3_workspace/install/turtlebot3_node/share/turtlebot3_node/environment/path.sh
[63.896s] -- Symlinking: /home/just-vitou/turtlebot3_workspace/install/turtlebot3_node/share/turtlebot3_node/environment/path.dsv
[63.908s] -- Symlinking: /home/just-vitou/turtlebot3_workspace/install/turtlebot3_node/share/turtlebot3_node/local_setup.bash
[63.920s] -- Symlinking: /home/just-vitou/turtlebot3_workspace/install/turtlebot3_node/share/turtlebot3_node/local_setup.sh
[63.932s] -- Symlinking: /home/just-vitou/turtlebot3_workspace/install/turtlebot3_node/share/turtlebot3_node/local_setup.zsh
[63.944s] -- Symlinking: /home/just-vitou/turtlebot3_workspace/install/turtlebot3_node/share/turtlebot3_node/local_setup.dsv
[63.957s] -- Symlinking: /home/just-vitou/turtlebot3_workspace/install/turtlebot3_node/share/turtlebot3_node/package.dsv
[63.969s] -- Symlinking: /home/just-vitou/turtlebot3_workspace/install/turtlebot3_node/share/ament_index/resource_index/packages/turtlebot3_node
[63.981s] -- Symlinking: /home/just-vitou/turtlebot3_workspace/install/turtlebot3_node/share/turtlebot3_node/cmake/ament_cmake_export_dependencies-extras.cmake
[63.994s] -- Symlinking: /home/just-vitou/turtlebot3_workspace/install/turtlebot3_node/share/turtlebot3_node/cmake/ament_cmake_export_include_directories-extras.cmake
[64.007s] -- Symlinking: /home/just-vitou/turtlebot3_workspace/install/turtlebot3_node/share/turtlebot3_node/cmake/turtlebot3_nodeConfig.cmake
[64.019s] -- Symlinking: /home/just-vitou/turtlebot3_workspace/install/turtlebot3_node/share/turtlebot3_node/cmake/turtlebot3_nodeConfig-version.cmake
[64.032s] -- Symlinking: /home/just-vitou/turtlebot3_workspace/install/turtlebot3_node/share/turtlebot3_node/package.xml
[64.049s] Invoked command in '/home/just-vitou/turtlebot3_workspace/build/turtlebot3_node' returned '0': AMENT_PREFIX_PATH=/home/just-vitou/turtlebot3_workspace/install/turtlebot3_msgs:/home/just-vitou/turtlebot3_workspace/install/dynamixel_sdk:${AMENT_PREFIX_PATH} CMAKE_PREFIX_PATH=/home/just-vitou/turtlebot3_workspace/install/turtlebot3_msgs:/home/just-vitou/turtlebot3_workspace/install/dynamixel_sdk:/home/just-vitou/turtlebot3_ws/install/turtlebot3:/home/just-vitou/turtlebot3_ws/install/turtlebot3_simulations:/home/just-vitou/turtlebot3_ws/install/turtlebot3_bringup:/home/just-vitou/turtlebot3_ws/install/turtlebot3_node:/home/just-vitou/turtlebot3_ws/install/turtlebot3_navigation2:/home/just-vitou/turtlebot3_ws/install/turtlebot3_fake_node:/home/just-vitou/turtlebot3_ws/install/turtlebot3_msgs:/home/just-vitou/turtlebot3_ws/install/turtlebot3_manipulation_gazebo:/home/just-vitou/turtlebot3_ws/install/turtlebot3_gazebo:/home/just-vitou/turtlebot3_ws/install/turtlebot3_description:/home/just-vitou/turtlebot3_ws/install/turtlebot3_cartographer:/home/just-vitou/turtlebot3_ws/install/dynamixel_sdk_examples:/home/just-vitou/turtlebot3_ws/install/dynamixel_sdk_custom_interfaces:/home/just-vitou/turtlebot3_ws/install/dynamixel_sdk:/home/just-vitou/ros2_ws/install/turtlebot_prac:/home/just-vitou/ros2_ws/install/my_robot_controller:/home/just-vitou/turtlebot3_ws/install/turtlebot3_teleop:/home/just-vitou/turtlebot3_ws/install/turtlebot3_example:/home/just-vitou/turtlebot3_ws/install/potential_field:/opt/ros/humble LD_LIBRARY_PATH=/home/just-vitou/turtlebot3_workspace/install/turtlebot3_msgs/lib:/home/just-vitou/turtlebot3_workspace/install/dynamixel_sdk/lib:/home/just-vitou/turtlebot3_ws/install/turtlebot3_msgs/lib:/home/just-vitou/turtlebot3_ws/install/dynamixel_sdk_custom_interfaces/lib:/home/just-vitou/turtlebot3_ws/install/dynamixel_sdk/lib:/usr/lib/x86_64-linux-gnu/gazebo-11/plugins:/opt/ros/humble/opt/rviz_ogre_vendor/lib:/opt/ros/humble/lib/x86_64-linux-gnu:/opt/ros/humble/lib:/usr/lib/x86_64-linux-gnu/gazebo-11/plugins PYTHONPATH=/home/just-vitou/turtlebot3_workspace/install/turtlebot3_msgs/local/lib/python3.10/dist-packages:/home/just-vitou/turtlebot3_workspace/install/dynamixel_sdk/local/lib/python3.10/dist-packages:${PYTHONPATH} /usr/bin/cmake --install /home/just-vitou/turtlebot3_workspace/build/turtlebot3_node
