running egg_info
creating ../build/chinabug_nav/chinabug_nav.egg-info
writing ../build/chinabug_nav/chinabug_nav.egg-info/PKG-INFO
writing dependency_links to ../build/chinabug_nav/chinabug_nav.egg-info/dependency_links.txt
writing entry points to ../build/chinabug_nav/chinabug_nav.egg-info/entry_points.txt
writing requirements to ../build/chinabug_nav/chinabug_nav.egg-info/requires.txt
writing top-level names to ../build/chinabug_nav/chinabug_nav.egg-info/top_level.txt
writing manifest file '../build/chinabug_nav/chinabug_nav.egg-info/SOURCES.txt'
reading manifest file '../build/chinabug_nav/chinabug_nav.egg-info/SOURCES.txt'
writing manifest file '../build/chinabug_nav/chinabug_nav.egg-info/SOURCES.txt'
running build
running build_py
creating /home/just-vitou/turtlebot3_workspace/src/build/chinabug_nav/build
creating /home/just-vitou/turtlebot3_workspace/src/build/chinabug_nav/build/lib
creating /home/just-vitou/turtlebot3_workspace/src/build/chinabug_nav/build/lib/chinabug_nav
copying chinabug_nav/laserscan.py -> /home/just-vitou/turtlebot3_workspace/src/build/chinabug_nav/build/lib/chinabug_nav
copying chinabug_nav/__init__.py -> /home/just-vitou/turtlebot3_workspace/src/build/chinabug_nav/build/lib/chinabug_nav
running install
running install_lib
creating /home/just-vitou/turtlebot3_workspace/src/install/chinabug_nav/lib/python3.10/site-packages/chinabug_nav
copying /home/just-vitou/turtlebot3_workspace/src/build/chinabug_nav/build/lib/chinabug_nav/laserscan.py -> /home/just-vitou/turtlebot3_workspace/src/install/chinabug_nav/lib/python3.10/site-packages/chinabug_nav
copying /home/just-vitou/turtlebot3_workspace/src/build/chinabug_nav/build/lib/chinabug_nav/__init__.py -> /home/just-vitou/turtlebot3_workspace/src/install/chinabug_nav/lib/python3.10/site-packages/chinabug_nav
byte-compiling /home/just-vitou/turtlebot3_workspace/src/install/chinabug_nav/lib/python3.10/site-packages/chinabug_nav/laserscan.py to laserscan.cpython-310.pyc
byte-compiling /home/just-vitou/turtlebot3_workspace/src/install/chinabug_nav/lib/python3.10/site-packages/chinabug_nav/__init__.py to __init__.cpython-310.pyc
running install_data
creating /home/just-vitou/turtlebot3_workspace/src/install/chinabug_nav/share/ament_index
creating /home/just-vitou/turtlebot3_workspace/src/install/chinabug_nav/share/ament_index/resource_index
creating /home/just-vitou/turtlebot3_workspace/src/install/chinabug_nav/share/ament_index/resource_index/packages
copying resource/chinabug_nav -> /home/just-vitou/turtlebot3_workspace/src/install/chinabug_nav/share/ament_index/resource_index/packages
copying package.xml -> /home/just-vitou/turtlebot3_workspace/src/install/chinabug_nav/share/chinabug_nav
running install_egg_info
Copying ../build/chinabug_nav/chinabug_nav.egg-info to /home/just-vitou/turtlebot3_workspace/src/install/chinabug_nav/lib/python3.10/site-packages/chinabug_nav-0.0.0-py3.10.egg-info
running install_scripts
writing list of installed files to '/home/just-vitou/turtlebot3_workspace/src/build/chinabug_nav/install.log'
