[0.067s] Invoking command in '/home/just-vitou/turtlebot3_workspace/build/turtlebot3_msgs': CMAKE_PREFIX_PATH=${CMAKE_PREFIX_PATH}:/home/just-vitou/turtlebot3_workspace/install/turtlebot3_teleop:/home/just-vitou/turtlebot3_workspace/install/turtlebot3_example:/home/just-vitou/ros2_ws/install/turtlebot_prac:/home/just-vitou/ros2_ws/install/my_robot_controller:/home/just-vitou/turtlebot3_ws/install/turtlebot3_teleop:/home/just-vitou/turtlebot3_ws/install/turtlebot3_example:/home/just-vitou/turtlebot3_ws/install/potential_field:/opt/ros/humble /usr/bin/cmake --build /home/just-vitou/turtlebot3_workspace/build/turtlebot3_msgs -- -j4 -l4
[0.354s] [35m[1mConsolidate compiler generated dependencies of target turtlebot3_msgs__rosidl_generator_c[0m
[0.405s] [  0%] Built target ament_cmake_python_symlink_turtlebot3_msgs
[0.405s] [  1%] Built target turtlebot3_msgs__cpp
[0.446s] [ 12%] Built target turtlebot3_msgs__rosidl_generator_c
[0.493s] [35m[1mConsolidate compiler generated dependencies of target turtlebot3_msgs__rosidl_typesupport_fastrtps_cpp[0m
[0.496s] [35m[1mConsolidate compiler generated dependencies of target turtlebot3_msgs__rosidl_typesupport_cpp[0m
[0.560s] [ 24%] Built target turtlebot3_msgs__rosidl_typesupport_cpp
[0.572s] [ 35%] Built target turtlebot3_msgs__rosidl_typesupport_fastrtps_cpp
[0.611s] [35m[1mConsolidate compiler generated dependencies of target turtlebot3_msgs__rosidl_typesupport_introspection_cpp[0m
[0.701s] [ 46%] Built target turtlebot3_msgs__rosidl_typesupport_introspection_cpp
[0.708s] [35m[1mConsolidate compiler generated dependencies of target turtlebot3_msgs__rosidl_typesupport_introspection_c[0m
[0.709s] [35m[1mConsolidate compiler generated dependencies of target turtlebot3_msgs__rosidl_typesupport_fastrtps_c[0m
[0.798s] [ 58%] Built target turtlebot3_msgs__rosidl_typesupport_introspection_c
[0.810s] [ 69%] Built target turtlebot3_msgs__rosidl_typesupport_fastrtps_c
[0.817s] [35m[1mConsolidate compiler generated dependencies of target turtlebot3_msgs__rosidl_typesupport_c[0m
[0.868s] [ 81%] Built target turtlebot3_msgs__rosidl_typesupport_c
[0.985s] [ 81%] Built target turtlebot3_msgs
[1.097s] [ 82%] Built target turtlebot3_msgs__py
[1.238s] [35m[1mConsolidate compiler generated dependencies of target turtlebot3_msgs__rosidl_generator_py[0m
[1.323s] [ 92%] Built target turtlebot3_msgs__rosidl_generator_py
[1.374s] [35m[1mConsolidate compiler generated dependencies of target turtlebot3_msgs__rosidl_typesupport_introspection_c__pyext[0m
[1.388s] [35m[1mConsolidate compiler generated dependencies of target turtlebot3_msgs__rosidl_typesupport_fastrtps_c__pyext[0m
[1.389s] [35m[1mConsolidate compiler generated dependencies of target turtlebot3_msgs__rosidl_typesupport_c__pyext[0m
[1.432s] [ 94%] Built target turtlebot3_msgs__rosidl_typesupport_introspection_c__pyext
[1.454s] [ 97%] Built target turtlebot3_msgs__rosidl_typesupport_c__pyext
[1.463s] [100%] Built target turtlebot3_msgs__rosidl_typesupport_fastrtps_c__pyext
[1.586s] running egg_info
[1.587s] writing turtlebot3_msgs.egg-info/PKG-INFO
[1.587s] writing dependency_links to turtlebot3_msgs.egg-info/dependency_links.txt
[1.588s] writing top-level names to turtlebot3_msgs.egg-info/top_level.txt
[1.600s] reading manifest file 'turtlebot3_msgs.egg-info/SOURCES.txt'
[1.601s] writing manifest file 'turtlebot3_msgs.egg-info/SOURCES.txt'
[1.699s] [100%] Built target ament_cmake_python_build_turtlebot3_msgs_egg
[1.730s] Invoked command in '/home/just-vitou/turtlebot3_workspace/build/turtlebot3_msgs' returned '0': CMAKE_PREFIX_PATH=${CMAKE_PREFIX_PATH}:/home/just-vitou/turtlebot3_workspace/install/turtlebot3_teleop:/home/just-vitou/turtlebot3_workspace/install/turtlebot3_example:/home/just-vitou/ros2_ws/install/turtlebot_prac:/home/just-vitou/ros2_ws/install/my_robot_controller:/home/just-vitou/turtlebot3_ws/install/turtlebot3_teleop:/home/just-vitou/turtlebot3_ws/install/turtlebot3_example:/home/just-vitou/turtlebot3_ws/install/potential_field:/opt/ros/humble /usr/bin/cmake --build /home/just-vitou/turtlebot3_workspace/build/turtlebot3_msgs -- -j4 -l4
[1.735s] Invoking command in '/home/just-vitou/turtlebot3_workspace/build/turtlebot3_msgs': CMAKE_PREFIX_PATH=${CMAKE_PREFIX_PATH}:/home/just-vitou/turtlebot3_workspace/install/turtlebot3_teleop:/home/just-vitou/turtlebot3_workspace/install/turtlebot3_example:/home/just-vitou/ros2_ws/install/turtlebot_prac:/home/just-vitou/ros2_ws/install/my_robot_controller:/home/just-vitou/turtlebot3_ws/install/turtlebot3_teleop:/home/just-vitou/turtlebot3_ws/install/turtlebot3_example:/home/just-vitou/turtlebot3_ws/install/potential_field:/opt/ros/humble /usr/bin/cmake --install /home/just-vitou/turtlebot3_workspace/build/turtlebot3_msgs
[1.755s] -- Install configuration: ""
[1.755s] -- Execute custom install script
[1.757s] -- Up-to-date symlink: /home/just-vitou/turtlebot3_workspace/install/turtlebot3_msgs/share/ament_index/resource_index/rosidl_interfaces/turtlebot3_msgs
[1.758s] -- Up-to-date symlink: /home/just-vitou/turtlebot3_workspace/install/turtlebot3_msgs/include/turtlebot3_msgs/turtlebot3_msgs/action/detail/patrol__functions.h
[1.758s] -- Up-to-date symlink: /home/just-vitou/turtlebot3_workspace/install/turtlebot3_msgs/include/turtlebot3_msgs/turtlebot3_msgs/action/detail/patrol__struct.h
[1.759s] -- Up-to-date symlink: /home/just-vitou/turtlebot3_workspace/install/turtlebot3_msgs/include/turtlebot3_msgs/turtlebot3_msgs/action/detail/patrol__type_support.h
[1.760s] -- Up-to-date symlink: /home/just-vitou/turtlebot3_workspace/install/turtlebot3_msgs/include/turtlebot3_msgs/turtlebot3_msgs/action/patrol.h
[1.761s] -- Up-to-date symlink: /home/just-vitou/turtlebot3_workspace/install/turtlebot3_msgs/include/turtlebot3_msgs/turtlebot3_msgs/msg/detail/sensor_state__functions.h
[1.761s] -- Up-to-date symlink: /home/just-vitou/turtlebot3_workspace/install/turtlebot3_msgs/include/turtlebot3_msgs/turtlebot3_msgs/msg/detail/sensor_state__struct.h
[1.761s] -- Up-to-date symlink: /home/just-vitou/turtlebot3_workspace/install/turtlebot3_msgs/include/turtlebot3_msgs/turtlebot3_msgs/msg/detail/sensor_state__type_support.h
[1.762s] -- Up-to-date symlink: /home/just-vitou/turtlebot3_workspace/install/turtlebot3_msgs/include/turtlebot3_msgs/turtlebot3_msgs/msg/detail/sound__functions.h
[1.763s] -- Up-to-date symlink: /home/just-vitou/turtlebot3_workspace/install/turtlebot3_msgs/include/turtlebot3_msgs/turtlebot3_msgs/msg/detail/sound__struct.h
[1.764s] -- Up-to-date symlink: /home/just-vitou/turtlebot3_workspace/install/turtlebot3_msgs/include/turtlebot3_msgs/turtlebot3_msgs/msg/detail/sound__type_support.h
[1.765s] -- Up-to-date symlink: /home/just-vitou/turtlebot3_workspace/install/turtlebot3_msgs/include/turtlebot3_msgs/turtlebot3_msgs/msg/detail/version_info__functions.h
[1.765s] -- Up-to-date symlink: /home/just-vitou/turtlebot3_workspace/install/turtlebot3_msgs/include/turtlebot3_msgs/turtlebot3_msgs/msg/detail/version_info__struct.h
[1.765s] -- Up-to-date symlink: /home/just-vitou/turtlebot3_workspace/install/turtlebot3_msgs/include/turtlebot3_msgs/turtlebot3_msgs/msg/detail/version_info__type_support.h
[1.765s] -- Up-to-date symlink: /home/just-vitou/turtlebot3_workspace/install/turtlebot3_msgs/include/turtlebot3_msgs/turtlebot3_msgs/msg/rosidl_generator_c__visibility_control.h
[1.768s] -- Up-to-date symlink: /home/just-vitou/turtlebot3_workspace/install/turtlebot3_msgs/include/turtlebot3_msgs/turtlebot3_msgs/msg/sensor_state.h
[1.769s] -- Up-to-date symlink: /home/just-vitou/turtlebot3_workspace/install/turtlebot3_msgs/include/turtlebot3_msgs/turtlebot3_msgs/msg/sound.h
[1.770s] -- Up-to-date symlink: /home/just-vitou/turtlebot3_workspace/install/turtlebot3_msgs/include/turtlebot3_msgs/turtlebot3_msgs/msg/version_info.h
[1.770s] -- Up-to-date symlink: /home/just-vitou/turtlebot3_workspace/install/turtlebot3_msgs/include/turtlebot3_msgs/turtlebot3_msgs/srv/detail/dqn__functions.h
[1.770s] -- Up-to-date symlink: /home/just-vitou/turtlebot3_workspace/install/turtlebot3_msgs/include/turtlebot3_msgs/turtlebot3_msgs/srv/detail/dqn__struct.h
[1.770s] -- Up-to-date symlink: /home/just-vitou/turtlebot3_workspace/install/turtlebot3_msgs/include/turtlebot3_msgs/turtlebot3_msgs/srv/detail/dqn__type_support.h
[1.771s] -- Up-to-date symlink: /home/just-vitou/turtlebot3_workspace/install/turtlebot3_msgs/include/turtlebot3_msgs/turtlebot3_msgs/srv/detail/goal__functions.h
[1.772s] -- Up-to-date symlink: /home/just-vitou/turtlebot3_workspace/install/turtlebot3_msgs/include/turtlebot3_msgs/turtlebot3_msgs/srv/detail/goal__struct.h
[1.773s] -- Up-to-date symlink: /home/just-vitou/turtlebot3_workspace/install/turtlebot3_msgs/include/turtlebot3_msgs/turtlebot3_msgs/srv/detail/goal__type_support.h
[1.774s] -- Up-to-date symlink: /home/just-vitou/turtlebot3_workspace/install/turtlebot3_msgs/include/turtlebot3_msgs/turtlebot3_msgs/srv/detail/sound__functions.h
[1.774s] -- Up-to-date symlink: /home/just-vitou/turtlebot3_workspace/install/turtlebot3_msgs/include/turtlebot3_msgs/turtlebot3_msgs/srv/detail/sound__struct.h
[1.775s] -- Up-to-date symlink: /home/just-vitou/turtlebot3_workspace/install/turtlebot3_msgs/include/turtlebot3_msgs/turtlebot3_msgs/srv/detail/sound__type_support.h
[1.775s] -- Up-to-date symlink: /home/just-vitou/turtlebot3_workspace/install/turtlebot3_msgs/include/turtlebot3_msgs/turtlebot3_msgs/srv/dqn.h
[1.776s] -- Up-to-date symlink: /home/just-vitou/turtlebot3_workspace/install/turtlebot3_msgs/include/turtlebot3_msgs/turtlebot3_msgs/srv/goal.h
[1.776s] -- Up-to-date symlink: /home/just-vitou/turtlebot3_workspace/install/turtlebot3_msgs/include/turtlebot3_msgs/turtlebot3_msgs/srv/sound.h
[1.777s] -- Up-to-date symlink: /home/just-vitou/turtlebot3_workspace/install/turtlebot3_msgs/share/turtlebot3_msgs/environment/library_path.sh
[1.778s] -- Up-to-date symlink: /home/just-vitou/turtlebot3_workspace/install/turtlebot3_msgs/share/turtlebot3_msgs/environment/library_path.dsv
[1.778s] -- Up-to-date symlink: /home/just-vitou/turtlebot3_workspace/install/turtlebot3_msgs/include/turtlebot3_msgs/turtlebot3_msgs/action/detail/patrol__rosidl_typesupport_fastrtps_c.h
[1.779s] -- Up-to-date symlink: /home/just-vitou/turtlebot3_workspace/install/turtlebot3_msgs/include/turtlebot3_msgs/turtlebot3_msgs/msg/detail/sensor_state__rosidl_typesupport_fastrtps_c.h
[1.780s] -- Up-to-date symlink: /home/just-vitou/turtlebot3_workspace/install/turtlebot3_msgs/include/turtlebot3_msgs/turtlebot3_msgs/msg/detail/sound__rosidl_typesupport_fastrtps_c.h
[1.780s] -- Up-to-date symlink: /home/just-vitou/turtlebot3_workspace/install/turtlebot3_msgs/include/turtlebot3_msgs/turtlebot3_msgs/msg/detail/version_info__rosidl_typesupport_fastrtps_c.h
[1.780s] -- Up-to-date symlink: /home/just-vitou/turtlebot3_workspace/install/turtlebot3_msgs/include/turtlebot3_msgs/turtlebot3_msgs/msg/rosidl_typesupport_fastrtps_c__visibility_control.h
[1.781s] -- Up-to-date symlink: /home/just-vitou/turtlebot3_workspace/install/turtlebot3_msgs/include/turtlebot3_msgs/turtlebot3_msgs/srv/detail/dqn__rosidl_typesupport_fastrtps_c.h
[1.781s] -- Up-to-date symlink: /home/just-vitou/turtlebot3_workspace/install/turtlebot3_msgs/include/turtlebot3_msgs/turtlebot3_msgs/srv/detail/goal__rosidl_typesupport_fastrtps_c.h
[1.781s] -- Up-to-date symlink: /home/just-vitou/turtlebot3_workspace/install/turtlebot3_msgs/include/turtlebot3_msgs/turtlebot3_msgs/srv/detail/sound__rosidl_typesupport_fastrtps_c.h
[1.782s] -- Up-to-date symlink: /home/just-vitou/turtlebot3_workspace/install/turtlebot3_msgs/include/turtlebot3_msgs/turtlebot3_msgs/action/detail/patrol__builder.hpp
[1.782s] -- Up-to-date symlink: /home/just-vitou/turtlebot3_workspace/install/turtlebot3_msgs/include/turtlebot3_msgs/turtlebot3_msgs/action/detail/patrol__struct.hpp
[1.784s] -- Up-to-date symlink: /home/just-vitou/turtlebot3_workspace/install/turtlebot3_msgs/include/turtlebot3_msgs/turtlebot3_msgs/action/detail/patrol__traits.hpp
[1.784s] -- Up-to-date symlink: /home/just-vitou/turtlebot3_workspace/install/turtlebot3_msgs/include/turtlebot3_msgs/turtlebot3_msgs/action/detail/patrol__type_support.hpp
[1.784s] -- Up-to-date symlink: /home/just-vitou/turtlebot3_workspace/install/turtlebot3_msgs/include/turtlebot3_msgs/turtlebot3_msgs/action/patrol.hpp
[1.784s] -- Up-to-date symlink: /home/just-vitou/turtlebot3_workspace/install/turtlebot3_msgs/include/turtlebot3_msgs/turtlebot3_msgs/msg/detail/sensor_state__builder.hpp
[1.785s] -- Up-to-date symlink: /home/just-vitou/turtlebot3_workspace/install/turtlebot3_msgs/include/turtlebot3_msgs/turtlebot3_msgs/msg/detail/sensor_state__struct.hpp
[1.785s] -- Up-to-date symlink: /home/just-vitou/turtlebot3_workspace/install/turtlebot3_msgs/include/turtlebot3_msgs/turtlebot3_msgs/msg/detail/sensor_state__traits.hpp
[1.786s] -- Up-to-date symlink: /home/just-vitou/turtlebot3_workspace/install/turtlebot3_msgs/include/turtlebot3_msgs/turtlebot3_msgs/msg/detail/sensor_state__type_support.hpp
[1.786s] -- Up-to-date symlink: /home/just-vitou/turtlebot3_workspace/install/turtlebot3_msgs/include/turtlebot3_msgs/turtlebot3_msgs/msg/detail/sound__builder.hpp
[1.786s] -- Up-to-date symlink: /home/just-vitou/turtlebot3_workspace/install/turtlebot3_msgs/include/turtlebot3_msgs/turtlebot3_msgs/msg/detail/sound__struct.hpp
[1.786s] -- Up-to-date symlink: /home/just-vitou/turtlebot3_workspace/install/turtlebot3_msgs/include/turtlebot3_msgs/turtlebot3_msgs/msg/detail/sound__traits.hpp
[1.786s] -- Up-to-date symlink: /home/just-vitou/turtlebot3_workspace/install/turtlebot3_msgs/include/turtlebot3_msgs/turtlebot3_msgs/msg/detail/sound__type_support.hpp
[1.786s] -- Up-to-date symlink: /home/just-vitou/turtlebot3_workspace/install/turtlebot3_msgs/include/turtlebot3_msgs/turtlebot3_msgs/msg/detail/version_info__builder.hpp
[1.787s] -- Up-to-date symlink: /home/just-vitou/turtlebot3_workspace/install/turtlebot3_msgs/include/turtlebot3_msgs/turtlebot3_msgs/msg/detail/version_info__struct.hpp
[1.787s] -- Up-to-date symlink: /home/just-vitou/turtlebot3_workspace/install/turtlebot3_msgs/include/turtlebot3_msgs/turtlebot3_msgs/msg/detail/version_info__traits.hpp
[1.787s] -- Up-to-date symlink: /home/just-vitou/turtlebot3_workspace/install/turtlebot3_msgs/include/turtlebot3_msgs/turtlebot3_msgs/msg/detail/version_info__type_support.hpp
[1.787s] -- Up-to-date symlink: /home/just-vitou/turtlebot3_workspace/install/turtlebot3_msgs/include/turtlebot3_msgs/turtlebot3_msgs/msg/rosidl_generator_cpp__visibility_control.hpp
[1.788s] -- Up-to-date symlink: /home/just-vitou/turtlebot3_workspace/install/turtlebot3_msgs/include/turtlebot3_msgs/turtlebot3_msgs/msg/sensor_state.hpp
[1.788s] -- Up-to-date symlink: /home/just-vitou/turtlebot3_workspace/install/turtlebot3_msgs/include/turtlebot3_msgs/turtlebot3_msgs/msg/sound.hpp
[1.788s] -- Up-to-date symlink: /home/just-vitou/turtlebot3_workspace/install/turtlebot3_msgs/include/turtlebot3_msgs/turtlebot3_msgs/msg/version_info.hpp
[1.788s] -- Up-to-date symlink: /home/just-vitou/turtlebot3_workspace/install/turtlebot3_msgs/include/turtlebot3_msgs/turtlebot3_msgs/srv/detail/dqn__builder.hpp
[1.788s] -- Up-to-date symlink: /home/just-vitou/turtlebot3_workspace/install/turtlebot3_msgs/include/turtlebot3_msgs/turtlebot3_msgs/srv/detail/dqn__struct.hpp
[1.789s] -- Up-to-date symlink: /home/just-vitou/turtlebot3_workspace/install/turtlebot3_msgs/include/turtlebot3_msgs/turtlebot3_msgs/srv/detail/dqn__traits.hpp
[1.789s] -- Up-to-date symlink: /home/just-vitou/turtlebot3_workspace/install/turtlebot3_msgs/include/turtlebot3_msgs/turtlebot3_msgs/srv/detail/dqn__type_support.hpp
[1.789s] -- Up-to-date symlink: /home/just-vitou/turtlebot3_workspace/install/turtlebot3_msgs/include/turtlebot3_msgs/turtlebot3_msgs/srv/detail/goal__builder.hpp
[1.789s] -- Up-to-date symlink: /home/just-vitou/turtlebot3_workspace/install/turtlebot3_msgs/include/turtlebot3_msgs/turtlebot3_msgs/srv/detail/goal__struct.hpp
[1.790s] -- Up-to-date symlink: /home/just-vitou/turtlebot3_workspace/install/turtlebot3_msgs/include/turtlebot3_msgs/turtlebot3_msgs/srv/detail/goal__traits.hpp
[1.790s] -- Up-to-date symlink: /home/just-vitou/turtlebot3_workspace/install/turtlebot3_msgs/include/turtlebot3_msgs/turtlebot3_msgs/srv/detail/goal__type_support.hpp
[1.790s] -- Up-to-date symlink: /home/just-vitou/turtlebot3_workspace/install/turtlebot3_msgs/include/turtlebot3_msgs/turtlebot3_msgs/srv/detail/sound__builder.hpp
[1.790s] -- Up-to-date symlink: /home/just-vitou/turtlebot3_workspace/install/turtlebot3_msgs/include/turtlebot3_msgs/turtlebot3_msgs/srv/detail/sound__struct.hpp
[1.791s] -- Up-to-date symlink: /home/just-vitou/turtlebot3_workspace/install/turtlebot3_msgs/include/turtlebot3_msgs/turtlebot3_msgs/srv/detail/sound__traits.hpp
[1.791s] -- Up-to-date symlink: /home/just-vitou/turtlebot3_workspace/install/turtlebot3_msgs/include/turtlebot3_msgs/turtlebot3_msgs/srv/detail/sound__type_support.hpp
[1.792s] -- Up-to-date symlink: /home/just-vitou/turtlebot3_workspace/install/turtlebot3_msgs/include/turtlebot3_msgs/turtlebot3_msgs/srv/dqn.hpp
[1.793s] -- Up-to-date symlink: /home/just-vitou/turtlebot3_workspace/install/turtlebot3_msgs/include/turtlebot3_msgs/turtlebot3_msgs/srv/goal.hpp
[1.793s] -- Up-to-date symlink: /home/just-vitou/turtlebot3_workspace/install/turtlebot3_msgs/include/turtlebot3_msgs/turtlebot3_msgs/srv/sound.hpp
[1.793s] -- Up-to-date symlink: /home/just-vitou/turtlebot3_workspace/install/turtlebot3_msgs/include/turtlebot3_msgs/turtlebot3_msgs/action/detail/patrol__rosidl_typesupport_fastrtps_cpp.hpp
[1.794s] -- Up-to-date symlink: /home/just-vitou/turtlebot3_workspace/install/turtlebot3_msgs/include/turtlebot3_msgs/turtlebot3_msgs/msg/detail/sensor_state__rosidl_typesupport_fastrtps_cpp.hpp
[1.794s] -- Up-to-date symlink: /home/just-vitou/turtlebot3_workspace/install/turtlebot3_msgs/include/turtlebot3_msgs/turtlebot3_msgs/msg/detail/sound__rosidl_typesupport_fastrtps_cpp.hpp
[1.794s] -- Up-to-date symlink: /home/just-vitou/turtlebot3_workspace/install/turtlebot3_msgs/include/turtlebot3_msgs/turtlebot3_msgs/msg/detail/version_info__rosidl_typesupport_fastrtps_cpp.hpp
[1.795s] -- Up-to-date symlink: /home/just-vitou/turtlebot3_workspace/install/turtlebot3_msgs/include/turtlebot3_msgs/turtlebot3_msgs/msg/rosidl_typesupport_fastrtps_cpp__visibility_control.h
[1.796s] -- Up-to-date symlink: /home/just-vitou/turtlebot3_workspace/install/turtlebot3_msgs/include/turtlebot3_msgs/turtlebot3_msgs/srv/detail/dqn__rosidl_typesupport_fastrtps_cpp.hpp
[1.796s] -- Up-to-date symlink: /home/just-vitou/turtlebot3_workspace/install/turtlebot3_msgs/include/turtlebot3_msgs/turtlebot3_msgs/srv/detail/goal__rosidl_typesupport_fastrtps_cpp.hpp
[1.796s] -- Up-to-date symlink: /home/just-vitou/turtlebot3_workspace/install/turtlebot3_msgs/include/turtlebot3_msgs/turtlebot3_msgs/srv/detail/sound__rosidl_typesupport_fastrtps_cpp.hpp
[1.796s] -- Up-to-date symlink: /home/just-vitou/turtlebot3_workspace/install/turtlebot3_msgs/include/turtlebot3_msgs/turtlebot3_msgs/action/detail/patrol__rosidl_typesupport_introspection_c.h
[1.797s] -- Up-to-date symlink: /home/just-vitou/turtlebot3_workspace/install/turtlebot3_msgs/include/turtlebot3_msgs/turtlebot3_msgs/msg/detail/sensor_state__rosidl_typesupport_introspection_c.h
[1.797s] -- Up-to-date symlink: /home/just-vitou/turtlebot3_workspace/install/turtlebot3_msgs/include/turtlebot3_msgs/turtlebot3_msgs/msg/detail/sound__rosidl_typesupport_introspection_c.h
[1.797s] -- Up-to-date symlink: /home/just-vitou/turtlebot3_workspace/install/turtlebot3_msgs/include/turtlebot3_msgs/turtlebot3_msgs/msg/detail/version_info__rosidl_typesupport_introspection_c.h
[1.798s] -- Up-to-date symlink: /home/just-vitou/turtlebot3_workspace/install/turtlebot3_msgs/include/turtlebot3_msgs/turtlebot3_msgs/msg/rosidl_typesupport_introspection_c__visibility_control.h
[1.798s] -- Up-to-date symlink: /home/just-vitou/turtlebot3_workspace/install/turtlebot3_msgs/include/turtlebot3_msgs/turtlebot3_msgs/srv/detail/dqn__rosidl_typesupport_introspection_c.h
[1.798s] -- Up-to-date symlink: /home/just-vitou/turtlebot3_workspace/install/turtlebot3_msgs/include/turtlebot3_msgs/turtlebot3_msgs/srv/detail/goal__rosidl_typesupport_introspection_c.h
[1.798s] -- Up-to-date symlink: /home/just-vitou/turtlebot3_workspace/install/turtlebot3_msgs/include/turtlebot3_msgs/turtlebot3_msgs/srv/detail/sound__rosidl_typesupport_introspection_c.h
[1.799s] -- Up-to-date symlink: /home/just-vitou/turtlebot3_workspace/install/turtlebot3_msgs/include/turtlebot3_msgs/turtlebot3_msgs/action/detail/patrol__rosidl_typesupport_introspection_cpp.hpp
[1.800s] -- Up-to-date symlink: /home/just-vitou/turtlebot3_workspace/install/turtlebot3_msgs/include/turtlebot3_msgs/turtlebot3_msgs/msg/detail/sensor_state__rosidl_typesupport_introspection_cpp.hpp
[1.801s] -- Up-to-date symlink: /home/just-vitou/turtlebot3_workspace/install/turtlebot3_msgs/include/turtlebot3_msgs/turtlebot3_msgs/msg/detail/sound__rosidl_typesupport_introspection_cpp.hpp
[1.801s] -- Up-to-date symlink: /home/just-vitou/turtlebot3_workspace/install/turtlebot3_msgs/include/turtlebot3_msgs/turtlebot3_msgs/msg/detail/version_info__rosidl_typesupport_introspection_cpp.hpp
[1.801s] -- Up-to-date symlink: /home/just-vitou/turtlebot3_workspace/install/turtlebot3_msgs/include/turtlebot3_msgs/turtlebot3_msgs/srv/detail/dqn__rosidl_typesupport_introspection_cpp.hpp
[1.801s] -- Up-to-date symlink: /home/just-vitou/turtlebot3_workspace/install/turtlebot3_msgs/include/turtlebot3_msgs/turtlebot3_msgs/srv/detail/goal__rosidl_typesupport_introspection_cpp.hpp
[1.802s] -- Up-to-date symlink: /home/just-vitou/turtlebot3_workspace/install/turtlebot3_msgs/include/turtlebot3_msgs/turtlebot3_msgs/srv/detail/sound__rosidl_typesupport_introspection_cpp.hpp
[1.802s] -- Up-to-date symlink: /home/just-vitou/turtlebot3_workspace/install/turtlebot3_msgs/share/turtlebot3_msgs/environment/pythonpath.sh
[1.802s] -- Up-to-date symlink: /home/just-vitou/turtlebot3_workspace/install/turtlebot3_msgs/share/turtlebot3_msgs/environment/pythonpath.dsv
[1.802s] -- Up-to-date symlink: /home/just-vitou/turtlebot3_workspace/install/turtlebot3_msgs/local/lib/python3.10/dist-packages/turtlebot3_msgs-2.4.0-py3.10.egg-info/PKG-INFO
[1.803s] -- Up-to-date symlink: /home/just-vitou/turtlebot3_workspace/install/turtlebot3_msgs/local/lib/python3.10/dist-packages/turtlebot3_msgs-2.4.0-py3.10.egg-info/SOURCES.txt
[1.803s] -- Up-to-date symlink: /home/just-vitou/turtlebot3_workspace/install/turtlebot3_msgs/local/lib/python3.10/dist-packages/turtlebot3_msgs-2.4.0-py3.10.egg-info/dependency_links.txt
[1.803s] -- Up-to-date symlink: /home/just-vitou/turtlebot3_workspace/install/turtlebot3_msgs/local/lib/python3.10/dist-packages/turtlebot3_msgs-2.4.0-py3.10.egg-info/top_level.txt
[1.804s] -- Up-to-date symlink: /home/just-vitou/turtlebot3_workspace/install/turtlebot3_msgs/local/lib/python3.10/dist-packages/turtlebot3_msgs/__init__.py
[1.806s] -- Up-to-date symlink: /home/just-vitou/turtlebot3_workspace/install/turtlebot3_msgs/local/lib/python3.10/dist-packages/turtlebot3_msgs/_turtlebot3_msgs_s.ep.rosidl_typesupport_c.c
[1.806s] -- Up-to-date symlink: /home/just-vitou/turtlebot3_workspace/install/turtlebot3_msgs/local/lib/python3.10/dist-packages/turtlebot3_msgs/_turtlebot3_msgs_s.ep.rosidl_typesupport_fastrtps_c.c
[1.806s] -- Up-to-date symlink: /home/just-vitou/turtlebot3_workspace/install/turtlebot3_msgs/local/lib/python3.10/dist-packages/turtlebot3_msgs/_turtlebot3_msgs_s.ep.rosidl_typesupport_introspection_c.c
[1.807s] -- Up-to-date symlink: /home/just-vitou/turtlebot3_workspace/install/turtlebot3_msgs/local/lib/python3.10/dist-packages/turtlebot3_msgs/action/__init__.py
[1.807s] -- Up-to-date symlink: /home/just-vitou/turtlebot3_workspace/install/turtlebot3_msgs/local/lib/python3.10/dist-packages/turtlebot3_msgs/action/_patrol.py
[1.809s] -- Up-to-date symlink: /home/just-vitou/turtlebot3_workspace/install/turtlebot3_msgs/local/lib/python3.10/dist-packages/turtlebot3_msgs/action/_patrol_s.c
[1.810s] -- Up-to-date symlink: /home/just-vitou/turtlebot3_workspace/install/turtlebot3_msgs/local/lib/python3.10/dist-packages/turtlebot3_msgs/libturtlebot3_msgs__rosidl_generator_py.so
[1.811s] -- Up-to-date symlink: /home/just-vitou/turtlebot3_workspace/install/turtlebot3_msgs/local/lib/python3.10/dist-packages/turtlebot3_msgs/msg/__init__.py
[1.811s] -- Up-to-date symlink: /home/just-vitou/turtlebot3_workspace/install/turtlebot3_msgs/local/lib/python3.10/dist-packages/turtlebot3_msgs/msg/_sensor_state.py
[1.812s] -- Up-to-date symlink: /home/just-vitou/turtlebot3_workspace/install/turtlebot3_msgs/local/lib/python3.10/dist-packages/turtlebot3_msgs/msg/_sensor_state_s.c
[1.813s] -- Up-to-date symlink: /home/just-vitou/turtlebot3_workspace/install/turtlebot3_msgs/local/lib/python3.10/dist-packages/turtlebot3_msgs/msg/_sound.py
[1.813s] -- Up-to-date symlink: /home/just-vitou/turtlebot3_workspace/install/turtlebot3_msgs/local/lib/python3.10/dist-packages/turtlebot3_msgs/msg/_sound_s.c
[1.814s] -- Up-to-date symlink: /home/just-vitou/turtlebot3_workspace/install/turtlebot3_msgs/local/lib/python3.10/dist-packages/turtlebot3_msgs/msg/_version_info.py
[1.814s] -- Up-to-date symlink: /home/just-vitou/turtlebot3_workspace/install/turtlebot3_msgs/local/lib/python3.10/dist-packages/turtlebot3_msgs/msg/_version_info_s.c
[1.814s] -- Up-to-date symlink: /home/just-vitou/turtlebot3_workspace/install/turtlebot3_msgs/local/lib/python3.10/dist-packages/turtlebot3_msgs/srv/__init__.py
[1.816s] -- Up-to-date symlink: /home/just-vitou/turtlebot3_workspace/install/turtlebot3_msgs/local/lib/python3.10/dist-packages/turtlebot3_msgs/srv/_dqn.py
[1.816s] -- Up-to-date symlink: /home/just-vitou/turtlebot3_workspace/install/turtlebot3_msgs/local/lib/python3.10/dist-packages/turtlebot3_msgs/srv/_dqn_s.c
[1.818s] -- Up-to-date symlink: /home/just-vitou/turtlebot3_workspace/install/turtlebot3_msgs/local/lib/python3.10/dist-packages/turtlebot3_msgs/srv/_goal.py
[1.819s] -- Up-to-date symlink: /home/just-vitou/turtlebot3_workspace/install/turtlebot3_msgs/local/lib/python3.10/dist-packages/turtlebot3_msgs/srv/_goal_s.c
[1.820s] -- Up-to-date symlink: /home/just-vitou/turtlebot3_workspace/install/turtlebot3_msgs/local/lib/python3.10/dist-packages/turtlebot3_msgs/srv/_sound.py
[1.820s] -- Up-to-date symlink: /home/just-vitou/turtlebot3_workspace/install/turtlebot3_msgs/local/lib/python3.10/dist-packages/turtlebot3_msgs/srv/_sound_s.c
[1.821s] -- Up-to-date symlink: /home/just-vitou/turtlebot3_workspace/install/turtlebot3_msgs/local/lib/python3.10/dist-packages/turtlebot3_msgs/turtlebot3_msgs_s__rosidl_typesupport_c.cpython-310-x86_64-linux-gnu.so
[1.822s] -- Up-to-date symlink: /home/just-vitou/turtlebot3_workspace/install/turtlebot3_msgs/local/lib/python3.10/dist-packages/turtlebot3_msgs/turtlebot3_msgs_s__rosidl_typesupport_fastrtps_c.cpython-310-x86_64-linux-gnu.so
[1.822s] -- Up-to-date symlink: /home/just-vitou/turtlebot3_workspace/install/turtlebot3_msgs/local/lib/python3.10/dist-packages/turtlebot3_msgs/turtlebot3_msgs_s__rosidl_typesupport_introspection_c.cpython-310-x86_64-linux-gnu.so
[1.823s] -- Up-to-date symlink: /home/just-vitou/turtlebot3_workspace/install/turtlebot3_msgs/local/lib/python3.10/dist-packages/turtlebot3_msgs/turtlebot3_msgs_s__rosidl_typesupport_fastrtps_c.cpython-310-x86_64-linux-gnu.so
[1.825s] -- Up-to-date symlink: /home/just-vitou/turtlebot3_workspace/install/turtlebot3_msgs/local/lib/python3.10/dist-packages/turtlebot3_msgs/turtlebot3_msgs_s__rosidl_typesupport_introspection_c.cpython-310-x86_64-linux-gnu.so
[1.825s] -- Up-to-date symlink: /home/just-vitou/turtlebot3_workspace/install/turtlebot3_msgs/local/lib/python3.10/dist-packages/turtlebot3_msgs/turtlebot3_msgs_s__rosidl_typesupport_c.cpython-310-x86_64-linux-gnu.so
[1.827s] -- Up-to-date symlink: /home/just-vitou/turtlebot3_workspace/install/turtlebot3_msgs/share/turtlebot3_msgs/msg/SensorState.idl
[1.829s] -- Up-to-date symlink: /home/just-vitou/turtlebot3_workspace/install/turtlebot3_msgs/share/turtlebot3_msgs/msg/Sound.idl
[1.830s] -- Up-to-date symlink: /home/just-vitou/turtlebot3_workspace/install/turtlebot3_msgs/share/turtlebot3_msgs/msg/VersionInfo.idl
[1.831s] -- Up-to-date symlink: /home/just-vitou/turtlebot3_workspace/install/turtlebot3_msgs/share/turtlebot3_msgs/srv/Sound.idl
[1.832s] -- Up-to-date symlink: /home/just-vitou/turtlebot3_workspace/install/turtlebot3_msgs/share/turtlebot3_msgs/srv/Dqn.idl
[1.834s] -- Up-to-date symlink: /home/just-vitou/turtlebot3_workspace/install/turtlebot3_msgs/share/turtlebot3_msgs/srv/Goal.idl
[1.835s] -- Up-to-date symlink: /home/just-vitou/turtlebot3_workspace/install/turtlebot3_msgs/share/turtlebot3_msgs/action/Patrol.idl
[1.836s] -- Up-to-date symlink: /home/just-vitou/turtlebot3_workspace/install/turtlebot3_msgs/share/turtlebot3_msgs/msg/SensorState.msg
[1.838s] -- Up-to-date symlink: /home/just-vitou/turtlebot3_workspace/install/turtlebot3_msgs/share/turtlebot3_msgs/msg/Sound.msg
[1.840s] -- Up-to-date symlink: /home/just-vitou/turtlebot3_workspace/install/turtlebot3_msgs/share/turtlebot3_msgs/msg/VersionInfo.msg
[1.841s] -- Up-to-date symlink: /home/just-vitou/turtlebot3_workspace/install/turtlebot3_msgs/share/turtlebot3_msgs/srv/Sound.srv
[1.842s] -- Up-to-date symlink: /home/just-vitou/turtlebot3_workspace/install/turtlebot3_msgs/share/turtlebot3_msgs/srv/Sound_Request.msg
[1.843s] -- Up-to-date symlink: /home/just-vitou/turtlebot3_workspace/install/turtlebot3_msgs/share/turtlebot3_msgs/srv/Sound_Response.msg
[1.844s] -- Up-to-date symlink: /home/just-vitou/turtlebot3_workspace/install/turtlebot3_msgs/share/turtlebot3_msgs/srv/Dqn.srv
[1.845s] -- Up-to-date symlink: /home/just-vitou/turtlebot3_workspace/install/turtlebot3_msgs/share/turtlebot3_msgs/srv/Dqn_Request.msg
[1.847s] -- Up-to-date symlink: /home/just-vitou/turtlebot3_workspace/install/turtlebot3_msgs/share/turtlebot3_msgs/srv/Dqn_Response.msg
[1.848s] -- Up-to-date symlink: /home/just-vitou/turtlebot3_workspace/install/turtlebot3_msgs/share/turtlebot3_msgs/srv/Goal.srv
[1.849s] -- Up-to-date symlink: /home/just-vitou/turtlebot3_workspace/install/turtlebot3_msgs/share/turtlebot3_msgs/srv/Goal_Request.msg
[1.850s] -- Up-to-date symlink: /home/just-vitou/turtlebot3_workspace/install/turtlebot3_msgs/share/turtlebot3_msgs/srv/Goal_Response.msg
[1.851s] -- Up-to-date symlink: /home/just-vitou/turtlebot3_workspace/install/turtlebot3_msgs/share/turtlebot3_msgs/action/Patrol.action
[1.852s] -- Up-to-date symlink: /home/just-vitou/turtlebot3_workspace/install/turtlebot3_msgs/share/ament_index/resource_index/package_run_dependencies/turtlebot3_msgs
[1.853s] -- Up-to-date symlink: /home/just-vitou/turtlebot3_workspace/install/turtlebot3_msgs/share/ament_index/resource_index/parent_prefix_path/turtlebot3_msgs
[1.858s] -- Up-to-date symlink: /home/just-vitou/turtlebot3_workspace/install/turtlebot3_msgs/share/turtlebot3_msgs/environment/ament_prefix_path.sh
[1.859s] -- Up-to-date symlink: /home/just-vitou/turtlebot3_workspace/install/turtlebot3_msgs/share/turtlebot3_msgs/environment/ament_prefix_path.dsv
[1.861s] -- Up-to-date symlink: /home/just-vitou/turtlebot3_workspace/install/turtlebot3_msgs/share/turtlebot3_msgs/environment/path.sh
[1.861s] -- Up-to-date symlink: /home/just-vitou/turtlebot3_workspace/install/turtlebot3_msgs/share/turtlebot3_msgs/environment/path.dsv
[1.863s] -- Up-to-date symlink: /home/just-vitou/turtlebot3_workspace/install/turtlebot3_msgs/share/turtlebot3_msgs/local_setup.bash
[1.863s] -- Up-to-date symlink: /home/just-vitou/turtlebot3_workspace/install/turtlebot3_msgs/share/turtlebot3_msgs/local_setup.sh
[1.865s] -- Up-to-date symlink: /home/just-vitou/turtlebot3_workspace/install/turtlebot3_msgs/share/turtlebot3_msgs/local_setup.zsh
[1.865s] -- Up-to-date symlink: /home/just-vitou/turtlebot3_workspace/install/turtlebot3_msgs/share/turtlebot3_msgs/local_setup.dsv
[1.865s] -- Symlinking: /home/just-vitou/turtlebot3_workspace/install/turtlebot3_msgs/share/turtlebot3_msgs/package.dsv
[1.890s] -- Up-to-date symlink: /home/just-vitou/turtlebot3_workspace/install/turtlebot3_msgs/share/ament_index/resource_index/packages/turtlebot3_msgs
[1.892s] -- Up-to-date symlink: /home/just-vitou/turtlebot3_workspace/install/turtlebot3_msgs/share/turtlebot3_msgs/cmake/rosidl_cmake-extras.cmake
[1.892s] -- Up-to-date symlink: /home/just-vitou/turtlebot3_workspace/install/turtlebot3_msgs/share/turtlebot3_msgs/cmake/ament_cmake_export_dependencies-extras.cmake
[1.893s] -- Up-to-date symlink: /home/just-vitou/turtlebot3_workspace/install/turtlebot3_msgs/share/turtlebot3_msgs/cmake/ament_cmake_export_include_directories-extras.cmake
[1.894s] -- Up-to-date symlink: /home/just-vitou/turtlebot3_workspace/install/turtlebot3_msgs/share/turtlebot3_msgs/cmake/ament_cmake_export_libraries-extras.cmake
[1.894s] -- Up-to-date symlink: /home/just-vitou/turtlebot3_workspace/install/turtlebot3_msgs/share/turtlebot3_msgs/cmake/ament_cmake_export_targets-extras.cmake
[1.895s] -- Up-to-date symlink: /home/just-vitou/turtlebot3_workspace/install/turtlebot3_msgs/share/turtlebot3_msgs/cmake/rosidl_cmake_export_typesupport_targets-extras.cmake
[1.895s] -- Up-to-date symlink: /home/just-vitou/turtlebot3_workspace/install/turtlebot3_msgs/share/turtlebot3_msgs/cmake/rosidl_cmake_export_typesupport_libraries-extras.cmake
[1.896s] -- Up-to-date symlink: /home/just-vitou/turtlebot3_workspace/install/turtlebot3_msgs/share/turtlebot3_msgs/cmake/turtlebot3_msgsConfig.cmake
[1.897s] -- Up-to-date symlink: /home/just-vitou/turtlebot3_workspace/install/turtlebot3_msgs/share/turtlebot3_msgs/cmake/turtlebot3_msgsConfig-version.cmake
[1.898s] -- Up-to-date symlink: /home/just-vitou/turtlebot3_workspace/install/turtlebot3_msgs/share/turtlebot3_msgs/package.xml
[1.899s] -- Up-to-date: /home/just-vitou/turtlebot3_workspace/install/turtlebot3_msgs/lib/libturtlebot3_msgs__rosidl_generator_c.so
[1.901s] -- Up-to-date: /home/just-vitou/turtlebot3_workspace/install/turtlebot3_msgs/lib/libturtlebot3_msgs__rosidl_typesupport_fastrtps_c.so
[1.905s] -- Up-to-date: /home/just-vitou/turtlebot3_workspace/install/turtlebot3_msgs/lib/libturtlebot3_msgs__rosidl_typesupport_fastrtps_cpp.so
[1.911s] -- Up-to-date: /home/just-vitou/turtlebot3_workspace/install/turtlebot3_msgs/lib/libturtlebot3_msgs__rosidl_typesupport_introspection_c.so
[1.913s] -- Up-to-date: /home/just-vitou/turtlebot3_workspace/install/turtlebot3_msgs/lib/libturtlebot3_msgs__rosidl_typesupport_c.so
[1.915s] -- Up-to-date: /home/just-vitou/turtlebot3_workspace/install/turtlebot3_msgs/lib/libturtlebot3_msgs__rosidl_typesupport_introspection_cpp.so
[1.918s] -- Up-to-date: /home/just-vitou/turtlebot3_workspace/install/turtlebot3_msgs/lib/libturtlebot3_msgs__rosidl_typesupport_cpp.so
[2.035s] Listing '/home/just-vitou/turtlebot3_workspace/install/turtlebot3_msgs/local/lib/python3.10/dist-packages/turtlebot3_msgs'...
[2.036s] Listing '/home/just-vitou/turtlebot3_workspace/install/turtlebot3_msgs/local/lib/python3.10/dist-packages/turtlebot3_msgs/action'...
[2.036s] Listing '/home/just-vitou/turtlebot3_workspace/install/turtlebot3_msgs/local/lib/python3.10/dist-packages/turtlebot3_msgs/msg'...
[2.037s] Listing '/home/just-vitou/turtlebot3_workspace/install/turtlebot3_msgs/local/lib/python3.10/dist-packages/turtlebot3_msgs/srv'...
[2.044s] -- Up-to-date: /home/just-vitou/turtlebot3_workspace/install/turtlebot3_msgs/lib/libturtlebot3_msgs__rosidl_generator_py.so
[2.048s] -- Up-to-date: /home/just-vitou/turtlebot3_workspace/install/turtlebot3_msgs/share/turtlebot3_msgs/cmake/export_turtlebot3_msgs__rosidl_generator_cExport.cmake
[2.048s] -- Up-to-date: /home/just-vitou/turtlebot3_workspace/install/turtlebot3_msgs/share/turtlebot3_msgs/cmake/export_turtlebot3_msgs__rosidl_generator_cExport-noconfig.cmake
[2.049s] -- Up-to-date: /home/just-vitou/turtlebot3_workspace/install/turtlebot3_msgs/share/turtlebot3_msgs/cmake/export_turtlebot3_msgs__rosidl_typesupport_fastrtps_cExport.cmake
[2.049s] -- Up-to-date: /home/just-vitou/turtlebot3_workspace/install/turtlebot3_msgs/share/turtlebot3_msgs/cmake/export_turtlebot3_msgs__rosidl_typesupport_fastrtps_cExport-noconfig.cmake
[2.050s] -- Up-to-date: /home/just-vitou/turtlebot3_workspace/install/turtlebot3_msgs/share/turtlebot3_msgs/cmake/export_turtlebot3_msgs__rosidl_generator_cppExport.cmake
[2.051s] -- Up-to-date: /home/just-vitou/turtlebot3_workspace/install/turtlebot3_msgs/share/turtlebot3_msgs/cmake/export_turtlebot3_msgs__rosidl_typesupport_fastrtps_cppExport.cmake
[2.052s] -- Up-to-date: /home/just-vitou/turtlebot3_workspace/install/turtlebot3_msgs/share/turtlebot3_msgs/cmake/export_turtlebot3_msgs__rosidl_typesupport_fastrtps_cppExport-noconfig.cmake
[2.066s] -- Up-to-date: /home/just-vitou/turtlebot3_workspace/install/turtlebot3_msgs/share/turtlebot3_msgs/cmake/turtlebot3_msgs__rosidl_typesupport_introspection_cExport.cmake
[2.066s] -- Up-to-date: /home/just-vitou/turtlebot3_workspace/install/turtlebot3_msgs/share/turtlebot3_msgs/cmake/turtlebot3_msgs__rosidl_typesupport_introspection_cExport-noconfig.cmake
[2.066s] -- Up-to-date: /home/just-vitou/turtlebot3_workspace/install/turtlebot3_msgs/share/turtlebot3_msgs/cmake/turtlebot3_msgs__rosidl_typesupport_cExport.cmake
[2.067s] -- Up-to-date: /home/just-vitou/turtlebot3_workspace/install/turtlebot3_msgs/share/turtlebot3_msgs/cmake/turtlebot3_msgs__rosidl_typesupport_cExport-noconfig.cmake
[2.067s] -- Up-to-date: /home/just-vitou/turtlebot3_workspace/install/turtlebot3_msgs/share/turtlebot3_msgs/cmake/turtlebot3_msgs__rosidl_typesupport_introspection_cppExport.cmake
[2.067s] -- Up-to-date: /home/just-vitou/turtlebot3_workspace/install/turtlebot3_msgs/share/turtlebot3_msgs/cmake/turtlebot3_msgs__rosidl_typesupport_introspection_cppExport-noconfig.cmake
[2.078s] -- Up-to-date: /home/just-vitou/turtlebot3_workspace/install/turtlebot3_msgs/share/turtlebot3_msgs/cmake/turtlebot3_msgs__rosidl_typesupport_cppExport.cmake
[2.078s] -- Up-to-date: /home/just-vitou/turtlebot3_workspace/install/turtlebot3_msgs/share/turtlebot3_msgs/cmake/turtlebot3_msgs__rosidl_typesupport_cppExport-noconfig.cmake
[2.089s] -- Up-to-date: /home/just-vitou/turtlebot3_workspace/install/turtlebot3_msgs/share/turtlebot3_msgs/cmake/export_turtlebot3_msgs__rosidl_generator_pyExport.cmake
[2.090s] -- Up-to-date: /home/just-vitou/turtlebot3_workspace/install/turtlebot3_msgs/share/turtlebot3_msgs/cmake/export_turtlebot3_msgs__rosidl_generator_pyExport-noconfig.cmake
[2.126s] Invoked command in '/home/just-vitou/turtlebot3_workspace/build/turtlebot3_msgs' returned '0': CMAKE_PREFIX_PATH=${CMAKE_PREFIX_PATH}:/home/just-vitou/turtlebot3_workspace/install/turtlebot3_teleop:/home/just-vitou/turtlebot3_workspace/install/turtlebot3_example:/home/just-vitou/ros2_ws/install/turtlebot_prac:/home/just-vitou/ros2_ws/install/my_robot_controller:/home/just-vitou/turtlebot3_ws/install/turtlebot3_teleop:/home/just-vitou/turtlebot3_ws/install/turtlebot3_example:/home/just-vitou/turtlebot3_ws/install/potential_field:/opt/ros/humble /usr/bin/cmake --install /home/just-vitou/turtlebot3_workspace/build/turtlebot3_msgs
