[0.043s] Invoking command in '/home/just-vitou/turtlebot3_workspace/build/turtlebot3_navigation2': CMAKE_PREFIX_PATH=${CMAKE_PREFIX_PATH}:/home/just-vitou/ros2_ws/install/turtlebot_prac:/home/just-vitou/ros2_ws/install/my_robot_controller:/home/just-vitou/turtlebot3_ws/install/turtlebot3_teleop:/home/just-vitou/turtlebot3_ws/install/turtlebot3_example:/home/just-vitou/turtlebot3_ws/install/potential_field:/opt/ros/humble /usr/bin/cmake /home/just-vitou/turtlebot3_workspace/src/turtlebot3/turtlebot3_navigation2 -DAMENT_CMAKE_SYMLINK_INSTALL=1 -DCMAKE_INSTALL_PREFIX=/home/just-vitou/turtlebot3_workspace/install/turtlebot3_navigation2
[0.308s] -- The C compiler identification is GNU 11.4.0
[0.498s] -- The CXX compiler identification is GNU 11.4.0
[0.515s] -- Detecting C compiler ABI info
[0.765s] -- Detecting C compiler ABI info - done
[0.803s] -- Check for working C compiler: /usr/bin/cc - skipped
[0.804s] -- Detecting C compile features
[0.804s] -- Detecting C compile features - done
[0.815s] -- Detecting CXX compiler ABI info
[1.209s] -- Detecting CXX compiler ABI info - done
[1.259s] -- Check for working CXX compiler: /usr/bin/c++ - skipped
[1.266s] -- Detecting CXX compile features
[1.267s] -- Detecting CXX compile features - done
[1.285s] -- Found ament_cmake: 1.3.11 (/opt/ros/humble/share/ament_cmake/cmake)
[2.277s] -- Found Python3: /usr/bin/python3 (found version "3.10.12") found components: Interpreter 
[2.472s] -- Override CMake install command with custom implementation using symlinks instead of copying resources
[2.786s] -- Configuring done
[2.797s] -- Generating done
[2.804s] -- Build files have been written to: /home/just-vitou/turtlebot3_workspace/build/turtlebot3_navigation2
[2.837s] Invoked command in '/home/just-vitou/turtlebot3_workspace/build/turtlebot3_navigation2' returned '0': CMAKE_PREFIX_PATH=${CMAKE_PREFIX_PATH}:/home/just-vitou/ros2_ws/install/turtlebot_prac:/home/just-vitou/ros2_ws/install/my_robot_controller:/home/just-vitou/turtlebot3_ws/install/turtlebot3_teleop:/home/just-vitou/turtlebot3_ws/install/turtlebot3_example:/home/just-vitou/turtlebot3_ws/install/potential_field:/opt/ros/humble /usr/bin/cmake /home/just-vitou/turtlebot3_workspace/src/turtlebot3/turtlebot3_navigation2 -DAMENT_CMAKE_SYMLINK_INSTALL=1 -DCMAKE_INSTALL_PREFIX=/home/just-vitou/turtlebot3_workspace/install/turtlebot3_navigation2
[2.838s] Invoking command in '/home/just-vitou/turtlebot3_workspace/build/turtlebot3_navigation2': CMAKE_PREFIX_PATH=${CMAKE_PREFIX_PATH}:/home/just-vitou/ros2_ws/install/turtlebot_prac:/home/just-vitou/ros2_ws/install/my_robot_controller:/home/just-vitou/turtlebot3_ws/install/turtlebot3_teleop:/home/just-vitou/turtlebot3_ws/install/turtlebot3_example:/home/just-vitou/turtlebot3_ws/install/potential_field:/opt/ros/humble /usr/bin/cmake --build /home/just-vitou/turtlebot3_workspace/build/turtlebot3_navigation2 -- -j4 -l4
[3.110s] Invoked command in '/home/just-vitou/turtlebot3_workspace/build/turtlebot3_navigation2' returned '0': CMAKE_PREFIX_PATH=${CMAKE_PREFIX_PATH}:/home/just-vitou/ros2_ws/install/turtlebot_prac:/home/just-vitou/ros2_ws/install/my_robot_controller:/home/just-vitou/turtlebot3_ws/install/turtlebot3_teleop:/home/just-vitou/turtlebot3_ws/install/turtlebot3_example:/home/just-vitou/turtlebot3_ws/install/potential_field:/opt/ros/humble /usr/bin/cmake --build /home/just-vitou/turtlebot3_workspace/build/turtlebot3_navigation2 -- -j4 -l4
[3.119s] Invoking command in '/home/just-vitou/turtlebot3_workspace/build/turtlebot3_navigation2': CMAKE_PREFIX_PATH=${CMAKE_PREFIX_PATH}:/home/just-vitou/ros2_ws/install/turtlebot_prac:/home/just-vitou/ros2_ws/install/my_robot_controller:/home/just-vitou/turtlebot3_ws/install/turtlebot3_teleop:/home/just-vitou/turtlebot3_ws/install/turtlebot3_example:/home/just-vitou/turtlebot3_ws/install/potential_field:/opt/ros/humble /usr/bin/cmake --install /home/just-vitou/turtlebot3_workspace/build/turtlebot3_navigation2
[3.170s] -- Install configuration: ""
[3.175s] -- Execute custom install script
[3.177s] -- Symlinking: /home/just-vitou/turtlebot3_workspace/install/turtlebot3_navigation2/share/turtlebot3_navigation2/launch/navigation2.launch.py
[3.221s] -- Symlinking: /home/just-vitou/turtlebot3_workspace/install/turtlebot3_navigation2/share/turtlebot3_navigation2/map/map.pgm
[3.275s] -- Symlinking: /home/just-vitou/turtlebot3_workspace/install/turtlebot3_navigation2/share/turtlebot3_navigation2/map/map.yaml
[3.334s] -- Symlinking: /home/just-vitou/turtlebot3_workspace/install/turtlebot3_navigation2/share/turtlebot3_navigation2/param/burger.yaml
[3.362s] -- Symlinking: /home/just-vitou/turtlebot3_workspace/install/turtlebot3_navigation2/share/turtlebot3_navigation2/param/burger_cam.yaml
[3.406s] -- Symlinking: /home/just-vitou/turtlebot3_workspace/install/turtlebot3_navigation2/share/turtlebot3_navigation2/param/humble/burger.yaml
[3.447s] -- Symlinking: /home/just-vitou/turtlebot3_workspace/install/turtlebot3_navigation2/share/turtlebot3_navigation2/param/humble/burger_cam.yaml
[3.491s] -- Symlinking: /home/just-vitou/turtlebot3_workspace/install/turtlebot3_navigation2/share/turtlebot3_navigation2/param/humble/waffle.yaml
[3.520s] -- Symlinking: /home/just-vitou/turtlebot3_workspace/install/turtlebot3_navigation2/share/turtlebot3_navigation2/param/humble/waffle_pi.yaml
[3.541s] -- Symlinking: /home/just-vitou/turtlebot3_workspace/install/turtlebot3_navigation2/share/turtlebot3_navigation2/param/waffle.yaml
[3.562s] -- Symlinking: /home/just-vitou/turtlebot3_workspace/install/turtlebot3_navigation2/share/turtlebot3_navigation2/param/waffle_pi.yaml
[3.588s] -- Symlinking: /home/just-vitou/turtlebot3_workspace/install/turtlebot3_navigation2/share/turtlebot3_navigation2/rviz/tb3_navigation2.rviz
[3.613s] -- Symlinking: /home/just-vitou/turtlebot3_workspace/install/turtlebot3_navigation2/share/ament_index/resource_index/package_run_dependencies/turtlebot3_navigation2
[3.649s] -- Symlinking: /home/just-vitou/turtlebot3_workspace/install/turtlebot3_navigation2/share/ament_index/resource_index/parent_prefix_path/turtlebot3_navigation2
[3.671s] -- Symlinking: /home/just-vitou/turtlebot3_workspace/install/turtlebot3_navigation2/share/turtlebot3_navigation2/environment/ament_prefix_path.sh
[3.693s] -- Symlinking: /home/just-vitou/turtlebot3_workspace/install/turtlebot3_navigation2/share/turtlebot3_navigation2/environment/ament_prefix_path.dsv
[3.724s] -- Symlinking: /home/just-vitou/turtlebot3_workspace/install/turtlebot3_navigation2/share/turtlebot3_navigation2/environment/path.sh
[3.742s] -- Symlinking: /home/just-vitou/turtlebot3_workspace/install/turtlebot3_navigation2/share/turtlebot3_navigation2/environment/path.dsv
[3.765s] -- Symlinking: /home/just-vitou/turtlebot3_workspace/install/turtlebot3_navigation2/share/turtlebot3_navigation2/local_setup.bash
[3.786s] -- Symlinking: /home/just-vitou/turtlebot3_workspace/install/turtlebot3_navigation2/share/turtlebot3_navigation2/local_setup.sh
[3.837s] -- Symlinking: /home/just-vitou/turtlebot3_workspace/install/turtlebot3_navigation2/share/turtlebot3_navigation2/local_setup.zsh
[3.916s] -- Symlinking: /home/just-vitou/turtlebot3_workspace/install/turtlebot3_navigation2/share/turtlebot3_navigation2/local_setup.dsv
[3.978s] -- Symlinking: /home/just-vitou/turtlebot3_workspace/install/turtlebot3_navigation2/share/turtlebot3_navigation2/package.dsv
[4.043s] -- Symlinking: /home/just-vitou/turtlebot3_workspace/install/turtlebot3_navigation2/share/ament_index/resource_index/packages/turtlebot3_navigation2
[4.108s] -- Symlinking: /home/just-vitou/turtlebot3_workspace/install/turtlebot3_navigation2/share/turtlebot3_navigation2/cmake/turtlebot3_navigation2Config.cmake
[4.172s] -- Symlinking: /home/just-vitou/turtlebot3_workspace/install/turtlebot3_navigation2/share/turtlebot3_navigation2/cmake/turtlebot3_navigation2Config-version.cmake
[4.227s] -- Symlinking: /home/just-vitou/turtlebot3_workspace/install/turtlebot3_navigation2/share/turtlebot3_navigation2/package.xml
[5.110s] Invoked command in '/home/just-vitou/turtlebot3_workspace/build/turtlebot3_navigation2' returned '0': CMAKE_PREFIX_PATH=${CMAKE_PREFIX_PATH}:/home/just-vitou/ros2_ws/install/turtlebot_prac:/home/just-vitou/ros2_ws/install/my_robot_controller:/home/just-vitou/turtlebot3_ws/install/turtlebot3_teleop:/home/just-vitou/turtlebot3_ws/install/turtlebot3_example:/home/just-vitou/turtlebot3_ws/install/potential_field:/opt/ros/humble /usr/bin/cmake --install /home/just-vitou/turtlebot3_workspace/build/turtlebot3_navigation2
