[0.041s] Invoking command in '/home/just-vitou/turtlebot3_workspace/build/dynamixel_sdk_examples': AMENT_PREFIX_PATH=/home/just-vitou/turtlebot3_workspace/install/dynamixel_sdk_custom_interfaces:/home/just-vitou/turtlebot3_workspace/install/dynamixel_sdk:${AMENT_PREFIX_PATH} CMAKE_PREFIX_PATH=/home/just-vitou/turtlebot3_workspace/install/dynamixel_sdk_custom_interfaces:/home/just-vitou/turtlebot3_workspace/install/dynamixel_sdk:/home/just-vitou/turtlebot3_ws/install/turtlebot3:/home/just-vitou/turtlebot3_ws/install/turtlebot3_simulations:/home/just-vitou/turtlebot3_ws/install/turtlebot3_bringup:/home/just-vitou/turtlebot3_ws/install/turtlebot3_node:/home/just-vitou/turtlebot3_ws/install/turtlebot3_navigation2:/home/just-vitou/turtlebot3_ws/install/turtlebot3_fake_node:/home/just-vitou/turtlebot3_ws/install/turtlebot3_msgs:/home/just-vitou/turtlebot3_ws/install/turtlebot3_manipulation_gazebo:/home/just-vitou/turtlebot3_ws/install/turtlebot3_gazebo:/home/just-vitou/turtlebot3_ws/install/turtlebot3_description:/home/just-vitou/turtlebot3_ws/install/turtlebot3_cartographer:/home/just-vitou/turtlebot3_ws/install/dynamixel_sdk_examples:/home/just-vitou/turtlebot3_ws/install/dynamixel_sdk_custom_interfaces:/home/just-vitou/turtlebot3_ws/install/dynamixel_sdk:/home/just-vitou/ros2_ws/install/turtlebot_prac:/home/just-vitou/ros2_ws/install/my_robot_controller:/home/just-vitou/turtlebot3_ws/install/turtlebot3_teleop:/home/just-vitou/turtlebot3_ws/install/turtlebot3_example:/home/just-vitou/turtlebot3_ws/install/potential_field:/opt/ros/humble LD_LIBRARY_PATH=/home/just-vitou/turtlebot3_workspace/install/dynamixel_sdk_custom_interfaces/lib:/home/just-vitou/turtlebot3_workspace/install/dynamixel_sdk/lib:/home/just-vitou/turtlebot3_ws/install/turtlebot3_msgs/lib:/home/just-vitou/turtlebot3_ws/install/dynamixel_sdk_custom_interfaces/lib:/home/just-vitou/turtlebot3_ws/install/dynamixel_sdk/lib:/usr/lib/x86_64-linux-gnu/gazebo-11/plugins:/opt/ros/humble/opt/rviz_ogre_vendor/lib:/opt/ros/humble/lib/x86_64-linux-gnu:/opt/ros/humble/lib:/usr/lib/x86_64-linux-gnu/gazebo-11/plugins PYTHONPATH=/home/just-vitou/turtlebot3_workspace/install/dynamixel_sdk_custom_interfaces/local/lib/python3.10/dist-packages:/home/just-vitou/turtlebot3_workspace/install/dynamixel_sdk/local/lib/python3.10/dist-packages:${PYTHONPATH} /usr/bin/cmake /home/just-vitou/turtlebot3_workspace/src/DynamixelSDK/ros/dynamixel_sdk_examples -DAMENT_CMAKE_SYMLINK_INSTALL=1 -DCMAKE_INSTALL_PREFIX=/home/just-vitou/turtlebot3_workspace/install/dynamixel_sdk_examples
[0.237s] -- The C compiler identification is GNU 11.4.0
[0.528s] -- The CXX compiler identification is GNU 11.4.0
[0.566s] -- Detecting C compiler ABI info
[0.909s] -- Detecting C compiler ABI info - done
[0.954s] -- Check for working C compiler: /usr/bin/cc - skipped
[0.954s] -- Detecting C compile features
[0.959s] -- Detecting C compile features - done
[0.978s] -- Detecting CXX compiler ABI info
[1.262s] -- Detecting CXX compiler ABI info - done
[1.286s] -- Check for working CXX compiler: /usr/bin/c++ - skipped
[1.289s] -- Detecting CXX compile features
[1.290s] -- Detecting CXX compile features - done
[1.301s] -- Found ament_cmake: 1.3.11 (/opt/ros/humble/share/ament_cmake/cmake)
[2.081s] -- Found Python3: /usr/bin/python3 (found version "3.10.12") found components: Interpreter 
[2.329s] -- Override CMake install command with custom implementation using symlinks instead of copying resources
[2.477s] -- Found dynamixel_sdk: 3.8.4 (/home/just-vitou/turtlebot3_workspace/install/dynamixel_sdk/share/dynamixel_sdk/cmake)
[2.486s] -- Found dynamixel_sdk_custom_interfaces: 3.8.4 (/home/just-vitou/turtlebot3_workspace/install/dynamixel_sdk_custom_interfaces/share/dynamixel_sdk_custom_interfaces/cmake)
[2.616s] -- Found rosidl_generator_c: 3.1.6 (/opt/ros/humble/share/rosidl_generator_c/cmake)
[2.638s] -- Found rosidl_adapter: 3.1.6 (/opt/ros/humble/share/rosidl_adapter/cmake)
[2.669s] -- Found rosidl_generator_cpp: 3.1.6 (/opt/ros/humble/share/rosidl_generator_cpp/cmake)
[2.717s] -- Using all available rosidl_typesupport_c: rosidl_typesupport_fastrtps_c;rosidl_typesupport_introspection_c
[2.782s] -- Using all available rosidl_typesupport_cpp: rosidl_typesupport_fastrtps_cpp;rosidl_typesupport_introspection_cpp
[2.882s] -- Found rclcpp: 16.0.12 (/opt/ros/humble/share/rclcpp/cmake)
[3.199s] -- Found rmw_implementation_cmake: 6.1.2 (/opt/ros/humble/share/rmw_implementation_cmake/cmake)
[3.234s] -- Found rmw_fastrtps_cpp: 6.2.7 (/opt/ros/humble/share/rmw_fastrtps_cpp/cmake)
[3.773s] -- Found OpenSSL: /usr/lib/x86_64-linux-gnu/libcrypto.so (found version "3.0.2")  
[3.934s] -- Found FastRTPS: /opt/ros/humble/include  
[4.176s] -- Using RMW implementation 'rmw_fastrtps_cpp' as default
[4.257s] -- Looking for pthread.h
[4.517s] -- Looking for pthread.h - found
[4.522s] -- Performing Test CMAKE_HAVE_LIBC_PTHREAD
[4.797s] -- Performing Test CMAKE_HAVE_LIBC_PTHREAD - Success
[4.800s] -- Found Threads: TRUE  
[5.018s] -- Found rclpy: 3.3.16 (/opt/ros/humble/share/rclpy/cmake)
[5.030s] -- Found ament_lint_auto: 0.12.12 (/opt/ros/humble/share/ament_lint_auto/cmake)
[5.339s] -- Added test 'copyright' to check source files copyright and LICENSE
[5.343s] -- Added test 'cppcheck' to perform static code analysis on C / C++ code
[5.344s] -- Configured cppcheck include dirs: /home/just-vitou/turtlebot3_workspace/src/DynamixelSDK/ros/dynamixel_sdk_examples/include
[5.344s] -- Configured cppcheck exclude dirs and/or files: 
[5.350s] -- Added test 'cpplint' to check C / C++ code against the Google style
[5.350s] -- Configured cpplint exclude dirs and/or files: 
[5.351s] -- Added test 'flake8' to check Python code syntax and style conventions
[5.355s] -- Added test 'lint_cmake' to check CMake code style
[5.358s] -- Added test 'pep257' to check Python code against some of the docstring style conventions in PEP 257
[5.361s] -- Added test 'uncrustify' to check C / C++ code style
[5.361s] -- Configured uncrustify additional arguments: 
[5.363s] -- Added test 'xmllint' to check XML markup files
[5.370s] -- Configuring done
[5.402s] -- Generating done
[5.415s] -- Build files have been written to: /home/just-vitou/turtlebot3_workspace/build/dynamixel_sdk_examples
[5.444s] Invoked command in '/home/just-vitou/turtlebot3_workspace/build/dynamixel_sdk_examples' returned '0': AMENT_PREFIX_PATH=/home/just-vitou/turtlebot3_workspace/install/dynamixel_sdk_custom_interfaces:/home/just-vitou/turtlebot3_workspace/install/dynamixel_sdk:${AMENT_PREFIX_PATH} CMAKE_PREFIX_PATH=/home/just-vitou/turtlebot3_workspace/install/dynamixel_sdk_custom_interfaces:/home/just-vitou/turtlebot3_workspace/install/dynamixel_sdk:/home/just-vitou/turtlebot3_ws/install/turtlebot3:/home/just-vitou/turtlebot3_ws/install/turtlebot3_simulations:/home/just-vitou/turtlebot3_ws/install/turtlebot3_bringup:/home/just-vitou/turtlebot3_ws/install/turtlebot3_node:/home/just-vitou/turtlebot3_ws/install/turtlebot3_navigation2:/home/just-vitou/turtlebot3_ws/install/turtlebot3_fake_node:/home/just-vitou/turtlebot3_ws/install/turtlebot3_msgs:/home/just-vitou/turtlebot3_ws/install/turtlebot3_manipulation_gazebo:/home/just-vitou/turtlebot3_ws/install/turtlebot3_gazebo:/home/just-vitou/turtlebot3_ws/install/turtlebot3_description:/home/just-vitou/turtlebot3_ws/install/turtlebot3_cartographer:/home/just-vitou/turtlebot3_ws/install/dynamixel_sdk_examples:/home/just-vitou/turtlebot3_ws/install/dynamixel_sdk_custom_interfaces:/home/just-vitou/turtlebot3_ws/install/dynamixel_sdk:/home/just-vitou/ros2_ws/install/turtlebot_prac:/home/just-vitou/ros2_ws/install/my_robot_controller:/home/just-vitou/turtlebot3_ws/install/turtlebot3_teleop:/home/just-vitou/turtlebot3_ws/install/turtlebot3_example:/home/just-vitou/turtlebot3_ws/install/potential_field:/opt/ros/humble LD_LIBRARY_PATH=/home/just-vitou/turtlebot3_workspace/install/dynamixel_sdk_custom_interfaces/lib:/home/just-vitou/turtlebot3_workspace/install/dynamixel_sdk/lib:/home/just-vitou/turtlebot3_ws/install/turtlebot3_msgs/lib:/home/just-vitou/turtlebot3_ws/install/dynamixel_sdk_custom_interfaces/lib:/home/just-vitou/turtlebot3_ws/install/dynamixel_sdk/lib:/usr/lib/x86_64-linux-gnu/gazebo-11/plugins:/opt/ros/humble/opt/rviz_ogre_vendor/lib:/opt/ros/humble/lib/x86_64-linux-gnu:/opt/ros/humble/lib:/usr/lib/x86_64-linux-gnu/gazebo-11/plugins PYTHONPATH=/home/just-vitou/turtlebot3_workspace/install/dynamixel_sdk_custom_interfaces/local/lib/python3.10/dist-packages:/home/just-vitou/turtlebot3_workspace/install/dynamixel_sdk/local/lib/python3.10/dist-packages:${PYTHONPATH} /usr/bin/cmake /home/just-vitou/turtlebot3_workspace/src/DynamixelSDK/ros/dynamixel_sdk_examples -DAMENT_CMAKE_SYMLINK_INSTALL=1 -DCMAKE_INSTALL_PREFIX=/home/just-vitou/turtlebot3_workspace/install/dynamixel_sdk_examples
[5.447s] Invoking command in '/home/just-vitou/turtlebot3_workspace/build/dynamixel_sdk_examples': AMENT_PREFIX_PATH=/home/just-vitou/turtlebot3_workspace/install/dynamixel_sdk_custom_interfaces:/home/just-vitou/turtlebot3_workspace/install/dynamixel_sdk:${AMENT_PREFIX_PATH} CMAKE_PREFIX_PATH=/home/just-vitou/turtlebot3_workspace/install/dynamixel_sdk_custom_interfaces:/home/just-vitou/turtlebot3_workspace/install/dynamixel_sdk:/home/just-vitou/turtlebot3_ws/install/turtlebot3:/home/just-vitou/turtlebot3_ws/install/turtlebot3_simulations:/home/just-vitou/turtlebot3_ws/install/turtlebot3_bringup:/home/just-vitou/turtlebot3_ws/install/turtlebot3_node:/home/just-vitou/turtlebot3_ws/install/turtlebot3_navigation2:/home/just-vitou/turtlebot3_ws/install/turtlebot3_fake_node:/home/just-vitou/turtlebot3_ws/install/turtlebot3_msgs:/home/just-vitou/turtlebot3_ws/install/turtlebot3_manipulation_gazebo:/home/just-vitou/turtlebot3_ws/install/turtlebot3_gazebo:/home/just-vitou/turtlebot3_ws/install/turtlebot3_description:/home/just-vitou/turtlebot3_ws/install/turtlebot3_cartographer:/home/just-vitou/turtlebot3_ws/install/dynamixel_sdk_examples:/home/just-vitou/turtlebot3_ws/install/dynamixel_sdk_custom_interfaces:/home/just-vitou/turtlebot3_ws/install/dynamixel_sdk:/home/just-vitou/ros2_ws/install/turtlebot_prac:/home/just-vitou/ros2_ws/install/my_robot_controller:/home/just-vitou/turtlebot3_ws/install/turtlebot3_teleop:/home/just-vitou/turtlebot3_ws/install/turtlebot3_example:/home/just-vitou/turtlebot3_ws/install/potential_field:/opt/ros/humble LD_LIBRARY_PATH=/home/just-vitou/turtlebot3_workspace/install/dynamixel_sdk_custom_interfaces/lib:/home/just-vitou/turtlebot3_workspace/install/dynamixel_sdk/lib:/home/just-vitou/turtlebot3_ws/install/turtlebot3_msgs/lib:/home/just-vitou/turtlebot3_ws/install/dynamixel_sdk_custom_interfaces/lib:/home/just-vitou/turtlebot3_ws/install/dynamixel_sdk/lib:/usr/lib/x86_64-linux-gnu/gazebo-11/plugins:/opt/ros/humble/opt/rviz_ogre_vendor/lib:/opt/ros/humble/lib/x86_64-linux-gnu:/opt/ros/humble/lib:/usr/lib/x86_64-linux-gnu/gazebo-11/plugins PYTHONPATH=/home/just-vitou/turtlebot3_workspace/install/dynamixel_sdk_custom_interfaces/local/lib/python3.10/dist-packages:/home/just-vitou/turtlebot3_workspace/install/dynamixel_sdk/local/lib/python3.10/dist-packages:${PYTHONPATH} /usr/bin/cmake --build /home/just-vitou/turtlebot3_workspace/build/dynamixel_sdk_examples -- -j4 -l4
[5.564s] [ 50%] [32mBuilding CXX object CMakeFiles/read_write_node.dir/src/read_write_node.cpp.o[0m
[30.219s] [100%] [32m[1mLinking CXX executable read_write_node[0m
[32.720s] [100%] Built target read_write_node
[33.186s] Invoked command in '/home/just-vitou/turtlebot3_workspace/build/dynamixel_sdk_examples' returned '0': AMENT_PREFIX_PATH=/home/just-vitou/turtlebot3_workspace/install/dynamixel_sdk_custom_interfaces:/home/just-vitou/turtlebot3_workspace/install/dynamixel_sdk:${AMENT_PREFIX_PATH} CMAKE_PREFIX_PATH=/home/just-vitou/turtlebot3_workspace/install/dynamixel_sdk_custom_interfaces:/home/just-vitou/turtlebot3_workspace/install/dynamixel_sdk:/home/just-vitou/turtlebot3_ws/install/turtlebot3:/home/just-vitou/turtlebot3_ws/install/turtlebot3_simulations:/home/just-vitou/turtlebot3_ws/install/turtlebot3_bringup:/home/just-vitou/turtlebot3_ws/install/turtlebot3_node:/home/just-vitou/turtlebot3_ws/install/turtlebot3_navigation2:/home/just-vitou/turtlebot3_ws/install/turtlebot3_fake_node:/home/just-vitou/turtlebot3_ws/install/turtlebot3_msgs:/home/just-vitou/turtlebot3_ws/install/turtlebot3_manipulation_gazebo:/home/just-vitou/turtlebot3_ws/install/turtlebot3_gazebo:/home/just-vitou/turtlebot3_ws/install/turtlebot3_description:/home/just-vitou/turtlebot3_ws/install/turtlebot3_cartographer:/home/just-vitou/turtlebot3_ws/install/dynamixel_sdk_examples:/home/just-vitou/turtlebot3_ws/install/dynamixel_sdk_custom_interfaces:/home/just-vitou/turtlebot3_ws/install/dynamixel_sdk:/home/just-vitou/ros2_ws/install/turtlebot_prac:/home/just-vitou/ros2_ws/install/my_robot_controller:/home/just-vitou/turtlebot3_ws/install/turtlebot3_teleop:/home/just-vitou/turtlebot3_ws/install/turtlebot3_example:/home/just-vitou/turtlebot3_ws/install/potential_field:/opt/ros/humble LD_LIBRARY_PATH=/home/just-vitou/turtlebot3_workspace/install/dynamixel_sdk_custom_interfaces/lib:/home/just-vitou/turtlebot3_workspace/install/dynamixel_sdk/lib:/home/just-vitou/turtlebot3_ws/install/turtlebot3_msgs/lib:/home/just-vitou/turtlebot3_ws/install/dynamixel_sdk_custom_interfaces/lib:/home/just-vitou/turtlebot3_ws/install/dynamixel_sdk/lib:/usr/lib/x86_64-linux-gnu/gazebo-11/plugins:/opt/ros/humble/opt/rviz_ogre_vendor/lib:/opt/ros/humble/lib/x86_64-linux-gnu:/opt/ros/humble/lib:/usr/lib/x86_64-linux-gnu/gazebo-11/plugins PYTHONPATH=/home/just-vitou/turtlebot3_workspace/install/dynamixel_sdk_custom_interfaces/local/lib/python3.10/dist-packages:/home/just-vitou/turtlebot3_workspace/install/dynamixel_sdk/local/lib/python3.10/dist-packages:${PYTHONPATH} /usr/bin/cmake --build /home/just-vitou/turtlebot3_workspace/build/dynamixel_sdk_examples -- -j4 -l4
[33.286s] Invoking command in '/home/just-vitou/turtlebot3_workspace/build/dynamixel_sdk_examples': AMENT_PREFIX_PATH=/home/just-vitou/turtlebot3_workspace/install/dynamixel_sdk_custom_interfaces:/home/just-vitou/turtlebot3_workspace/install/dynamixel_sdk:${AMENT_PREFIX_PATH} CMAKE_PREFIX_PATH=/home/just-vitou/turtlebot3_workspace/install/dynamixel_sdk_custom_interfaces:/home/just-vitou/turtlebot3_workspace/install/dynamixel_sdk:/home/just-vitou/turtlebot3_ws/install/turtlebot3:/home/just-vitou/turtlebot3_ws/install/turtlebot3_simulations:/home/just-vitou/turtlebot3_ws/install/turtlebot3_bringup:/home/just-vitou/turtlebot3_ws/install/turtlebot3_node:/home/just-vitou/turtlebot3_ws/install/turtlebot3_navigation2:/home/just-vitou/turtlebot3_ws/install/turtlebot3_fake_node:/home/just-vitou/turtlebot3_ws/install/turtlebot3_msgs:/home/just-vitou/turtlebot3_ws/install/turtlebot3_manipulation_gazebo:/home/just-vitou/turtlebot3_ws/install/turtlebot3_gazebo:/home/just-vitou/turtlebot3_ws/install/turtlebot3_description:/home/just-vitou/turtlebot3_ws/install/turtlebot3_cartographer:/home/just-vitou/turtlebot3_ws/install/dynamixel_sdk_examples:/home/just-vitou/turtlebot3_ws/install/dynamixel_sdk_custom_interfaces:/home/just-vitou/turtlebot3_ws/install/dynamixel_sdk:/home/just-vitou/ros2_ws/install/turtlebot_prac:/home/just-vitou/ros2_ws/install/my_robot_controller:/home/just-vitou/turtlebot3_ws/install/turtlebot3_teleop:/home/just-vitou/turtlebot3_ws/install/turtlebot3_example:/home/just-vitou/turtlebot3_ws/install/potential_field:/opt/ros/humble LD_LIBRARY_PATH=/home/just-vitou/turtlebot3_workspace/install/dynamixel_sdk_custom_interfaces/lib:/home/just-vitou/turtlebot3_workspace/install/dynamixel_sdk/lib:/home/just-vitou/turtlebot3_ws/install/turtlebot3_msgs/lib:/home/just-vitou/turtlebot3_ws/install/dynamixel_sdk_custom_interfaces/lib:/home/just-vitou/turtlebot3_ws/install/dynamixel_sdk/lib:/usr/lib/x86_64-linux-gnu/gazebo-11/plugins:/opt/ros/humble/opt/rviz_ogre_vendor/lib:/opt/ros/humble/lib/x86_64-linux-gnu:/opt/ros/humble/lib:/usr/lib/x86_64-linux-gnu/gazebo-11/plugins PYTHONPATH=/home/just-vitou/turtlebot3_workspace/install/dynamixel_sdk_custom_interfaces/local/lib/python3.10/dist-packages:/home/just-vitou/turtlebot3_workspace/install/dynamixel_sdk/local/lib/python3.10/dist-packages:${PYTHONPATH} /usr/bin/cmake --install /home/just-vitou/turtlebot3_workspace/build/dynamixel_sdk_examples
[33.345s] -- Install configuration: ""
[33.345s] -- Execute custom install script
[33.346s] -- Symlinking: /home/just-vitou/turtlebot3_workspace/install/dynamixel_sdk_examples/lib/dynamixel_sdk_examples/read_write_node
[33.356s] -- Symlinking: /home/just-vitou/turtlebot3_workspace/install/dynamixel_sdk_examples/lib/dynamixel_sdk_examples/read_write_node.py
[33.379s] -- Symlinking: /home/just-vitou/turtlebot3_workspace/install/dynamixel_sdk_examples/share/ament_index/resource_index/package_run_dependencies/dynamixel_sdk_examples
[33.405s] -- Symlinking: /home/just-vitou/turtlebot3_workspace/install/dynamixel_sdk_examples/share/ament_index/resource_index/parent_prefix_path/dynamixel_sdk_examples
[33.425s] -- Symlinking: /home/just-vitou/turtlebot3_workspace/install/dynamixel_sdk_examples/share/dynamixel_sdk_examples/environment/ament_prefix_path.sh
[33.451s] -- Symlinking: /home/just-vitou/turtlebot3_workspace/install/dynamixel_sdk_examples/share/dynamixel_sdk_examples/environment/ament_prefix_path.dsv
[33.476s] -- Symlinking: /home/just-vitou/turtlebot3_workspace/install/dynamixel_sdk_examples/share/dynamixel_sdk_examples/environment/path.sh
[33.501s] -- Symlinking: /home/just-vitou/turtlebot3_workspace/install/dynamixel_sdk_examples/share/dynamixel_sdk_examples/environment/path.dsv
[33.522s] -- Symlinking: /home/just-vitou/turtlebot3_workspace/install/dynamixel_sdk_examples/share/dynamixel_sdk_examples/local_setup.bash
[33.543s] -- Symlinking: /home/just-vitou/turtlebot3_workspace/install/dynamixel_sdk_examples/share/dynamixel_sdk_examples/local_setup.sh
[33.565s] -- Symlinking: /home/just-vitou/turtlebot3_workspace/install/dynamixel_sdk_examples/share/dynamixel_sdk_examples/local_setup.zsh
[33.588s] -- Symlinking: /home/just-vitou/turtlebot3_workspace/install/dynamixel_sdk_examples/share/dynamixel_sdk_examples/local_setup.dsv
[33.612s] -- Symlinking: /home/just-vitou/turtlebot3_workspace/install/dynamixel_sdk_examples/share/dynamixel_sdk_examples/package.dsv
[33.634s] -- Symlinking: /home/just-vitou/turtlebot3_workspace/install/dynamixel_sdk_examples/share/ament_index/resource_index/packages/dynamixel_sdk_examples
[33.664s] -- Symlinking: /home/just-vitou/turtlebot3_workspace/install/dynamixel_sdk_examples/share/dynamixel_sdk_examples/cmake/dynamixel_sdk_examplesConfig.cmake
[33.685s] -- Symlinking: /home/just-vitou/turtlebot3_workspace/install/dynamixel_sdk_examples/share/dynamixel_sdk_examples/cmake/dynamixel_sdk_examplesConfig-version.cmake
[33.707s] -- Symlinking: /home/just-vitou/turtlebot3_workspace/install/dynamixel_sdk_examples/share/dynamixel_sdk_examples/package.xml
[33.736s] Invoked command in '/home/just-vitou/turtlebot3_workspace/build/dynamixel_sdk_examples' returned '0': AMENT_PREFIX_PATH=/home/just-vitou/turtlebot3_workspace/install/dynamixel_sdk_custom_interfaces:/home/just-vitou/turtlebot3_workspace/install/dynamixel_sdk:${AMENT_PREFIX_PATH} CMAKE_PREFIX_PATH=/home/just-vitou/turtlebot3_workspace/install/dynamixel_sdk_custom_interfaces:/home/just-vitou/turtlebot3_workspace/install/dynamixel_sdk:/home/just-vitou/turtlebot3_ws/install/turtlebot3:/home/just-vitou/turtlebot3_ws/install/turtlebot3_simulations:/home/just-vitou/turtlebot3_ws/install/turtlebot3_bringup:/home/just-vitou/turtlebot3_ws/install/turtlebot3_node:/home/just-vitou/turtlebot3_ws/install/turtlebot3_navigation2:/home/just-vitou/turtlebot3_ws/install/turtlebot3_fake_node:/home/just-vitou/turtlebot3_ws/install/turtlebot3_msgs:/home/just-vitou/turtlebot3_ws/install/turtlebot3_manipulation_gazebo:/home/just-vitou/turtlebot3_ws/install/turtlebot3_gazebo:/home/just-vitou/turtlebot3_ws/install/turtlebot3_description:/home/just-vitou/turtlebot3_ws/install/turtlebot3_cartographer:/home/just-vitou/turtlebot3_ws/install/dynamixel_sdk_examples:/home/just-vitou/turtlebot3_ws/install/dynamixel_sdk_custom_interfaces:/home/just-vitou/turtlebot3_ws/install/dynamixel_sdk:/home/just-vitou/ros2_ws/install/turtlebot_prac:/home/just-vitou/ros2_ws/install/my_robot_controller:/home/just-vitou/turtlebot3_ws/install/turtlebot3_teleop:/home/just-vitou/turtlebot3_ws/install/turtlebot3_example:/home/just-vitou/turtlebot3_ws/install/potential_field:/opt/ros/humble LD_LIBRARY_PATH=/home/just-vitou/turtlebot3_workspace/install/dynamixel_sdk_custom_interfaces/lib:/home/just-vitou/turtlebot3_workspace/install/dynamixel_sdk/lib:/home/just-vitou/turtlebot3_ws/install/turtlebot3_msgs/lib:/home/just-vitou/turtlebot3_ws/install/dynamixel_sdk_custom_interfaces/lib:/home/just-vitou/turtlebot3_ws/install/dynamixel_sdk/lib:/usr/lib/x86_64-linux-gnu/gazebo-11/plugins:/opt/ros/humble/opt/rviz_ogre_vendor/lib:/opt/ros/humble/lib/x86_64-linux-gnu:/opt/ros/humble/lib:/usr/lib/x86_64-linux-gnu/gazebo-11/plugins PYTHONPATH=/home/just-vitou/turtlebot3_workspace/install/dynamixel_sdk_custom_interfaces/local/lib/python3.10/dist-packages:/home/just-vitou/turtlebot3_workspace/install/dynamixel_sdk/local/lib/python3.10/dist-packages:${PYTHONPATH} /usr/bin/cmake --install /home/just-vitou/turtlebot3_workspace/build/dynamixel_sdk_examples
