[0.040s] Invoking command in '/home/just-vitou/turtlebot3_workspace/build/turtlebot3_cartographer': CMAKE_PREFIX_PATH=${CMAKE_PREFIX_PATH}:/home/just-vitou/ros2_ws/install/turtlebot_prac:/home/just-vitou/ros2_ws/install/my_robot_controller:/home/just-vitou/turtlebot3_ws/install/turtlebot3_teleop:/home/just-vitou/turtlebot3_ws/install/turtlebot3_example:/home/just-vitou/turtlebot3_ws/install/potential_field:/opt/ros/humble /usr/bin/cmake /home/just-vitou/turtlebot3_workspace/src/turtlebot3/turtlebot3_cartographer -DAMENT_CMAKE_SYMLINK_INSTALL=1 -DCMAKE_INSTALL_PREFIX=/home/just-vitou/turtlebot3_workspace/install/turtlebot3_cartographer
[0.351s] -- The C compiler identification is GNU 11.4.0
[0.656s] -- The CXX compiler identification is GNU 11.4.0
[0.715s] -- Detecting C compiler ABI info
[1.133s] -- Detecting C compiler ABI info - done
[1.200s] -- Check for working C compiler: /usr/bin/cc - skipped
[1.207s] -- Detecting C compile features
[1.208s] -- Detecting C compile features - done
[1.228s] -- Detecting CXX compiler ABI info
[1.603s] -- Detecting CXX compiler ABI info - done
[1.630s] -- Check for working CXX compiler: /usr/bin/c++ - skipped
[1.631s] -- Detecting CXX compile features
[1.633s] -- Detecting CXX compile features - done
[1.652s] -- Found ament_cmake: 1.3.11 (/opt/ros/humble/share/ament_cmake/cmake)
[2.566s] -- Found Python3: /usr/bin/python3 (found version "3.10.12") found components: Interpreter 
[2.799s] -- Override CMake install command with custom implementation using symlinks instead of copying resources
[3.309s] -- Configuring done
[3.318s] -- Generating done
[3.325s] -- Build files have been written to: /home/just-vitou/turtlebot3_workspace/build/turtlebot3_cartographer
[3.347s] Invoked command in '/home/just-vitou/turtlebot3_workspace/build/turtlebot3_cartographer' returned '0': CMAKE_PREFIX_PATH=${CMAKE_PREFIX_PATH}:/home/just-vitou/ros2_ws/install/turtlebot_prac:/home/just-vitou/ros2_ws/install/my_robot_controller:/home/just-vitou/turtlebot3_ws/install/turtlebot3_teleop:/home/just-vitou/turtlebot3_ws/install/turtlebot3_example:/home/just-vitou/turtlebot3_ws/install/potential_field:/opt/ros/humble /usr/bin/cmake /home/just-vitou/turtlebot3_workspace/src/turtlebot3/turtlebot3_cartographer -DAMENT_CMAKE_SYMLINK_INSTALL=1 -DCMAKE_INSTALL_PREFIX=/home/just-vitou/turtlebot3_workspace/install/turtlebot3_cartographer
[3.348s] Invoking command in '/home/just-vitou/turtlebot3_workspace/build/turtlebot3_cartographer': CMAKE_PREFIX_PATH=${CMAKE_PREFIX_PATH}:/home/just-vitou/ros2_ws/install/turtlebot_prac:/home/just-vitou/ros2_ws/install/my_robot_controller:/home/just-vitou/turtlebot3_ws/install/turtlebot3_teleop:/home/just-vitou/turtlebot3_ws/install/turtlebot3_example:/home/just-vitou/turtlebot3_ws/install/potential_field:/opt/ros/humble /usr/bin/cmake --build /home/just-vitou/turtlebot3_workspace/build/turtlebot3_cartographer -- -j4 -l4
[3.525s] Invoked command in '/home/just-vitou/turtlebot3_workspace/build/turtlebot3_cartographer' returned '0': CMAKE_PREFIX_PATH=${CMAKE_PREFIX_PATH}:/home/just-vitou/ros2_ws/install/turtlebot_prac:/home/just-vitou/ros2_ws/install/my_robot_controller:/home/just-vitou/turtlebot3_ws/install/turtlebot3_teleop:/home/just-vitou/turtlebot3_ws/install/turtlebot3_example:/home/just-vitou/turtlebot3_ws/install/potential_field:/opt/ros/humble /usr/bin/cmake --build /home/just-vitou/turtlebot3_workspace/build/turtlebot3_cartographer -- -j4 -l4
[3.531s] Invoking command in '/home/just-vitou/turtlebot3_workspace/build/turtlebot3_cartographer': CMAKE_PREFIX_PATH=${CMAKE_PREFIX_PATH}:/home/just-vitou/ros2_ws/install/turtlebot_prac:/home/just-vitou/ros2_ws/install/my_robot_controller:/home/just-vitou/turtlebot3_ws/install/turtlebot3_teleop:/home/just-vitou/turtlebot3_ws/install/turtlebot3_example:/home/just-vitou/turtlebot3_ws/install/potential_field:/opt/ros/humble /usr/bin/cmake --install /home/just-vitou/turtlebot3_workspace/build/turtlebot3_cartographer
[3.553s] -- Install configuration: ""
[3.554s] -- Execute custom install script
[3.555s] -- Symlinking: /home/just-vitou/turtlebot3_workspace/install/turtlebot3_cartographer/share/turtlebot3_cartographer/config/turtlebot3_lds_2d.lua
[3.578s] -- Symlinking: /home/just-vitou/turtlebot3_workspace/install/turtlebot3_cartographer/share/turtlebot3_cartographer/launch/cartographer.launch.py
[3.623s] -- Symlinking: /home/just-vitou/turtlebot3_workspace/install/turtlebot3_cartographer/share/turtlebot3_cartographer/launch/occupancy_grid.launch.py
[3.655s] -- Symlinking: /home/just-vitou/turtlebot3_workspace/install/turtlebot3_cartographer/share/turtlebot3_cartographer/rviz/tb3_cartographer.rviz
[3.675s] -- Symlinking: /home/just-vitou/turtlebot3_workspace/install/turtlebot3_cartographer/share/ament_index/resource_index/package_run_dependencies/turtlebot3_cartographer
[3.703s] -- Symlinking: /home/just-vitou/turtlebot3_workspace/install/turtlebot3_cartographer/share/ament_index/resource_index/parent_prefix_path/turtlebot3_cartographer
[3.740s] -- Symlinking: /home/just-vitou/turtlebot3_workspace/install/turtlebot3_cartographer/share/turtlebot3_cartographer/environment/ament_prefix_path.sh
[3.779s] -- Symlinking: /home/just-vitou/turtlebot3_workspace/install/turtlebot3_cartographer/share/turtlebot3_cartographer/environment/ament_prefix_path.dsv
[3.826s] -- Symlinking: /home/just-vitou/turtlebot3_workspace/install/turtlebot3_cartographer/share/turtlebot3_cartographer/environment/path.sh
[3.863s] -- Symlinking: /home/just-vitou/turtlebot3_workspace/install/turtlebot3_cartographer/share/turtlebot3_cartographer/environment/path.dsv
[3.912s] -- Symlinking: /home/just-vitou/turtlebot3_workspace/install/turtlebot3_cartographer/share/turtlebot3_cartographer/local_setup.bash
[3.943s] -- Symlinking: /home/just-vitou/turtlebot3_workspace/install/turtlebot3_cartographer/share/turtlebot3_cartographer/local_setup.sh
[3.983s] -- Symlinking: /home/just-vitou/turtlebot3_workspace/install/turtlebot3_cartographer/share/turtlebot3_cartographer/local_setup.zsh
[4.023s] -- Symlinking: /home/just-vitou/turtlebot3_workspace/install/turtlebot3_cartographer/share/turtlebot3_cartographer/local_setup.dsv
[4.075s] -- Symlinking: /home/just-vitou/turtlebot3_workspace/install/turtlebot3_cartographer/share/turtlebot3_cartographer/package.dsv
[4.115s] -- Symlinking: /home/just-vitou/turtlebot3_workspace/install/turtlebot3_cartographer/share/ament_index/resource_index/packages/turtlebot3_cartographer
[4.165s] -- Symlinking: /home/just-vitou/turtlebot3_workspace/install/turtlebot3_cartographer/share/turtlebot3_cartographer/cmake/turtlebot3_cartographerConfig.cmake
[4.212s] -- Symlinking: /home/just-vitou/turtlebot3_workspace/install/turtlebot3_cartographer/share/turtlebot3_cartographer/cmake/turtlebot3_cartographerConfig-version.cmake
[4.256s] -- Symlinking: /home/just-vitou/turtlebot3_workspace/install/turtlebot3_cartographer/share/turtlebot3_cartographer/package.xml
[4.303s] Invoked command in '/home/just-vitou/turtlebot3_workspace/build/turtlebot3_cartographer' returned '0': CMAKE_PREFIX_PATH=${CMAKE_PREFIX_PATH}:/home/just-vitou/ros2_ws/install/turtlebot_prac:/home/just-vitou/ros2_ws/install/my_robot_controller:/home/just-vitou/turtlebot3_ws/install/turtlebot3_teleop:/home/just-vitou/turtlebot3_ws/install/turtlebot3_example:/home/just-vitou/turtlebot3_ws/install/potential_field:/opt/ros/humble /usr/bin/cmake --install /home/just-vitou/turtlebot3_workspace/build/turtlebot3_cartographer
