[0.037s] Invoking command in '/home/just-vitou/turtlebot3_workspace/build/turtlebot3_description': CMAKE_PREFIX_PATH=${CMAKE_PREFIX_PATH}:/home/just-vitou/ros2_ws/install/turtlebot_prac:/home/just-vitou/ros2_ws/install/my_robot_controller:/home/just-vitou/turtlebot3_ws/install/turtlebot3_teleop:/home/just-vitou/turtlebot3_ws/install/turtlebot3_example:/home/just-vitou/turtlebot3_ws/install/potential_field:/opt/ros/humble /usr/bin/cmake /home/just-vitou/turtlebot3_workspace/src/turtlebot3/turtlebot3_description -DAMENT_CMAKE_SYMLINK_INSTALL=1 -DCMAKE_INSTALL_PREFIX=/home/just-vitou/turtlebot3_workspace/install/turtlebot3_description
[0.326s] -- The C compiler identification is GNU 11.4.0
[0.552s] -- The CXX compiler identification is GNU 11.4.0
[0.573s] -- Detecting C compiler ABI info
[0.751s] -- Detecting C compiler ABI info - done
[0.771s] -- Check for working C compiler: /usr/bin/cc - skipped
[0.773s] -- Detecting C compile features
[0.774s] -- Detecting C compile features - done
[0.784s] -- Detecting CXX compiler ABI info
[1.010s] -- Detecting CXX compiler ABI info - done
[1.031s] -- Check for working CXX compiler: /usr/bin/c++ - skipped
[1.031s] -- Detecting CXX compile features
[1.031s] -- Detecting CXX compile features - done
[1.042s] -- Found ament_cmake: 1.3.11 (/opt/ros/humble/share/ament_cmake/cmake)
[1.517s] -- Found Python3: /usr/bin/python3 (found version "3.10.12") found components: Interpreter 
[1.711s] -- Override CMake install command with custom implementation using symlinks instead of copying resources
[1.853s] -- Found urdf: 2.6.1 (/opt/ros/humble/share/urdf/cmake)
[2.248s] -- Configuring done
[2.254s] -- Generating done
[2.259s] -- Build files have been written to: /home/just-vitou/turtlebot3_workspace/build/turtlebot3_description
[2.270s] Invoked command in '/home/just-vitou/turtlebot3_workspace/build/turtlebot3_description' returned '0': CMAKE_PREFIX_PATH=${CMAKE_PREFIX_PATH}:/home/just-vitou/ros2_ws/install/turtlebot_prac:/home/just-vitou/ros2_ws/install/my_robot_controller:/home/just-vitou/turtlebot3_ws/install/turtlebot3_teleop:/home/just-vitou/turtlebot3_ws/install/turtlebot3_example:/home/just-vitou/turtlebot3_ws/install/potential_field:/opt/ros/humble /usr/bin/cmake /home/just-vitou/turtlebot3_workspace/src/turtlebot3/turtlebot3_description -DAMENT_CMAKE_SYMLINK_INSTALL=1 -DCMAKE_INSTALL_PREFIX=/home/just-vitou/turtlebot3_workspace/install/turtlebot3_description
[2.277s] Invoking command in '/home/just-vitou/turtlebot3_workspace/build/turtlebot3_description': CMAKE_PREFIX_PATH=${CMAKE_PREFIX_PATH}:/home/just-vitou/ros2_ws/install/turtlebot_prac:/home/just-vitou/ros2_ws/install/my_robot_controller:/home/just-vitou/turtlebot3_ws/install/turtlebot3_teleop:/home/just-vitou/turtlebot3_ws/install/turtlebot3_example:/home/just-vitou/turtlebot3_ws/install/potential_field:/opt/ros/humble /usr/bin/cmake --build /home/just-vitou/turtlebot3_workspace/build/turtlebot3_description -- -j4 -l4
[2.377s] Invoked command in '/home/just-vitou/turtlebot3_workspace/build/turtlebot3_description' returned '0': CMAKE_PREFIX_PATH=${CMAKE_PREFIX_PATH}:/home/just-vitou/ros2_ws/install/turtlebot_prac:/home/just-vitou/ros2_ws/install/my_robot_controller:/home/just-vitou/turtlebot3_ws/install/turtlebot3_teleop:/home/just-vitou/turtlebot3_ws/install/turtlebot3_example:/home/just-vitou/turtlebot3_ws/install/potential_field:/opt/ros/humble /usr/bin/cmake --build /home/just-vitou/turtlebot3_workspace/build/turtlebot3_description -- -j4 -l4
[2.399s] Invoking command in '/home/just-vitou/turtlebot3_workspace/build/turtlebot3_description': CMAKE_PREFIX_PATH=${CMAKE_PREFIX_PATH}:/home/just-vitou/ros2_ws/install/turtlebot_prac:/home/just-vitou/ros2_ws/install/my_robot_controller:/home/just-vitou/turtlebot3_ws/install/turtlebot3_teleop:/home/just-vitou/turtlebot3_ws/install/turtlebot3_example:/home/just-vitou/turtlebot3_ws/install/potential_field:/opt/ros/humble /usr/bin/cmake --install /home/just-vitou/turtlebot3_workspace/build/turtlebot3_description
[2.422s] -- Install configuration: ""
[2.426s] -- Execute custom install script
[2.426s] -- Symlinking: /home/just-vitou/turtlebot3_workspace/install/turtlebot3_description/share/turtlebot3_description/meshes/bases/burger_base.stl
[2.457s] -- Symlinking: /home/just-vitou/turtlebot3_workspace/install/turtlebot3_description/share/turtlebot3_description/meshes/bases/waffle_base.stl
[2.477s] -- Symlinking: /home/just-vitou/turtlebot3_workspace/install/turtlebot3_description/share/turtlebot3_description/meshes/bases/waffle_pi_base.stl
[2.499s] -- Symlinking: /home/just-vitou/turtlebot3_workspace/install/turtlebot3_description/share/turtlebot3_description/meshes/sensors/astra.dae
[2.534s] -- Symlinking: /home/just-vitou/turtlebot3_workspace/install/turtlebot3_description/share/turtlebot3_description/meshes/sensors/astra.jpg
[2.558s] -- Symlinking: /home/just-vitou/turtlebot3_workspace/install/turtlebot3_description/share/turtlebot3_description/meshes/sensors/lds.stl
[2.588s] -- Symlinking: /home/just-vitou/turtlebot3_workspace/install/turtlebot3_description/share/turtlebot3_description/meshes/sensors/r200.dae
[2.611s] -- Symlinking: /home/just-vitou/turtlebot3_workspace/install/turtlebot3_description/share/turtlebot3_description/meshes/sensors/r200.jpg
[2.636s] -- Symlinking: /home/just-vitou/turtlebot3_workspace/install/turtlebot3_description/share/turtlebot3_description/meshes/wheels/left_tire.stl
[2.665s] -- Symlinking: /home/just-vitou/turtlebot3_workspace/install/turtlebot3_description/share/turtlebot3_description/meshes/wheels/right_tire.stl
[2.687s] -- Symlinking: /home/just-vitou/turtlebot3_workspace/install/turtlebot3_description/share/turtlebot3_description/rviz/model.rviz
[2.713s] -- Symlinking: /home/just-vitou/turtlebot3_workspace/install/turtlebot3_description/share/turtlebot3_description/urdf/common_properties.urdf
[2.735s] -- Symlinking: /home/just-vitou/turtlebot3_workspace/install/turtlebot3_description/share/turtlebot3_description/urdf/turtlebot3_burger.urdf
[2.758s] -- Symlinking: /home/just-vitou/turtlebot3_workspace/install/turtlebot3_description/share/turtlebot3_description/urdf/turtlebot3_waffle.urdf
[2.795s] -- Symlinking: /home/just-vitou/turtlebot3_workspace/install/turtlebot3_description/share/turtlebot3_description/urdf/turtlebot3_waffle_pi.urdf
[2.821s] -- Symlinking: /home/just-vitou/turtlebot3_workspace/install/turtlebot3_description/share/ament_index/resource_index/package_run_dependencies/turtlebot3_description
[2.854s] -- Symlinking: /home/just-vitou/turtlebot3_workspace/install/turtlebot3_description/share/ament_index/resource_index/parent_prefix_path/turtlebot3_description
[2.880s] -- Symlinking: /home/just-vitou/turtlebot3_workspace/install/turtlebot3_description/share/turtlebot3_description/environment/ament_prefix_path.sh
[2.903s] -- Symlinking: /home/just-vitou/turtlebot3_workspace/install/turtlebot3_description/share/turtlebot3_description/environment/ament_prefix_path.dsv
[2.929s] -- Symlinking: /home/just-vitou/turtlebot3_workspace/install/turtlebot3_description/share/turtlebot3_description/environment/path.sh
[2.957s] -- Symlinking: /home/just-vitou/turtlebot3_workspace/install/turtlebot3_description/share/turtlebot3_description/environment/path.dsv
[2.979s] -- Symlinking: /home/just-vitou/turtlebot3_workspace/install/turtlebot3_description/share/turtlebot3_description/local_setup.bash
[3.015s] -- Symlinking: /home/just-vitou/turtlebot3_workspace/install/turtlebot3_description/share/turtlebot3_description/local_setup.sh
[3.038s] -- Symlinking: /home/just-vitou/turtlebot3_workspace/install/turtlebot3_description/share/turtlebot3_description/local_setup.zsh
[3.090s] -- Symlinking: /home/just-vitou/turtlebot3_workspace/install/turtlebot3_description/share/turtlebot3_description/local_setup.dsv
[3.132s] -- Symlinking: /home/just-vitou/turtlebot3_workspace/install/turtlebot3_description/share/turtlebot3_description/package.dsv
[3.193s] -- Symlinking: /home/just-vitou/turtlebot3_workspace/install/turtlebot3_description/share/ament_index/resource_index/packages/turtlebot3_description
[3.243s] -- Symlinking: /home/just-vitou/turtlebot3_workspace/install/turtlebot3_description/share/turtlebot3_description/cmake/turtlebot3_descriptionConfig.cmake
[3.274s] -- Symlinking: /home/just-vitou/turtlebot3_workspace/install/turtlebot3_description/share/turtlebot3_description/cmake/turtlebot3_descriptionConfig-version.cmake
[3.313s] -- Symlinking: /home/just-vitou/turtlebot3_workspace/install/turtlebot3_description/share/turtlebot3_description/package.xml
[3.393s] Invoked command in '/home/just-vitou/turtlebot3_workspace/build/turtlebot3_description' returned '0': CMAKE_PREFIX_PATH=${CMAKE_PREFIX_PATH}:/home/just-vitou/ros2_ws/install/turtlebot_prac:/home/just-vitou/ros2_ws/install/my_robot_controller:/home/just-vitou/turtlebot3_ws/install/turtlebot3_teleop:/home/just-vitou/turtlebot3_ws/install/turtlebot3_example:/home/just-vitou/turtlebot3_ws/install/potential_field:/opt/ros/humble /usr/bin/cmake --install /home/just-vitou/turtlebot3_workspace/build/turtlebot3_description
