[0.074s] Invoking command in '/home/just-vitou/turtlebot3_workspace/build/dynamixel_sdk': CMAKE_PREFIX_PATH=${CMAKE_PREFIX_PATH}:/home/just-vitou/turtlebot3_workspace/install/turtlebot3_teleop:/home/just-vitou/turtlebot3_workspace/install/turtlebot3_example:/home/just-vitou/ros2_ws/install/turtlebot_prac:/home/just-vitou/ros2_ws/install/my_robot_controller:/home/just-vitou/turtlebot3_ws/install/turtlebot3_teleop:/home/just-vitou/turtlebot3_ws/install/turtlebot3_example:/home/just-vitou/turtlebot3_ws/install/potential_field:/opt/ros/humble /usr/bin/cmake --build /home/just-vitou/turtlebot3_workspace/build/dynamixel_sdk -- -j4 -l4
[0.270s] [35m[1mConsolidate compiler generated dependencies of target dynamixel_sdk[0m
[0.353s] [100%] Built target dynamixel_sdk
[0.364s] [100%] Built target ament_cmake_python_symlink_dynamixel_sdk
[1.558s] running egg_info
[1.559s] writing dynamixel_sdk.egg-info/PKG-INFO
[1.559s] writing dependency_links to dynamixel_sdk.egg-info/dependency_links.txt
[1.560s] writing top-level names to dynamixel_sdk.egg-info/top_level.txt
[1.581s] reading manifest file 'dynamixel_sdk.egg-info/SOURCES.txt'
[1.582s] writing manifest file 'dynamixel_sdk.egg-info/SOURCES.txt'
[1.668s] [100%] Built target ament_cmake_python_build_dynamixel_sdk_egg
[1.693s] Invoked command in '/home/just-vitou/turtlebot3_workspace/build/dynamixel_sdk' returned '0': CMAKE_PREFIX_PATH=${CMAKE_PREFIX_PATH}:/home/just-vitou/turtlebot3_workspace/install/turtlebot3_teleop:/home/just-vitou/turtlebot3_workspace/install/turtlebot3_example:/home/just-vitou/ros2_ws/install/turtlebot_prac:/home/just-vitou/ros2_ws/install/my_robot_controller:/home/just-vitou/turtlebot3_ws/install/turtlebot3_teleop:/home/just-vitou/turtlebot3_ws/install/turtlebot3_example:/home/just-vitou/turtlebot3_ws/install/potential_field:/opt/ros/humble /usr/bin/cmake --build /home/just-vitou/turtlebot3_workspace/build/dynamixel_sdk -- -j4 -l4
[1.699s] Invoking command in '/home/just-vitou/turtlebot3_workspace/build/dynamixel_sdk': CMAKE_PREFIX_PATH=${CMAKE_PREFIX_PATH}:/home/just-vitou/turtlebot3_workspace/install/turtlebot3_teleop:/home/just-vitou/turtlebot3_workspace/install/turtlebot3_example:/home/just-vitou/ros2_ws/install/turtlebot_prac:/home/just-vitou/ros2_ws/install/my_robot_controller:/home/just-vitou/turtlebot3_ws/install/turtlebot3_teleop:/home/just-vitou/turtlebot3_ws/install/turtlebot3_example:/home/just-vitou/turtlebot3_ws/install/potential_field:/opt/ros/humble /usr/bin/cmake --install /home/just-vitou/turtlebot3_workspace/build/dynamixel_sdk
[1.717s] -- Install configuration: ""
[1.719s] -- Execute custom install script
[1.720s] -- Up-to-date symlink: /home/just-vitou/turtlebot3_workspace/install/dynamixel_sdk/include//dynamixel_sdk/dynamixel_sdk.h
[1.721s] -- Up-to-date symlink: /home/just-vitou/turtlebot3_workspace/install/dynamixel_sdk/include//dynamixel_sdk/group_bulk_read.h
[1.721s] -- Up-to-date symlink: /home/just-vitou/turtlebot3_workspace/install/dynamixel_sdk/include//dynamixel_sdk/group_bulk_write.h
[1.722s] -- Up-to-date symlink: /home/just-vitou/turtlebot3_workspace/install/dynamixel_sdk/include//dynamixel_sdk/group_fast_bulk_read.h
[1.722s] -- Up-to-date symlink: /home/just-vitou/turtlebot3_workspace/install/dynamixel_sdk/include//dynamixel_sdk/group_fast_sync_read.h
[1.722s] -- Up-to-date symlink: /home/just-vitou/turtlebot3_workspace/install/dynamixel_sdk/include//dynamixel_sdk/group_handler.h
[1.722s] -- Up-to-date symlink: /home/just-vitou/turtlebot3_workspace/install/dynamixel_sdk/include//dynamixel_sdk/group_sync_read.h
[1.722s] -- Up-to-date symlink: /home/just-vitou/turtlebot3_workspace/install/dynamixel_sdk/include//dynamixel_sdk/group_sync_write.h
[1.722s] -- Up-to-date symlink: /home/just-vitou/turtlebot3_workspace/install/dynamixel_sdk/include//dynamixel_sdk/packet_handler.h
[1.723s] -- Up-to-date symlink: /home/just-vitou/turtlebot3_workspace/install/dynamixel_sdk/include//dynamixel_sdk/port_handler.h
[1.723s] -- Up-to-date symlink: /home/just-vitou/turtlebot3_workspace/install/dynamixel_sdk/include//dynamixel_sdk/port_handler_arduino.h
[1.723s] -- Up-to-date symlink: /home/just-vitou/turtlebot3_workspace/install/dynamixel_sdk/include//dynamixel_sdk/port_handler_linux.h
[1.723s] -- Up-to-date symlink: /home/just-vitou/turtlebot3_workspace/install/dynamixel_sdk/include//dynamixel_sdk/port_handler_mac.h
[1.723s] -- Up-to-date symlink: /home/just-vitou/turtlebot3_workspace/install/dynamixel_sdk/include//dynamixel_sdk/port_handler_windows.h
[1.723s] -- Up-to-date symlink: /home/just-vitou/turtlebot3_workspace/install/dynamixel_sdk/include//dynamixel_sdk/protocol1_packet_handler.h
[1.724s] -- Up-to-date symlink: /home/just-vitou/turtlebot3_workspace/install/dynamixel_sdk/include//dynamixel_sdk/protocol2_packet_handler.h
[1.724s] -- Up-to-date symlink: /home/just-vitou/turtlebot3_workspace/install/dynamixel_sdk/share/dynamixel_sdk/environment/pythonpath.sh
[1.725s] -- Up-to-date symlink: /home/just-vitou/turtlebot3_workspace/install/dynamixel_sdk/share/dynamixel_sdk/environment/pythonpath.dsv
[1.726s] -- Up-to-date symlink: /home/just-vitou/turtlebot3_workspace/install/dynamixel_sdk/local/lib/python3.10/dist-packages/dynamixel_sdk-3.8.4-py3.10.egg-info/PKG-INFO
[1.730s] -- Up-to-date symlink: /home/just-vitou/turtlebot3_workspace/install/dynamixel_sdk/local/lib/python3.10/dist-packages/dynamixel_sdk-3.8.4-py3.10.egg-info/SOURCES.txt
[1.733s] -- Up-to-date symlink: /home/just-vitou/turtlebot3_workspace/install/dynamixel_sdk/local/lib/python3.10/dist-packages/dynamixel_sdk-3.8.4-py3.10.egg-info/dependency_links.txt
[1.734s] -- Up-to-date symlink: /home/just-vitou/turtlebot3_workspace/install/dynamixel_sdk/local/lib/python3.10/dist-packages/dynamixel_sdk-3.8.4-py3.10.egg-info/top_level.txt
[1.736s] -- Up-to-date symlink: /home/just-vitou/turtlebot3_workspace/install/dynamixel_sdk/local/lib/python3.10/dist-packages/dynamixel_sdk/__init__.py
[1.737s] -- Up-to-date symlink: /home/just-vitou/turtlebot3_workspace/install/dynamixel_sdk/local/lib/python3.10/dist-packages/dynamixel_sdk/group_bulk_read.cpp
[1.738s] -- Up-to-date symlink: /home/just-vitou/turtlebot3_workspace/install/dynamixel_sdk/local/lib/python3.10/dist-packages/dynamixel_sdk/group_bulk_read.py
[1.738s] -- Up-to-date symlink: /home/just-vitou/turtlebot3_workspace/install/dynamixel_sdk/local/lib/python3.10/dist-packages/dynamixel_sdk/group_bulk_write.cpp
[1.738s] -- Up-to-date symlink: /home/just-vitou/turtlebot3_workspace/install/dynamixel_sdk/local/lib/python3.10/dist-packages/dynamixel_sdk/group_bulk_write.py
[1.739s] -- Up-to-date symlink: /home/just-vitou/turtlebot3_workspace/install/dynamixel_sdk/local/lib/python3.10/dist-packages/dynamixel_sdk/group_fast_bulk_read.cpp
[1.740s] -- Up-to-date symlink: /home/just-vitou/turtlebot3_workspace/install/dynamixel_sdk/local/lib/python3.10/dist-packages/dynamixel_sdk/group_fast_sync_read.cpp
[1.740s] -- Up-to-date symlink: /home/just-vitou/turtlebot3_workspace/install/dynamixel_sdk/local/lib/python3.10/dist-packages/dynamixel_sdk/group_handler.cpp
[1.743s] -- Up-to-date symlink: /home/just-vitou/turtlebot3_workspace/install/dynamixel_sdk/local/lib/python3.10/dist-packages/dynamixel_sdk/group_sync_read.cpp
[1.745s] -- Up-to-date symlink: /home/just-vitou/turtlebot3_workspace/install/dynamixel_sdk/local/lib/python3.10/dist-packages/dynamixel_sdk/group_sync_read.py
[1.745s] -- Up-to-date symlink: /home/just-vitou/turtlebot3_workspace/install/dynamixel_sdk/local/lib/python3.10/dist-packages/dynamixel_sdk/group_sync_write.cpp
[1.747s] -- Up-to-date symlink: /home/just-vitou/turtlebot3_workspace/install/dynamixel_sdk/local/lib/python3.10/dist-packages/dynamixel_sdk/group_sync_write.py
[1.747s] -- Up-to-date symlink: /home/just-vitou/turtlebot3_workspace/install/dynamixel_sdk/local/lib/python3.10/dist-packages/dynamixel_sdk/packet_handler.cpp
[1.749s] -- Up-to-date symlink: /home/just-vitou/turtlebot3_workspace/install/dynamixel_sdk/local/lib/python3.10/dist-packages/dynamixel_sdk/packet_handler.py
[1.750s] -- Up-to-date symlink: /home/just-vitou/turtlebot3_workspace/install/dynamixel_sdk/local/lib/python3.10/dist-packages/dynamixel_sdk/port_handler.cpp
[1.752s] -- Up-to-date symlink: /home/just-vitou/turtlebot3_workspace/install/dynamixel_sdk/local/lib/python3.10/dist-packages/dynamixel_sdk/port_handler.py
[1.753s] -- Up-to-date symlink: /home/just-vitou/turtlebot3_workspace/install/dynamixel_sdk/local/lib/python3.10/dist-packages/dynamixel_sdk/port_handler_arduino.cpp
[1.755s] -- Up-to-date symlink: /home/just-vitou/turtlebot3_workspace/install/dynamixel_sdk/local/lib/python3.10/dist-packages/dynamixel_sdk/port_handler_linux.cpp
[1.756s] -- Up-to-date symlink: /home/just-vitou/turtlebot3_workspace/install/dynamixel_sdk/local/lib/python3.10/dist-packages/dynamixel_sdk/port_handler_mac.cpp
[1.757s] -- Up-to-date symlink: /home/just-vitou/turtlebot3_workspace/install/dynamixel_sdk/local/lib/python3.10/dist-packages/dynamixel_sdk/port_handler_windows.cpp
[1.758s] -- Up-to-date symlink: /home/just-vitou/turtlebot3_workspace/install/dynamixel_sdk/local/lib/python3.10/dist-packages/dynamixel_sdk/protocol1_packet_handler.cpp
[1.759s] -- Up-to-date symlink: /home/just-vitou/turtlebot3_workspace/install/dynamixel_sdk/local/lib/python3.10/dist-packages/dynamixel_sdk/protocol1_packet_handler.py
[1.759s] -- Up-to-date symlink: /home/just-vitou/turtlebot3_workspace/install/dynamixel_sdk/local/lib/python3.10/dist-packages/dynamixel_sdk/protocol2_packet_handler.cpp
[1.760s] -- Up-to-date symlink: /home/just-vitou/turtlebot3_workspace/install/dynamixel_sdk/local/lib/python3.10/dist-packages/dynamixel_sdk/protocol2_packet_handler.py
[1.760s] -- Up-to-date symlink: /home/just-vitou/turtlebot3_workspace/install/dynamixel_sdk/local/lib/python3.10/dist-packages/dynamixel_sdk/robotis_def.py
[1.761s] -- Up-to-date symlink: /home/just-vitou/turtlebot3_workspace/install/dynamixel_sdk/share/dynamixel_sdk/environment/library_path.sh
[1.762s] -- Up-to-date symlink: /home/just-vitou/turtlebot3_workspace/install/dynamixel_sdk/share/dynamixel_sdk/environment/library_path.dsv
[1.762s] -- Up-to-date symlink: /home/just-vitou/turtlebot3_workspace/install/dynamixel_sdk/share/ament_index/resource_index/package_run_dependencies/dynamixel_sdk
[1.763s] -- Up-to-date symlink: /home/just-vitou/turtlebot3_workspace/install/dynamixel_sdk/share/ament_index/resource_index/parent_prefix_path/dynamixel_sdk
[1.764s] -- Up-to-date symlink: /home/just-vitou/turtlebot3_workspace/install/dynamixel_sdk/share/dynamixel_sdk/environment/ament_prefix_path.sh
[1.765s] -- Up-to-date symlink: /home/just-vitou/turtlebot3_workspace/install/dynamixel_sdk/share/dynamixel_sdk/environment/ament_prefix_path.dsv
[1.771s] -- Up-to-date symlink: /home/just-vitou/turtlebot3_workspace/install/dynamixel_sdk/share/dynamixel_sdk/environment/path.sh
[1.772s] -- Up-to-date symlink: /home/just-vitou/turtlebot3_workspace/install/dynamixel_sdk/share/dynamixel_sdk/environment/path.dsv
[1.774s] -- Up-to-date symlink: /home/just-vitou/turtlebot3_workspace/install/dynamixel_sdk/share/dynamixel_sdk/local_setup.bash
[1.779s] -- Up-to-date symlink: /home/just-vitou/turtlebot3_workspace/install/dynamixel_sdk/share/dynamixel_sdk/local_setup.sh
[1.779s] -- Up-to-date symlink: /home/just-vitou/turtlebot3_workspace/install/dynamixel_sdk/share/dynamixel_sdk/local_setup.zsh
[1.780s] -- Up-to-date symlink: /home/just-vitou/turtlebot3_workspace/install/dynamixel_sdk/share/dynamixel_sdk/local_setup.dsv
[1.780s] -- Symlinking: /home/just-vitou/turtlebot3_workspace/install/dynamixel_sdk/share/dynamixel_sdk/package.dsv
[1.797s] -- Up-to-date symlink: /home/just-vitou/turtlebot3_workspace/install/dynamixel_sdk/share/ament_index/resource_index/packages/dynamixel_sdk
[1.798s] -- Up-to-date symlink: /home/just-vitou/turtlebot3_workspace/install/dynamixel_sdk/share/dynamixel_sdk/cmake/ament_cmake_export_targets-extras.cmake
[1.799s] -- Up-to-date symlink: /home/just-vitou/turtlebot3_workspace/install/dynamixel_sdk/share/dynamixel_sdk/cmake/ament_cmake_export_include_directories-extras.cmake
[1.801s] -- Up-to-date symlink: /home/just-vitou/turtlebot3_workspace/install/dynamixel_sdk/share/dynamixel_sdk/cmake/ament_cmake_export_libraries-extras.cmake
[1.802s] -- Up-to-date symlink: /home/just-vitou/turtlebot3_workspace/install/dynamixel_sdk/share/dynamixel_sdk/cmake/dynamixel_sdkConfig.cmake
[1.803s] -- Up-to-date symlink: /home/just-vitou/turtlebot3_workspace/install/dynamixel_sdk/share/dynamixel_sdk/cmake/dynamixel_sdkConfig-version.cmake
[1.804s] -- Up-to-date symlink: /home/just-vitou/turtlebot3_workspace/install/dynamixel_sdk/share/dynamixel_sdk/package.xml
[1.805s] -- Up-to-date: /home/just-vitou/turtlebot3_workspace/install/dynamixel_sdk/lib/libdynamixel_sdk.so
[1.923s] Listing '/home/just-vitou/turtlebot3_workspace/install/dynamixel_sdk/local/lib/python3.10/dist-packages/dynamixel_sdk'...
[1.936s] -- Up-to-date: /home/just-vitou/turtlebot3_workspace/install/dynamixel_sdk/share/dynamixel_sdk/cmake/dynamixel_sdkExport.cmake
[1.937s] -- Up-to-date: /home/just-vitou/turtlebot3_workspace/install/dynamixel_sdk/share/dynamixel_sdk/cmake/dynamixel_sdkExport-noconfig.cmake
[1.941s] Invoked command in '/home/just-vitou/turtlebot3_workspace/build/dynamixel_sdk' returned '0': CMAKE_PREFIX_PATH=${CMAKE_PREFIX_PATH}:/home/just-vitou/turtlebot3_workspace/install/turtlebot3_teleop:/home/just-vitou/turtlebot3_workspace/install/turtlebot3_example:/home/just-vitou/ros2_ws/install/turtlebot_prac:/home/just-vitou/ros2_ws/install/my_robot_controller:/home/just-vitou/turtlebot3_ws/install/turtlebot3_teleop:/home/just-vitou/turtlebot3_ws/install/turtlebot3_example:/home/just-vitou/turtlebot3_ws/install/potential_field:/opt/ros/humble /usr/bin/cmake --install /home/just-vitou/turtlebot3_workspace/build/dynamixel_sdk
