[0.033s] Invoking command in '/home/just-vitou/turtlebot3_workspace/build/dynamixel_sdk_custom_interfaces': CMAKE_PREFIX_PATH=${CMAKE_PREFIX_PATH}:/home/just-vitou/ros2_ws/install/turtlebot_prac:/home/just-vitou/ros2_ws/install/my_robot_controller:/home/just-vitou/turtlebot3_ws/install/turtlebot3_teleop:/home/just-vitou/turtlebot3_ws/install/turtlebot3_example:/home/just-vitou/turtlebot3_ws/install/potential_field:/opt/ros/humble /usr/bin/cmake /home/just-vitou/turtlebot3_workspace/src/DynamixelSDK/ros/dynamixel_sdk_custom_interfaces -DAMENT_CMAKE_SYMLINK_INSTALL=1 -DCMAKE_INSTALL_PREFIX=/home/just-vitou/turtlebot3_workspace/install/dynamixel_sdk_custom_interfaces
[0.319s] -- The C compiler identification is GNU 11.4.0
[0.552s] -- The CXX compiler identification is GNU 11.4.0
[0.566s] -- Detecting C compiler ABI info
[0.741s] -- Detecting C compiler ABI info - done
[0.763s] -- Check for working C compiler: /usr/bin/cc - skipped
[0.764s] -- Detecting C compile features
[0.766s] -- Detecting C compile features - done
[0.776s] -- Detecting CXX compiler ABI info
[0.976s] -- Detecting CXX compiler ABI info - done
[1.006s] -- Check for working CXX compiler: /usr/bin/c++ - skipped
[1.006s] -- Detecting CXX compile features
[1.006s] -- Detecting CXX compile features - done
[1.023s] -- Found ament_cmake: 1.3.11 (/opt/ros/humble/share/ament_cmake/cmake)
[1.523s] -- Found Python3: /usr/bin/python3 (found version "3.10.12") found components: Interpreter 
[1.739s] -- Override CMake install command with custom implementation using symlinks instead of copying resources
[1.851s] -- Found builtin_interfaces: 1.2.1 (/opt/ros/humble/share/builtin_interfaces/cmake)
[1.968s] -- Found rosidl_generator_c: 3.1.6 (/opt/ros/humble/share/rosidl_generator_c/cmake)
[1.994s] -- Found rosidl_adapter: 3.1.6 (/opt/ros/humble/share/rosidl_adapter/cmake)
[2.032s] -- Found rosidl_generator_cpp: 3.1.6 (/opt/ros/humble/share/rosidl_generator_cpp/cmake)
[2.086s] -- Using all available rosidl_typesupport_c: rosidl_typesupport_fastrtps_c;rosidl_typesupport_introspection_c
[2.151s] -- Using all available rosidl_typesupport_cpp: rosidl_typesupport_fastrtps_cpp;rosidl_typesupport_introspection_cpp
[2.214s] -- Found rosidl_default_generators: 1.2.0 (/opt/ros/humble/share/rosidl_default_generators/cmake)
[3.572s] -- Found ament_cmake_ros: 0.10.0 (/opt/ros/humble/share/ament_cmake_ros/cmake)
[5.267s] -- Using all available rosidl_typesupport_c: rosidl_typesupport_fastrtps_c;rosidl_typesupport_introspection_c
[5.966s] -- Using all available rosidl_typesupport_cpp: rosidl_typesupport_fastrtps_cpp;rosidl_typesupport_introspection_cpp
[6.108s] -- Found PythonInterp: /usr/bin/python3 (found suitable version "3.10.12", minimum required is "3.6") 
[6.130s] -- Found python_cmake_module: 0.10.0 (/opt/ros/humble/share/python_cmake_module/cmake)
[6.363s] -- Found PythonLibs: /usr/lib/x86_64-linux-gnu/libpython3.10.so (found suitable version "3.10.12", minimum required is "3.5") 
[6.364s] -- Using PYTHON_EXECUTABLE: /usr/bin/python3
[6.365s] -- Using PYTHON_INCLUDE_DIRS: /usr/include/python3.10
[6.365s] -- Using PYTHON_LIBRARIES: /usr/lib/x86_64-linux-gnu/libpython3.10.so
[6.445s] -- Found PythonExtra: .so  
[6.739s] -- Configuring done
[6.949s] -- Generating done
[7.012s] -- Build files have been written to: /home/just-vitou/turtlebot3_workspace/build/dynamixel_sdk_custom_interfaces
[7.047s] Invoked command in '/home/just-vitou/turtlebot3_workspace/build/dynamixel_sdk_custom_interfaces' returned '0': CMAKE_PREFIX_PATH=${CMAKE_PREFIX_PATH}:/home/just-vitou/ros2_ws/install/turtlebot_prac:/home/just-vitou/ros2_ws/install/my_robot_controller:/home/just-vitou/turtlebot3_ws/install/turtlebot3_teleop:/home/just-vitou/turtlebot3_ws/install/turtlebot3_example:/home/just-vitou/turtlebot3_ws/install/potential_field:/opt/ros/humble /usr/bin/cmake /home/just-vitou/turtlebot3_workspace/src/DynamixelSDK/ros/dynamixel_sdk_custom_interfaces -DAMENT_CMAKE_SYMLINK_INSTALL=1 -DCMAKE_INSTALL_PREFIX=/home/just-vitou/turtlebot3_workspace/install/dynamixel_sdk_custom_interfaces
[7.048s] Invoking command in '/home/just-vitou/turtlebot3_workspace/build/dynamixel_sdk_custom_interfaces': CMAKE_PREFIX_PATH=${CMAKE_PREFIX_PATH}:/home/just-vitou/ros2_ws/install/turtlebot_prac:/home/just-vitou/ros2_ws/install/my_robot_controller:/home/just-vitou/turtlebot3_ws/install/turtlebot3_teleop:/home/just-vitou/turtlebot3_ws/install/turtlebot3_example:/home/just-vitou/turtlebot3_ws/install/potential_field:/opt/ros/humble /usr/bin/cmake --build /home/just-vitou/turtlebot3_workspace/build/dynamixel_sdk_custom_interfaces -- -j4 -l4
[7.178s] [  2%] [34m[1mGenerating C code for ROS interfaces[0m
[7.226s] [  5%] [34m[1mGenerating C++ code for ROS interfaces[0m
[7.244s] [  5%] Built target ament_cmake_python_symlink_dynamixel_sdk_custom_interfaces
[8.197s] running egg_info
[8.197s] creating dynamixel_sdk_custom_interfaces.egg-info
[8.198s] writing dynamixel_sdk_custom_interfaces.egg-info/PKG-INFO
[8.198s] writing dependency_links to dynamixel_sdk_custom_interfaces.egg-info/dependency_links.txt
[8.199s] writing top-level names to dynamixel_sdk_custom_interfaces.egg-info/top_level.txt
[8.199s] writing manifest file 'dynamixel_sdk_custom_interfaces.egg-info/SOURCES.txt'
[8.210s] reading manifest file 'dynamixel_sdk_custom_interfaces.egg-info/SOURCES.txt'
[8.216s] writing manifest file 'dynamixel_sdk_custom_interfaces.egg-info/SOURCES.txt'
[8.322s] [  5%] Built target ament_cmake_python_build_dynamixel_sdk_custom_interfaces_egg
[9.140s] [  7%] [32mBuilding C object CMakeFiles/dynamixel_sdk_custom_interfaces__rosidl_generator_c.dir/rosidl_generator_c/dynamixel_sdk_custom_interfaces/msg/detail/set_position__functions.c.o[0m
[9.161s] [ 10%] [32mBuilding C object CMakeFiles/dynamixel_sdk_custom_interfaces__rosidl_generator_c.dir/rosidl_generator_c/dynamixel_sdk_custom_interfaces/srv/detail/get_position__functions.c.o[0m
[9.181s] [ 10%] Built target dynamixel_sdk_custom_interfaces__cpp
[9.238s] [ 12%] [34m[1mGenerating C++ type support for eProsima Fast-RTPS[0m
[9.246s] [ 15%] [34m[1mGenerating C++ type support dispatch for ROS interfaces[0m
[9.482s] [ 17%] [34m[1mGenerating C++ introspection for ROS interfaces[0m
[9.612s] [ 20%] [32m[1mLinking C shared library libdynamixel_sdk_custom_interfaces__rosidl_generator_c.so[0m
[9.805s] [ 20%] Built target dynamixel_sdk_custom_interfaces__rosidl_generator_c
[9.844s] [ 23%] [34m[1mGenerating C type support for eProsima Fast-RTPS[0m
[11.764s] [ 25%] [32mBuilding CXX object CMakeFiles/dynamixel_sdk_custom_interfaces__rosidl_typesupport_cpp.dir/rosidl_typesupport_cpp/dynamixel_sdk_custom_interfaces/msg/set_position__type_support.cpp.o[0m
[12.241s] [ 28%] [32mBuilding CXX object CMakeFiles/dynamixel_sdk_custom_interfaces__rosidl_typesupport_fastrtps_cpp.dir/rosidl_typesupport_fastrtps_cpp/dynamixel_sdk_custom_interfaces/msg/detail/dds_fastrtps/set_position__type_support.cpp.o[0m
[12.247s] [ 30%] [32mBuilding CXX object CMakeFiles/dynamixel_sdk_custom_interfaces__rosidl_typesupport_introspection_cpp.dir/rosidl_typesupport_introspection_cpp/dynamixel_sdk_custom_interfaces/msg/detail/set_position__type_support.cpp.o[0m
[12.518s] [ 33%] [32mBuilding CXX object CMakeFiles/dynamixel_sdk_custom_interfaces__rosidl_typesupport_fastrtps_c.dir/rosidl_typesupport_fastrtps_c/dynamixel_sdk_custom_interfaces/msg/detail/set_position__type_support_c.cpp.o[0m
[13.061s] [ 35%] [32mBuilding CXX object CMakeFiles/dynamixel_sdk_custom_interfaces__rosidl_typesupport_cpp.dir/rosidl_typesupport_cpp/dynamixel_sdk_custom_interfaces/srv/get_position__type_support.cpp.o[0m
[13.669s] [ 38%] [32mBuilding CXX object CMakeFiles/dynamixel_sdk_custom_interfaces__rosidl_typesupport_introspection_cpp.dir/rosidl_typesupport_introspection_cpp/dynamixel_sdk_custom_interfaces/srv/detail/get_position__type_support.cpp.o[0m
[13.928s] [ 41%] [32m[1mLinking CXX shared library libdynamixel_sdk_custom_interfaces__rosidl_typesupport_cpp.so[0m
[14.141s] [ 41%] Built target dynamixel_sdk_custom_interfaces__rosidl_typesupport_cpp
[14.188s] [ 43%] [32mBuilding CXX object CMakeFiles/dynamixel_sdk_custom_interfaces__rosidl_typesupport_fastrtps_cpp.dir/rosidl_typesupport_fastrtps_cpp/dynamixel_sdk_custom_interfaces/srv/detail/dds_fastrtps/get_position__type_support.cpp.o[0m
[14.569s] [ 46%] [32mBuilding CXX object CMakeFiles/dynamixel_sdk_custom_interfaces__rosidl_typesupport_fastrtps_c.dir/rosidl_typesupport_fastrtps_c/dynamixel_sdk_custom_interfaces/srv/detail/get_position__type_support_c.cpp.o[0m
[14.600s] [ 48%] [34m[1mGenerating C introspection for ROS interfaces[0m
[15.943s] [ 51%] [32m[1mLinking CXX shared library libdynamixel_sdk_custom_interfaces__rosidl_typesupport_fastrtps_c.so[0m
[16.233s] [ 53%] [32m[1mLinking CXX shared library libdynamixel_sdk_custom_interfaces__rosidl_typesupport_fastrtps_cpp.so[0m
[16.611s] [ 53%] Built target dynamixel_sdk_custom_interfaces__rosidl_typesupport_fastrtps_c
[16.648s] [ 56%] [34m[1mGenerating C type support dispatch for ROS interfaces[0m
[16.785s] [ 58%] [32m[1mLinking CXX shared library libdynamixel_sdk_custom_interfaces__rosidl_typesupport_introspection_cpp.so[0m
[16.842s] [ 58%] Built target dynamixel_sdk_custom_interfaces__rosidl_typesupport_fastrtps_cpp
[17.057s] [ 58%] Built target dynamixel_sdk_custom_interfaces__rosidl_typesupport_introspection_cpp
[17.317s] [ 61%] [32mBuilding C object CMakeFiles/dynamixel_sdk_custom_interfaces__rosidl_typesupport_introspection_c.dir/rosidl_typesupport_introspection_c/dynamixel_sdk_custom_interfaces/srv/detail/get_position__type_support.c.o[0m
[17.336s] [ 64%] [32mBuilding C object CMakeFiles/dynamixel_sdk_custom_interfaces__rosidl_typesupport_introspection_c.dir/rosidl_typesupport_introspection_c/dynamixel_sdk_custom_interfaces/msg/detail/set_position__type_support.c.o[0m
[17.545s] [ 66%] [32m[1mLinking C shared library libdynamixel_sdk_custom_interfaces__rosidl_typesupport_introspection_c.so[0m
[17.710s] [ 66%] Built target dynamixel_sdk_custom_interfaces__rosidl_typesupport_introspection_c
[17.991s] [ 69%] [32mBuilding CXX object CMakeFiles/dynamixel_sdk_custom_interfaces__rosidl_typesupport_c.dir/rosidl_typesupport_c/dynamixel_sdk_custom_interfaces/msg/set_position__type_support.cpp.o[0m
[17.995s] [ 71%] [32mBuilding CXX object CMakeFiles/dynamixel_sdk_custom_interfaces__rosidl_typesupport_c.dir/rosidl_typesupport_c/dynamixel_sdk_custom_interfaces/srv/get_position__type_support.cpp.o[0m
[18.154s] [ 74%] [32m[1mLinking CXX shared library libdynamixel_sdk_custom_interfaces__rosidl_typesupport_c.so[0m
[18.332s] [ 74%] Built target dynamixel_sdk_custom_interfaces__rosidl_typesupport_c
[18.426s] [ 74%] Built target dynamixel_sdk_custom_interfaces
[18.525s] [ 76%] [34m[1mGenerating Python code for ROS interfaces[0m
[20.860s] [ 76%] Built target dynamixel_sdk_custom_interfaces__py
[20.937s] [ 79%] [32mBuilding C object CMakeFiles/dynamixel_sdk_custom_interfaces__rosidl_generator_py.dir/rosidl_generator_py/dynamixel_sdk_custom_interfaces/msg/_set_position_s.c.o[0m
[20.952s] [ 82%] [32mBuilding C object CMakeFiles/dynamixel_sdk_custom_interfaces__rosidl_generator_py.dir/rosidl_generator_py/dynamixel_sdk_custom_interfaces/srv/_get_position_s.c.o[0m
[21.562s] [ 84%] [32m[1mLinking C shared library rosidl_generator_py/dynamixel_sdk_custom_interfaces/libdynamixel_sdk_custom_interfaces__rosidl_generator_py.so[0m
[21.742s] [ 84%] Built target dynamixel_sdk_custom_interfaces__rosidl_generator_py
[21.840s] [ 87%] [32mBuilding C object CMakeFiles/dynamixel_sdk_custom_interfaces__rosidl_typesupport_c__pyext.dir/rosidl_generator_py/dynamixel_sdk_custom_interfaces/_dynamixel_sdk_custom_interfaces_s.ep.rosidl_typesupport_c.c.o[0m
[21.860s] [ 89%] [32mBuilding C object CMakeFiles/dynamixel_sdk_custom_interfaces__rosidl_typesupport_introspection_c__pyext.dir/rosidl_generator_py/dynamixel_sdk_custom_interfaces/_dynamixel_sdk_custom_interfaces_s.ep.rosidl_typesupport_introspection_c.c.o[0m
[21.864s] [ 92%] [32mBuilding C object CMakeFiles/dynamixel_sdk_custom_interfaces__rosidl_typesupport_fastrtps_c__pyext.dir/rosidl_generator_py/dynamixel_sdk_custom_interfaces/_dynamixel_sdk_custom_interfaces_s.ep.rosidl_typesupport_fastrtps_c.c.o[0m
[22.294s] [ 94%] [32m[1mLinking C shared library rosidl_generator_py/dynamixel_sdk_custom_interfaces/dynamixel_sdk_custom_interfaces_s__rosidl_typesupport_c.cpython-310-x86_64-linux-gnu.so[0m
[22.305s] [ 97%] [32m[1mLinking C shared library rosidl_generator_py/dynamixel_sdk_custom_interfaces/dynamixel_sdk_custom_interfaces_s__rosidl_typesupport_introspection_c.cpython-310-x86_64-linux-gnu.so[0m
[22.391s] [ 97%] Built target dynamixel_sdk_custom_interfaces__rosidl_typesupport_c__pyext
[22.425s] [ 97%] Built target dynamixel_sdk_custom_interfaces__rosidl_typesupport_introspection_c__pyext
[22.438s] [100%] [32m[1mLinking C shared library rosidl_generator_py/dynamixel_sdk_custom_interfaces/dynamixel_sdk_custom_interfaces_s__rosidl_typesupport_fastrtps_c.cpython-310-x86_64-linux-gnu.so[0m
[22.638s] [100%] Built target dynamixel_sdk_custom_interfaces__rosidl_typesupport_fastrtps_c__pyext
[22.698s] Invoked command in '/home/just-vitou/turtlebot3_workspace/build/dynamixel_sdk_custom_interfaces' returned '0': CMAKE_PREFIX_PATH=${CMAKE_PREFIX_PATH}:/home/just-vitou/ros2_ws/install/turtlebot_prac:/home/just-vitou/ros2_ws/install/my_robot_controller:/home/just-vitou/turtlebot3_ws/install/turtlebot3_teleop:/home/just-vitou/turtlebot3_ws/install/turtlebot3_example:/home/just-vitou/turtlebot3_ws/install/potential_field:/opt/ros/humble /usr/bin/cmake --build /home/just-vitou/turtlebot3_workspace/build/dynamixel_sdk_custom_interfaces -- -j4 -l4
[22.709s] Invoking command in '/home/just-vitou/turtlebot3_workspace/build/dynamixel_sdk_custom_interfaces': CMAKE_PREFIX_PATH=${CMAKE_PREFIX_PATH}:/home/just-vitou/ros2_ws/install/turtlebot_prac:/home/just-vitou/ros2_ws/install/my_robot_controller:/home/just-vitou/turtlebot3_ws/install/turtlebot3_teleop:/home/just-vitou/turtlebot3_ws/install/turtlebot3_example:/home/just-vitou/turtlebot3_ws/install/potential_field:/opt/ros/humble /usr/bin/cmake --install /home/just-vitou/turtlebot3_workspace/build/dynamixel_sdk_custom_interfaces
[22.734s] -- Install configuration: ""
[22.734s] -- Execute custom install script
[22.735s] -- Symlinking: /home/just-vitou/turtlebot3_workspace/install/dynamixel_sdk_custom_interfaces/share/ament_index/resource_index/rosidl_interfaces/dynamixel_sdk_custom_interfaces
[22.758s] -- Symlinking: /home/just-vitou/turtlebot3_workspace/install/dynamixel_sdk_custom_interfaces/include/dynamixel_sdk_custom_interfaces/dynamixel_sdk_custom_interfaces/msg/detail/set_position__functions.h
[22.780s] -- Symlinking: /home/just-vitou/turtlebot3_workspace/install/dynamixel_sdk_custom_interfaces/include/dynamixel_sdk_custom_interfaces/dynamixel_sdk_custom_interfaces/msg/detail/set_position__struct.h
[22.802s] -- Symlinking: /home/just-vitou/turtlebot3_workspace/install/dynamixel_sdk_custom_interfaces/include/dynamixel_sdk_custom_interfaces/dynamixel_sdk_custom_interfaces/msg/detail/set_position__type_support.h
[22.827s] -- Symlinking: /home/just-vitou/turtlebot3_workspace/install/dynamixel_sdk_custom_interfaces/include/dynamixel_sdk_custom_interfaces/dynamixel_sdk_custom_interfaces/msg/rosidl_generator_c__visibility_control.h
[22.849s] -- Symlinking: /home/just-vitou/turtlebot3_workspace/install/dynamixel_sdk_custom_interfaces/include/dynamixel_sdk_custom_interfaces/dynamixel_sdk_custom_interfaces/msg/set_position.h
[22.883s] -- Symlinking: /home/just-vitou/turtlebot3_workspace/install/dynamixel_sdk_custom_interfaces/include/dynamixel_sdk_custom_interfaces/dynamixel_sdk_custom_interfaces/srv/detail/get_position__functions.h
[22.909s] -- Symlinking: /home/just-vitou/turtlebot3_workspace/install/dynamixel_sdk_custom_interfaces/include/dynamixel_sdk_custom_interfaces/dynamixel_sdk_custom_interfaces/srv/detail/get_position__struct.h
[22.935s] -- Symlinking: /home/just-vitou/turtlebot3_workspace/install/dynamixel_sdk_custom_interfaces/include/dynamixel_sdk_custom_interfaces/dynamixel_sdk_custom_interfaces/srv/detail/get_position__type_support.h
[22.961s] -- Symlinking: /home/just-vitou/turtlebot3_workspace/install/dynamixel_sdk_custom_interfaces/include/dynamixel_sdk_custom_interfaces/dynamixel_sdk_custom_interfaces/srv/get_position.h
[22.987s] -- Symlinking: /home/just-vitou/turtlebot3_workspace/install/dynamixel_sdk_custom_interfaces/share/dynamixel_sdk_custom_interfaces/environment/library_path.sh
[23.012s] -- Symlinking: /home/just-vitou/turtlebot3_workspace/install/dynamixel_sdk_custom_interfaces/share/dynamixel_sdk_custom_interfaces/environment/library_path.dsv
[23.039s] -- Symlinking: /home/just-vitou/turtlebot3_workspace/install/dynamixel_sdk_custom_interfaces/include/dynamixel_sdk_custom_interfaces/dynamixel_sdk_custom_interfaces/msg/detail/set_position__rosidl_typesupport_fastrtps_c.h
[23.062s] -- Symlinking: /home/just-vitou/turtlebot3_workspace/install/dynamixel_sdk_custom_interfaces/include/dynamixel_sdk_custom_interfaces/dynamixel_sdk_custom_interfaces/msg/rosidl_typesupport_fastrtps_c__visibility_control.h
[23.094s] -- Symlinking: /home/just-vitou/turtlebot3_workspace/install/dynamixel_sdk_custom_interfaces/include/dynamixel_sdk_custom_interfaces/dynamixel_sdk_custom_interfaces/srv/detail/get_position__rosidl_typesupport_fastrtps_c.h
[23.125s] -- Symlinking: /home/just-vitou/turtlebot3_workspace/install/dynamixel_sdk_custom_interfaces/include/dynamixel_sdk_custom_interfaces/dynamixel_sdk_custom_interfaces/msg/detail/set_position__builder.hpp
[23.146s] -- Symlinking: /home/just-vitou/turtlebot3_workspace/install/dynamixel_sdk_custom_interfaces/include/dynamixel_sdk_custom_interfaces/dynamixel_sdk_custom_interfaces/msg/detail/set_position__struct.hpp
[23.169s] -- Symlinking: /home/just-vitou/turtlebot3_workspace/install/dynamixel_sdk_custom_interfaces/include/dynamixel_sdk_custom_interfaces/dynamixel_sdk_custom_interfaces/msg/detail/set_position__traits.hpp
[23.192s] -- Symlinking: /home/just-vitou/turtlebot3_workspace/install/dynamixel_sdk_custom_interfaces/include/dynamixel_sdk_custom_interfaces/dynamixel_sdk_custom_interfaces/msg/detail/set_position__type_support.hpp
[23.215s] -- Symlinking: /home/just-vitou/turtlebot3_workspace/install/dynamixel_sdk_custom_interfaces/include/dynamixel_sdk_custom_interfaces/dynamixel_sdk_custom_interfaces/msg/rosidl_generator_cpp__visibility_control.hpp
[23.241s] -- Symlinking: /home/just-vitou/turtlebot3_workspace/install/dynamixel_sdk_custom_interfaces/include/dynamixel_sdk_custom_interfaces/dynamixel_sdk_custom_interfaces/msg/set_position.hpp
[23.263s] -- Symlinking: /home/just-vitou/turtlebot3_workspace/install/dynamixel_sdk_custom_interfaces/include/dynamixel_sdk_custom_interfaces/dynamixel_sdk_custom_interfaces/srv/detail/get_position__builder.hpp
[23.299s] -- Symlinking: /home/just-vitou/turtlebot3_workspace/install/dynamixel_sdk_custom_interfaces/include/dynamixel_sdk_custom_interfaces/dynamixel_sdk_custom_interfaces/srv/detail/get_position__struct.hpp
[23.325s] -- Symlinking: /home/just-vitou/turtlebot3_workspace/install/dynamixel_sdk_custom_interfaces/include/dynamixel_sdk_custom_interfaces/dynamixel_sdk_custom_interfaces/srv/detail/get_position__traits.hpp
[23.349s] -- Symlinking: /home/just-vitou/turtlebot3_workspace/install/dynamixel_sdk_custom_interfaces/include/dynamixel_sdk_custom_interfaces/dynamixel_sdk_custom_interfaces/srv/detail/get_position__type_support.hpp
[23.372s] -- Symlinking: /home/just-vitou/turtlebot3_workspace/install/dynamixel_sdk_custom_interfaces/include/dynamixel_sdk_custom_interfaces/dynamixel_sdk_custom_interfaces/srv/get_position.hpp
[23.396s] -- Symlinking: /home/just-vitou/turtlebot3_workspace/install/dynamixel_sdk_custom_interfaces/include/dynamixel_sdk_custom_interfaces/dynamixel_sdk_custom_interfaces/msg/detail/set_position__rosidl_typesupport_fastrtps_cpp.hpp
[23.424s] -- Symlinking: /home/just-vitou/turtlebot3_workspace/install/dynamixel_sdk_custom_interfaces/include/dynamixel_sdk_custom_interfaces/dynamixel_sdk_custom_interfaces/msg/rosidl_typesupport_fastrtps_cpp__visibility_control.h
[23.448s] -- Symlinking: /home/just-vitou/turtlebot3_workspace/install/dynamixel_sdk_custom_interfaces/include/dynamixel_sdk_custom_interfaces/dynamixel_sdk_custom_interfaces/srv/detail/get_position__rosidl_typesupport_fastrtps_cpp.hpp
[23.471s] -- Symlinking: /home/just-vitou/turtlebot3_workspace/install/dynamixel_sdk_custom_interfaces/include/dynamixel_sdk_custom_interfaces/dynamixel_sdk_custom_interfaces/msg/detail/set_position__rosidl_typesupport_introspection_c.h
[23.500s] -- Symlinking: /home/just-vitou/turtlebot3_workspace/install/dynamixel_sdk_custom_interfaces/include/dynamixel_sdk_custom_interfaces/dynamixel_sdk_custom_interfaces/msg/rosidl_typesupport_introspection_c__visibility_control.h
[23.521s] -- Symlinking: /home/just-vitou/turtlebot3_workspace/install/dynamixel_sdk_custom_interfaces/include/dynamixel_sdk_custom_interfaces/dynamixel_sdk_custom_interfaces/srv/detail/get_position__rosidl_typesupport_introspection_c.h
[23.545s] -- Symlinking: /home/just-vitou/turtlebot3_workspace/install/dynamixel_sdk_custom_interfaces/include/dynamixel_sdk_custom_interfaces/dynamixel_sdk_custom_interfaces/msg/detail/set_position__rosidl_typesupport_introspection_cpp.hpp
[23.565s] -- Symlinking: /home/just-vitou/turtlebot3_workspace/install/dynamixel_sdk_custom_interfaces/include/dynamixel_sdk_custom_interfaces/dynamixel_sdk_custom_interfaces/srv/detail/get_position__rosidl_typesupport_introspection_cpp.hpp
[23.588s] -- Symlinking: /home/just-vitou/turtlebot3_workspace/install/dynamixel_sdk_custom_interfaces/share/dynamixel_sdk_custom_interfaces/environment/pythonpath.sh
[23.609s] -- Symlinking: /home/just-vitou/turtlebot3_workspace/install/dynamixel_sdk_custom_interfaces/share/dynamixel_sdk_custom_interfaces/environment/pythonpath.dsv
[23.633s] -- Symlinking: /home/just-vitou/turtlebot3_workspace/install/dynamixel_sdk_custom_interfaces/local/lib/python3.10/dist-packages/dynamixel_sdk_custom_interfaces-3.8.4-py3.10.egg-info/PKG-INFO
[23.659s] -- Symlinking: /home/just-vitou/turtlebot3_workspace/install/dynamixel_sdk_custom_interfaces/local/lib/python3.10/dist-packages/dynamixel_sdk_custom_interfaces-3.8.4-py3.10.egg-info/SOURCES.txt
[23.686s] -- Symlinking: /home/just-vitou/turtlebot3_workspace/install/dynamixel_sdk_custom_interfaces/local/lib/python3.10/dist-packages/dynamixel_sdk_custom_interfaces-3.8.4-py3.10.egg-info/dependency_links.txt
[23.709s] -- Symlinking: /home/just-vitou/turtlebot3_workspace/install/dynamixel_sdk_custom_interfaces/local/lib/python3.10/dist-packages/dynamixel_sdk_custom_interfaces-3.8.4-py3.10.egg-info/top_level.txt
[23.739s] -- Symlinking: /home/just-vitou/turtlebot3_workspace/install/dynamixel_sdk_custom_interfaces/local/lib/python3.10/dist-packages/dynamixel_sdk_custom_interfaces/__init__.py
[23.763s] -- Symlinking: /home/just-vitou/turtlebot3_workspace/install/dynamixel_sdk_custom_interfaces/local/lib/python3.10/dist-packages/dynamixel_sdk_custom_interfaces/_dynamixel_sdk_custom_interfaces_s.ep.rosidl_typesupport_c.c
[23.788s] -- Symlinking: /home/just-vitou/turtlebot3_workspace/install/dynamixel_sdk_custom_interfaces/local/lib/python3.10/dist-packages/dynamixel_sdk_custom_interfaces/_dynamixel_sdk_custom_interfaces_s.ep.rosidl_typesupport_fastrtps_c.c
[23.811s] -- Symlinking: /home/just-vitou/turtlebot3_workspace/install/dynamixel_sdk_custom_interfaces/local/lib/python3.10/dist-packages/dynamixel_sdk_custom_interfaces/_dynamixel_sdk_custom_interfaces_s.ep.rosidl_typesupport_introspection_c.c
[23.844s] -- Symlinking: /home/just-vitou/turtlebot3_workspace/install/dynamixel_sdk_custom_interfaces/local/lib/python3.10/dist-packages/dynamixel_sdk_custom_interfaces/dynamixel_sdk_custom_interfaces_s__rosidl_typesupport_c.cpython-310-x86_64-linux-gnu.so
[23.865s] -- Symlinking: /home/just-vitou/turtlebot3_workspace/install/dynamixel_sdk_custom_interfaces/local/lib/python3.10/dist-packages/dynamixel_sdk_custom_interfaces/dynamixel_sdk_custom_interfaces_s__rosidl_typesupport_fastrtps_c.cpython-310-x86_64-linux-gnu.so
[23.897s] -- Symlinking: /home/just-vitou/turtlebot3_workspace/install/dynamixel_sdk_custom_interfaces/local/lib/python3.10/dist-packages/dynamixel_sdk_custom_interfaces/dynamixel_sdk_custom_interfaces_s__rosidl_typesupport_introspection_c.cpython-310-x86_64-linux-gnu.so
[23.948s] -- Symlinking: /home/just-vitou/turtlebot3_workspace/install/dynamixel_sdk_custom_interfaces/local/lib/python3.10/dist-packages/dynamixel_sdk_custom_interfaces/libdynamixel_sdk_custom_interfaces__rosidl_generator_py.so
[23.994s] -- Symlinking: /home/just-vitou/turtlebot3_workspace/install/dynamixel_sdk_custom_interfaces/local/lib/python3.10/dist-packages/dynamixel_sdk_custom_interfaces/msg/__init__.py
[24.016s] -- Symlinking: /home/just-vitou/turtlebot3_workspace/install/dynamixel_sdk_custom_interfaces/local/lib/python3.10/dist-packages/dynamixel_sdk_custom_interfaces/msg/_set_position.py
[24.039s] -- Symlinking: /home/just-vitou/turtlebot3_workspace/install/dynamixel_sdk_custom_interfaces/local/lib/python3.10/dist-packages/dynamixel_sdk_custom_interfaces/msg/_set_position_s.c
[24.061s] -- Symlinking: /home/just-vitou/turtlebot3_workspace/install/dynamixel_sdk_custom_interfaces/local/lib/python3.10/dist-packages/dynamixel_sdk_custom_interfaces/srv/__init__.py
[24.081s] -- Symlinking: /home/just-vitou/turtlebot3_workspace/install/dynamixel_sdk_custom_interfaces/local/lib/python3.10/dist-packages/dynamixel_sdk_custom_interfaces/srv/_get_position.py
[24.100s] -- Symlinking: /home/just-vitou/turtlebot3_workspace/install/dynamixel_sdk_custom_interfaces/local/lib/python3.10/dist-packages/dynamixel_sdk_custom_interfaces/srv/_get_position_s.c
[24.124s] -- Up-to-date symlink: /home/just-vitou/turtlebot3_workspace/install/dynamixel_sdk_custom_interfaces/local/lib/python3.10/dist-packages/dynamixel_sdk_custom_interfaces/dynamixel_sdk_custom_interfaces_s__rosidl_typesupport_fastrtps_c.cpython-310-x86_64-linux-gnu.so
[24.125s] -- Up-to-date symlink: /home/just-vitou/turtlebot3_workspace/install/dynamixel_sdk_custom_interfaces/local/lib/python3.10/dist-packages/dynamixel_sdk_custom_interfaces/dynamixel_sdk_custom_interfaces_s__rosidl_typesupport_introspection_c.cpython-310-x86_64-linux-gnu.so
[24.127s] -- Up-to-date symlink: /home/just-vitou/turtlebot3_workspace/install/dynamixel_sdk_custom_interfaces/local/lib/python3.10/dist-packages/dynamixel_sdk_custom_interfaces/dynamixel_sdk_custom_interfaces_s__rosidl_typesupport_c.cpython-310-x86_64-linux-gnu.so
[24.129s] -- Symlinking: /home/just-vitou/turtlebot3_workspace/install/dynamixel_sdk_custom_interfaces/share/dynamixel_sdk_custom_interfaces/msg/SetPosition.idl
[24.181s] -- Symlinking: /home/just-vitou/turtlebot3_workspace/install/dynamixel_sdk_custom_interfaces/share/dynamixel_sdk_custom_interfaces/srv/GetPosition.idl
[24.231s] -- Symlinking: /home/just-vitou/turtlebot3_workspace/install/dynamixel_sdk_custom_interfaces/share/dynamixel_sdk_custom_interfaces/msg/SetPosition.msg
[24.274s] -- Symlinking: /home/just-vitou/turtlebot3_workspace/install/dynamixel_sdk_custom_interfaces/share/dynamixel_sdk_custom_interfaces/srv/GetPosition.srv
[24.322s] -- Symlinking: /home/just-vitou/turtlebot3_workspace/install/dynamixel_sdk_custom_interfaces/share/dynamixel_sdk_custom_interfaces/srv/GetPosition_Request.msg
[24.368s] -- Symlinking: /home/just-vitou/turtlebot3_workspace/install/dynamixel_sdk_custom_interfaces/share/dynamixel_sdk_custom_interfaces/srv/GetPosition_Response.msg
[24.411s] -- Symlinking: /home/just-vitou/turtlebot3_workspace/install/dynamixel_sdk_custom_interfaces/share/ament_index/resource_index/package_run_dependencies/dynamixel_sdk_custom_interfaces
[24.451s] -- Symlinking: /home/just-vitou/turtlebot3_workspace/install/dynamixel_sdk_custom_interfaces/share/ament_index/resource_index/parent_prefix_path/dynamixel_sdk_custom_interfaces
[24.488s] -- Symlinking: /home/just-vitou/turtlebot3_workspace/install/dynamixel_sdk_custom_interfaces/share/dynamixel_sdk_custom_interfaces/environment/ament_prefix_path.sh
[24.524s] -- Symlinking: /home/just-vitou/turtlebot3_workspace/install/dynamixel_sdk_custom_interfaces/share/dynamixel_sdk_custom_interfaces/environment/ament_prefix_path.dsv
[24.550s] -- Symlinking: /home/just-vitou/turtlebot3_workspace/install/dynamixel_sdk_custom_interfaces/share/dynamixel_sdk_custom_interfaces/environment/path.sh
[24.567s] -- Symlinking: /home/just-vitou/turtlebot3_workspace/install/dynamixel_sdk_custom_interfaces/share/dynamixel_sdk_custom_interfaces/environment/path.dsv
[24.588s] -- Symlinking: /home/just-vitou/turtlebot3_workspace/install/dynamixel_sdk_custom_interfaces/share/dynamixel_sdk_custom_interfaces/local_setup.bash
[24.610s] -- Symlinking: /home/just-vitou/turtlebot3_workspace/install/dynamixel_sdk_custom_interfaces/share/dynamixel_sdk_custom_interfaces/local_setup.sh
[24.634s] -- Symlinking: /home/just-vitou/turtlebot3_workspace/install/dynamixel_sdk_custom_interfaces/share/dynamixel_sdk_custom_interfaces/local_setup.zsh
[24.656s] -- Symlinking: /home/just-vitou/turtlebot3_workspace/install/dynamixel_sdk_custom_interfaces/share/dynamixel_sdk_custom_interfaces/local_setup.dsv
[24.677s] -- Symlinking: /home/just-vitou/turtlebot3_workspace/install/dynamixel_sdk_custom_interfaces/share/dynamixel_sdk_custom_interfaces/package.dsv
[24.699s] -- Symlinking: /home/just-vitou/turtlebot3_workspace/install/dynamixel_sdk_custom_interfaces/share/ament_index/resource_index/packages/dynamixel_sdk_custom_interfaces
[24.725s] -- Symlinking: /home/just-vitou/turtlebot3_workspace/install/dynamixel_sdk_custom_interfaces/share/dynamixel_sdk_custom_interfaces/cmake/rosidl_cmake-extras.cmake
[24.746s] -- Symlinking: /home/just-vitou/turtlebot3_workspace/install/dynamixel_sdk_custom_interfaces/share/dynamixel_sdk_custom_interfaces/cmake/ament_cmake_export_dependencies-extras.cmake
[24.790s] -- Symlinking: /home/just-vitou/turtlebot3_workspace/install/dynamixel_sdk_custom_interfaces/share/dynamixel_sdk_custom_interfaces/cmake/ament_cmake_export_include_directories-extras.cmake
[24.832s] -- Symlinking: /home/just-vitou/turtlebot3_workspace/install/dynamixel_sdk_custom_interfaces/share/dynamixel_sdk_custom_interfaces/cmake/ament_cmake_export_libraries-extras.cmake
[24.879s] -- Symlinking: /home/just-vitou/turtlebot3_workspace/install/dynamixel_sdk_custom_interfaces/share/dynamixel_sdk_custom_interfaces/cmake/ament_cmake_export_targets-extras.cmake
[24.929s] -- Symlinking: /home/just-vitou/turtlebot3_workspace/install/dynamixel_sdk_custom_interfaces/share/dynamixel_sdk_custom_interfaces/cmake/rosidl_cmake_export_typesupport_targets-extras.cmake
[24.974s] -- Symlinking: /home/just-vitou/turtlebot3_workspace/install/dynamixel_sdk_custom_interfaces/share/dynamixel_sdk_custom_interfaces/cmake/rosidl_cmake_export_typesupport_libraries-extras.cmake
[25.014s] -- Symlinking: /home/just-vitou/turtlebot3_workspace/install/dynamixel_sdk_custom_interfaces/share/dynamixel_sdk_custom_interfaces/cmake/dynamixel_sdk_custom_interfacesConfig.cmake
[25.062s] -- Symlinking: /home/just-vitou/turtlebot3_workspace/install/dynamixel_sdk_custom_interfaces/share/dynamixel_sdk_custom_interfaces/cmake/dynamixel_sdk_custom_interfacesConfig-version.cmake
[25.106s] -- Symlinking: /home/just-vitou/turtlebot3_workspace/install/dynamixel_sdk_custom_interfaces/share/dynamixel_sdk_custom_interfaces/package.xml
[25.156s] -- Installing: /home/just-vitou/turtlebot3_workspace/install/dynamixel_sdk_custom_interfaces/lib/libdynamixel_sdk_custom_interfaces__rosidl_generator_c.so
[25.157s] -- Set runtime path of "/home/just-vitou/turtlebot3_workspace/install/dynamixel_sdk_custom_interfaces/lib/libdynamixel_sdk_custom_interfaces__rosidl_generator_c.so" to ""
[25.160s] -- Installing: /home/just-vitou/turtlebot3_workspace/install/dynamixel_sdk_custom_interfaces/lib/libdynamixel_sdk_custom_interfaces__rosidl_typesupport_fastrtps_c.so
[25.160s] -- Set runtime path of "/home/just-vitou/turtlebot3_workspace/install/dynamixel_sdk_custom_interfaces/lib/libdynamixel_sdk_custom_interfaces__rosidl_typesupport_fastrtps_c.so" to ""
[25.161s] -- Installing: /home/just-vitou/turtlebot3_workspace/install/dynamixel_sdk_custom_interfaces/lib/libdynamixel_sdk_custom_interfaces__rosidl_typesupport_fastrtps_cpp.so
[25.167s] -- Set runtime path of "/home/just-vitou/turtlebot3_workspace/install/dynamixel_sdk_custom_interfaces/lib/libdynamixel_sdk_custom_interfaces__rosidl_typesupport_fastrtps_cpp.so" to ""
[25.167s] -- Installing: /home/just-vitou/turtlebot3_workspace/install/dynamixel_sdk_custom_interfaces/lib/libdynamixel_sdk_custom_interfaces__rosidl_typesupport_introspection_c.so
[25.169s] -- Set runtime path of "/home/just-vitou/turtlebot3_workspace/install/dynamixel_sdk_custom_interfaces/lib/libdynamixel_sdk_custom_interfaces__rosidl_typesupport_introspection_c.so" to ""
[25.169s] -- Installing: /home/just-vitou/turtlebot3_workspace/install/dynamixel_sdk_custom_interfaces/lib/libdynamixel_sdk_custom_interfaces__rosidl_typesupport_c.so
[25.170s] -- Set runtime path of "/home/just-vitou/turtlebot3_workspace/install/dynamixel_sdk_custom_interfaces/lib/libdynamixel_sdk_custom_interfaces__rosidl_typesupport_c.so" to ""
[25.170s] -- Installing: /home/just-vitou/turtlebot3_workspace/install/dynamixel_sdk_custom_interfaces/lib/libdynamixel_sdk_custom_interfaces__rosidl_typesupport_introspection_cpp.so
[25.176s] -- Set runtime path of "/home/just-vitou/turtlebot3_workspace/install/dynamixel_sdk_custom_interfaces/lib/libdynamixel_sdk_custom_interfaces__rosidl_typesupport_introspection_cpp.so" to ""
[25.176s] -- Installing: /home/just-vitou/turtlebot3_workspace/install/dynamixel_sdk_custom_interfaces/lib/libdynamixel_sdk_custom_interfaces__rosidl_typesupport_cpp.so
[25.177s] -- Set runtime path of "/home/just-vitou/turtlebot3_workspace/install/dynamixel_sdk_custom_interfaces/lib/libdynamixel_sdk_custom_interfaces__rosidl_typesupport_cpp.so" to ""
[25.319s] Listing '/home/just-vitou/turtlebot3_workspace/install/dynamixel_sdk_custom_interfaces/local/lib/python3.10/dist-packages/dynamixel_sdk_custom_interfaces'...
[25.319s] Compiling '/home/just-vitou/turtlebot3_workspace/install/dynamixel_sdk_custom_interfaces/local/lib/python3.10/dist-packages/dynamixel_sdk_custom_interfaces/__init__.py'...
[25.319s] Listing '/home/just-vitou/turtlebot3_workspace/install/dynamixel_sdk_custom_interfaces/local/lib/python3.10/dist-packages/dynamixel_sdk_custom_interfaces/msg'...
[25.320s] Compiling '/home/just-vitou/turtlebot3_workspace/install/dynamixel_sdk_custom_interfaces/local/lib/python3.10/dist-packages/dynamixel_sdk_custom_interfaces/msg/__init__.py'...
[25.320s] Compiling '/home/just-vitou/turtlebot3_workspace/install/dynamixel_sdk_custom_interfaces/local/lib/python3.10/dist-packages/dynamixel_sdk_custom_interfaces/msg/_set_position.py'...
[25.320s] Listing '/home/just-vitou/turtlebot3_workspace/install/dynamixel_sdk_custom_interfaces/local/lib/python3.10/dist-packages/dynamixel_sdk_custom_interfaces/srv'...
[25.320s] Compiling '/home/just-vitou/turtlebot3_workspace/install/dynamixel_sdk_custom_interfaces/local/lib/python3.10/dist-packages/dynamixel_sdk_custom_interfaces/srv/__init__.py'...
[25.320s] Compiling '/home/just-vitou/turtlebot3_workspace/install/dynamixel_sdk_custom_interfaces/local/lib/python3.10/dist-packages/dynamixel_sdk_custom_interfaces/srv/_get_position.py'...
[25.343s] -- Installing: /home/just-vitou/turtlebot3_workspace/install/dynamixel_sdk_custom_interfaces/lib/libdynamixel_sdk_custom_interfaces__rosidl_generator_py.so
[25.343s] -- Set runtime path of "/home/just-vitou/turtlebot3_workspace/install/dynamixel_sdk_custom_interfaces/lib/libdynamixel_sdk_custom_interfaces__rosidl_generator_py.so" to ""
[25.343s] -- Installing: /home/just-vitou/turtlebot3_workspace/install/dynamixel_sdk_custom_interfaces/share/dynamixel_sdk_custom_interfaces/cmake/export_dynamixel_sdk_custom_interfaces__rosidl_generator_cExport.cmake
[25.344s] -- Installing: /home/just-vitou/turtlebot3_workspace/install/dynamixel_sdk_custom_interfaces/share/dynamixel_sdk_custom_interfaces/cmake/export_dynamixel_sdk_custom_interfaces__rosidl_generator_cExport-noconfig.cmake
[25.344s] -- Installing: /home/just-vitou/turtlebot3_workspace/install/dynamixel_sdk_custom_interfaces/share/dynamixel_sdk_custom_interfaces/cmake/export_dynamixel_sdk_custom_interfaces__rosidl_typesupport_fastrtps_cExport.cmake
[25.344s] -- Installing: /home/just-vitou/turtlebot3_workspace/install/dynamixel_sdk_custom_interfaces/share/dynamixel_sdk_custom_interfaces/cmake/export_dynamixel_sdk_custom_interfaces__rosidl_typesupport_fastrtps_cExport-noconfig.cmake
[25.344s] -- Installing: /home/just-vitou/turtlebot3_workspace/install/dynamixel_sdk_custom_interfaces/share/dynamixel_sdk_custom_interfaces/cmake/export_dynamixel_sdk_custom_interfaces__rosidl_generator_cppExport.cmake
[25.345s] -- Installing: /home/just-vitou/turtlebot3_workspace/install/dynamixel_sdk_custom_interfaces/share/dynamixel_sdk_custom_interfaces/cmake/export_dynamixel_sdk_custom_interfaces__rosidl_typesupport_fastrtps_cppExport.cmake
[25.345s] -- Installing: /home/just-vitou/turtlebot3_workspace/install/dynamixel_sdk_custom_interfaces/share/dynamixel_sdk_custom_interfaces/cmake/export_dynamixel_sdk_custom_interfaces__rosidl_typesupport_fastrtps_cppExport-noconfig.cmake
[25.345s] -- Installing: /home/just-vitou/turtlebot3_workspace/install/dynamixel_sdk_custom_interfaces/share/dynamixel_sdk_custom_interfaces/cmake/dynamixel_sdk_custom_interfaces__rosidl_typesupport_introspection_cExport.cmake
[25.348s] -- Installing: /home/just-vitou/turtlebot3_workspace/install/dynamixel_sdk_custom_interfaces/share/dynamixel_sdk_custom_interfaces/cmake/dynamixel_sdk_custom_interfaces__rosidl_typesupport_introspection_cExport-noconfig.cmake
[25.348s] -- Installing: /home/just-vitou/turtlebot3_workspace/install/dynamixel_sdk_custom_interfaces/share/dynamixel_sdk_custom_interfaces/cmake/dynamixel_sdk_custom_interfaces__rosidl_typesupport_cExport.cmake
[25.349s] -- Installing: /home/just-vitou/turtlebot3_workspace/install/dynamixel_sdk_custom_interfaces/share/dynamixel_sdk_custom_interfaces/cmake/dynamixel_sdk_custom_interfaces__rosidl_typesupport_cExport-noconfig.cmake
[25.349s] -- Installing: /home/just-vitou/turtlebot3_workspace/install/dynamixel_sdk_custom_interfaces/share/dynamixel_sdk_custom_interfaces/cmake/dynamixel_sdk_custom_interfaces__rosidl_typesupport_introspection_cppExport.cmake
[25.349s] -- Installing: /home/just-vitou/turtlebot3_workspace/install/dynamixel_sdk_custom_interfaces/share/dynamixel_sdk_custom_interfaces/cmake/dynamixel_sdk_custom_interfaces__rosidl_typesupport_introspection_cppExport-noconfig.cmake
[25.349s] -- Installing: /home/just-vitou/turtlebot3_workspace/install/dynamixel_sdk_custom_interfaces/share/dynamixel_sdk_custom_interfaces/cmake/dynamixel_sdk_custom_interfaces__rosidl_typesupport_cppExport.cmake
[25.349s] -- Installing: /home/just-vitou/turtlebot3_workspace/install/dynamixel_sdk_custom_interfaces/share/dynamixel_sdk_custom_interfaces/cmake/dynamixel_sdk_custom_interfaces__rosidl_typesupport_cppExport-noconfig.cmake
[25.350s] -- Installing: /home/just-vitou/turtlebot3_workspace/install/dynamixel_sdk_custom_interfaces/share/dynamixel_sdk_custom_interfaces/cmake/export_dynamixel_sdk_custom_interfaces__rosidl_generator_pyExport.cmake
[25.350s] -- Installing: /home/just-vitou/turtlebot3_workspace/install/dynamixel_sdk_custom_interfaces/share/dynamixel_sdk_custom_interfaces/cmake/export_dynamixel_sdk_custom_interfaces__rosidl_generator_pyExport-noconfig.cmake
[25.356s] Invoked command in '/home/just-vitou/turtlebot3_workspace/build/dynamixel_sdk_custom_interfaces' returned '0': CMAKE_PREFIX_PATH=${CMAKE_PREFIX_PATH}:/home/just-vitou/ros2_ws/install/turtlebot_prac:/home/just-vitou/ros2_ws/install/my_robot_controller:/home/just-vitou/turtlebot3_ws/install/turtlebot3_teleop:/home/just-vitou/turtlebot3_ws/install/turtlebot3_example:/home/just-vitou/turtlebot3_ws/install/potential_field:/opt/ros/humble /usr/bin/cmake --install /home/just-vitou/turtlebot3_workspace/build/dynamixel_sdk_custom_interfaces
