[0.085s] Invoking command in '/home/just-vitou/turtlebot3_workspace/build/turtlebot3_cartographer': CMAKE_PREFIX_PATH=${CMAKE_PREFIX_PATH}:/home/just-vitou/turtlebot3_workspace/install/turtlebot3_teleop:/home/just-vitou/turtlebot3_workspace/install/turtlebot3_example:/home/just-vitou/ros2_ws/install/turtlebot_prac:/home/just-vitou/ros2_ws/install/my_robot_controller:/home/just-vitou/turtlebot3_ws/install/turtlebot3_teleop:/home/just-vitou/turtlebot3_ws/install/turtlebot3_example:/home/just-vitou/turtlebot3_ws/install/potential_field:/opt/ros/humble /usr/bin/cmake --build /home/just-vitou/turtlebot3_workspace/build/turtlebot3_cartographer -- -j4 -l4
[0.251s] Invoked command in '/home/just-vitou/turtlebot3_workspace/build/turtlebot3_cartographer' returned '0': CMAKE_PREFIX_PATH=${CMAKE_PREFIX_PATH}:/home/just-vitou/turtlebot3_workspace/install/turtlebot3_teleop:/home/just-vitou/turtlebot3_workspace/install/turtlebot3_example:/home/just-vitou/ros2_ws/install/turtlebot_prac:/home/just-vitou/ros2_ws/install/my_robot_controller:/home/just-vitou/turtlebot3_ws/install/turtlebot3_teleop:/home/just-vitou/turtlebot3_ws/install/turtlebot3_example:/home/just-vitou/turtlebot3_ws/install/potential_field:/opt/ros/humble /usr/bin/cmake --build /home/just-vitou/turtlebot3_workspace/build/turtlebot3_cartographer -- -j4 -l4
[0.263s] Invoking command in '/home/just-vitou/turtlebot3_workspace/build/turtlebot3_cartographer': CMAKE_PREFIX_PATH=${CMAKE_PREFIX_PATH}:/home/just-vitou/turtlebot3_workspace/install/turtlebot3_teleop:/home/just-vitou/turtlebot3_workspace/install/turtlebot3_example:/home/just-vitou/ros2_ws/install/turtlebot_prac:/home/just-vitou/ros2_ws/install/my_robot_controller:/home/just-vitou/turtlebot3_ws/install/turtlebot3_teleop:/home/just-vitou/turtlebot3_ws/install/turtlebot3_example:/home/just-vitou/turtlebot3_ws/install/potential_field:/opt/ros/humble /usr/bin/cmake --install /home/just-vitou/turtlebot3_workspace/build/turtlebot3_cartographer
[0.304s] -- Install configuration: ""
[0.305s] -- Execute custom install script
[0.307s] -- Up-to-date symlink: /home/just-vitou/turtlebot3_workspace/install/turtlebot3_cartographer/share/turtlebot3_cartographer/config/turtlebot3_lds_2d.lua
[0.310s] -- Up-to-date symlink: /home/just-vitou/turtlebot3_workspace/install/turtlebot3_cartographer/share/turtlebot3_cartographer/launch/cartographer.launch.py
[0.314s] -- Up-to-date symlink: /home/just-vitou/turtlebot3_workspace/install/turtlebot3_cartographer/share/turtlebot3_cartographer/launch/occupancy_grid.launch.py
[0.315s] -- Up-to-date symlink: /home/just-vitou/turtlebot3_workspace/install/turtlebot3_cartographer/share/turtlebot3_cartographer/rviz/tb3_cartographer.rviz
[0.315s] -- Up-to-date symlink: /home/just-vitou/turtlebot3_workspace/install/turtlebot3_cartographer/share/ament_index/resource_index/package_run_dependencies/turtlebot3_cartographer
[0.316s] -- Up-to-date symlink: /home/just-vitou/turtlebot3_workspace/install/turtlebot3_cartographer/share/ament_index/resource_index/parent_prefix_path/turtlebot3_cartographer
[0.319s] -- Up-to-date symlink: /home/just-vitou/turtlebot3_workspace/install/turtlebot3_cartographer/share/turtlebot3_cartographer/environment/ament_prefix_path.sh
[0.322s] -- Up-to-date symlink: /home/just-vitou/turtlebot3_workspace/install/turtlebot3_cartographer/share/turtlebot3_cartographer/environment/ament_prefix_path.dsv
[0.323s] -- Up-to-date symlink: /home/just-vitou/turtlebot3_workspace/install/turtlebot3_cartographer/share/turtlebot3_cartographer/environment/path.sh
[0.324s] -- Up-to-date symlink: /home/just-vitou/turtlebot3_workspace/install/turtlebot3_cartographer/share/turtlebot3_cartographer/environment/path.dsv
[0.325s] -- Up-to-date symlink: /home/just-vitou/turtlebot3_workspace/install/turtlebot3_cartographer/share/turtlebot3_cartographer/local_setup.bash
[0.332s] -- Up-to-date symlink: /home/just-vitou/turtlebot3_workspace/install/turtlebot3_cartographer/share/turtlebot3_cartographer/local_setup.sh
[0.332s] -- Up-to-date symlink: /home/just-vitou/turtlebot3_workspace/install/turtlebot3_cartographer/share/turtlebot3_cartographer/local_setup.zsh
[0.333s] -- Up-to-date symlink: /home/just-vitou/turtlebot3_workspace/install/turtlebot3_cartographer/share/turtlebot3_cartographer/local_setup.dsv
[0.333s] -- Symlinking: /home/just-vitou/turtlebot3_workspace/install/turtlebot3_cartographer/share/turtlebot3_cartographer/package.dsv
[0.382s] -- Up-to-date symlink: /home/just-vitou/turtlebot3_workspace/install/turtlebot3_cartographer/share/ament_index/resource_index/packages/turtlebot3_cartographer
[0.382s] -- Up-to-date symlink: /home/just-vitou/turtlebot3_workspace/install/turtlebot3_cartographer/share/turtlebot3_cartographer/cmake/turtlebot3_cartographerConfig.cmake
[0.385s] -- Up-to-date symlink: /home/just-vitou/turtlebot3_workspace/install/turtlebot3_cartographer/share/turtlebot3_cartographer/cmake/turtlebot3_cartographerConfig-version.cmake
[0.387s] -- Up-to-date symlink: /home/just-vitou/turtlebot3_workspace/install/turtlebot3_cartographer/share/turtlebot3_cartographer/package.xml
[0.404s] Invoked command in '/home/just-vitou/turtlebot3_workspace/build/turtlebot3_cartographer' returned '0': CMAKE_PREFIX_PATH=${CMAKE_PREFIX_PATH}:/home/just-vitou/turtlebot3_workspace/install/turtlebot3_teleop:/home/just-vitou/turtlebot3_workspace/install/turtlebot3_example:/home/just-vitou/ros2_ws/install/turtlebot_prac:/home/just-vitou/ros2_ws/install/my_robot_controller:/home/just-vitou/turtlebot3_ws/install/turtlebot3_teleop:/home/just-vitou/turtlebot3_ws/install/turtlebot3_example:/home/just-vitou/turtlebot3_ws/install/potential_field:/opt/ros/humble /usr/bin/cmake --install /home/just-vitou/turtlebot3_workspace/build/turtlebot3_cartographer
